
g = 1
   1.  a-seq=[0, 1]  a-number=1  type-seq=[]  sum=0  Isog=[]


g = 2
   1.  a-seq=[0, 0, 1, 1]  a-number=1  type-seq=[2]  sum=2  Isog=[1]
   2.  a-seq=[0, 1, 0, 1]  a-number=2  type-seq=[1]  sum=1  Isog=[1]


g = 3
   1.  a-seq=[0, 0, 0, 1, 1, 1]  a-number=1  type-seq=[2, 3, 4]  sum=9  Isog=[2, 1]
   2.  a-seq=[0, 0, 1, 1, 0, 1]  a-number=2  type-seq=[1, 2, 4]  sum=7  Isog=[1, 1, 1]
   3.  a-seq=[0, 0, 1, 0, 1, 1]  a-number=2  type-seq=[1, 2, 5]  sum=8  Isog=[1, 1, 1]
   4.  a-seq=[0, 1, 0, 1, 0, 1]  a-number=3  type-seq=[1, 1, 1]  sum=3  Isog=[1, 1, 1]


g = 4
   1.  a-seq=[0, 0, 0, 0, 1, 1, 1, 1]  a-number=1  type-seq=[2, 3, 4, 4, 5, 6]  sum=24  Isog=[3, 2, 1]
   2.  a-seq=[0, 0, 0, 1, 1, 1, 0, 1]  a-number=2  type-seq=[1, 2, 3, 4, 5, 6]  sum=21  Isog=[2, 2, 1, 1]
   3.  a-seq=[0, 0, 1, 0, 0, 1, 1, 1]  a-number=2  type-seq=[1, 2, 2, 4, 6, 7]  sum=22  Isog=[2, 2, 1, 1]
   4.  a-seq=[0, 0, 0, 1, 0, 1, 1, 1]  a-number=2  type-seq=[1, 2, 3, 4, 6, 7]  sum=23  Isog=[2, 2, 1, 1]
   5.  a-seq=[0, 0, 0, 1, 1, 0, 1, 1]  a-number=2  type-seq=[1, 2, 2, 4, 6, 7]  sum=22  Isog=[2, 2, 1, 1]
   6.  a-seq=[0, 0, 1, 1, 0, 1, 0, 1]  a-number=3  type-seq=[1, 1, 1, 2, 4, 6]  sum=15  Isog=[1, 1, 1, 1, 1, 1]
   7.  a-seq=[0, 0, 1, 0, 1, 1, 0, 1]  a-number=3  type-seq=[1, 1, 1, 2, 4, 7]  sum=16  Isog=[2, 1, 1, 1, 1]
   8.  a-seq=[0, 0, 1, 1, 0, 0, 1, 1]  a-number=2  type-seq=[1, 2, 2, 2, 2, 3]  sum=12  Isog=[2, 1, 1, 1, 1]
   9.  a-seq=[0, 0, 1, 0, 1, 0, 1, 1]  a-number=3  type-seq=[1, 1, 1, 2, 3, 5]  sum=13  Isog=[1, 1, 1, 1, 1, 1]
  10.  a-seq=[0, 1, 0, 1, 0, 1, 0, 1]  a-number=4  type-seq=[1, 1, 1, 1, 1, 1]  sum=6  Isog=[1, 1, 1, 1, 1, 1]


g = 5
   1.  a-seq=[0, 0, 0, 0, 0, 1, 1, 1, 1, 1]  a-number=1  type-seq=[2, 3, 4, 4, 5, 5, 6, 6, 7, 8]  sum=50  Isog=[4, 3, 2, 1]
   2.  a-seq=[0, 0, 0, 0, 1, 1, 1, 1, 0, 1]  a-number=2  type-seq=[1, 2, 3, 4, 4, 5, 6, 6, 7, 8]  sum=46  Isog=[3, 3, 2, 1, 1]
   3.  a-seq=[0, 0, 0, 1, 1, 1, 1, 0, 0, 1]  a-number=2  type-seq=[1, 2, 2, 3, 4, 5, 6, 7, 8, 9]  sum=47  Isog=[3, 2, 2, 2, 1]
   4.  a-seq=[0, 0, 0, 1, 0, 0, 1, 1, 1, 1]  a-number=2  type-seq=[1, 2, 2, 3, 4, 5, 6, 8, 8, 9]  sum=48  Isog=[3, 2, 2, 2, 1]
   5.  a-seq=[0, 0, 0, 0, 1, 0, 1, 1, 1, 1]  a-number=2  type-seq=[1, 2, 3, 4, 4, 5, 6, 7, 8, 9]  sum=49  Isog=[3, 3, 2, 1, 1]
   6.  a-seq=[0, 0, 0, 0, 1, 1, 1, 0, 1, 1]  a-number=2  type-seq=[1, 2, 2, 3, 4, 5, 6, 7, 8, 9]  sum=47  Isog=[3, 2, 2, 2, 1]
   7.  a-seq=[0, 0, 0, 1, 1, 1, 0, 1, 0, 1]  a-number=3  type-seq=[1, 1, 1, 2, 3, 4, 5, 6, 7, 8]  sum=38  Isog=[2, 2, 2, 1, 1, 1, 1]
   8.  a-seq=[0, 0, 1, 0, 0, 1, 1, 1, 0, 1]  a-number=3  type-seq=[1, 1, 1, 2, 2, 4, 5, 6, 8, 9]  sum=39  Isog=[2, 2, 2, 1, 1, 1, 1]
   9.  a-seq=[0, 0, 0, 1, 0, 1, 1, 1, 0, 1]  a-number=3  type-seq=[1, 1, 1, 2, 3, 4, 5, 6, 8, 9]  sum=40  Isog=[3, 2, 2, 1, 1, 1]
  10.  a-seq=[0, 0, 0, 1, 1, 1, 0, 0, 1, 1]  a-number=2  type-seq=[1, 2, 2, 2, 2, 3, 3, 4, 7, 8]  sum=34  Isog=[2, 2, 2, 1, 1, 1, 1]
  11.  a-seq=[0, 0, 1, 0, 1, 0, 0, 1, 1, 1]  a-number=3  type-seq=[1, 1, 1, 2, 2, 3, 4, 4, 8, 9]  sum=35  Isog=[2, 2, 2, 1, 1, 1, 1]
  12.  a-seq=[0, 0, 1, 0, 0, 1, 0, 1, 1, 1]  a-number=3  type-seq=[1, 1, 1, 2, 2, 4, 4, 6, 6, 9]  sum=36  Isog=[2, 2, 2, 1, 1, 1, 1]
  13.  a-seq=[0, 0, 0, 1, 1, 0, 0, 1, 1, 1]  a-number=2  type-seq=[1, 2, 2, 2, 2, 3, 3, 4, 8, 9]  sum=36  Isog=[2, 2, 2, 1, 1, 1, 1]
  14.  a-seq=[0, 0, 0, 1, 0, 1, 0, 1, 1, 1]  a-number=3  type-seq=[1, 1, 1, 2, 3, 3, 4, 6, 7, 9]  sum=37  Isog=[2, 2, 2, 1, 1, 1, 1]
  15.  a-seq=[0, 0, 0, 0, 1, 1, 0, 1, 1, 1]  a-number=2  type-seq=[1, 2, 2, 3, 4, 5, 6, 8, 8, 9]  sum=48  Isog=[3, 2, 2, 2, 1]
  16.  a-seq=[0, 0, 0, 1, 1, 0, 1, 1, 0, 1]  a-number=3  type-seq=[1, 1, 1, 2, 2, 4, 5, 6, 8, 9]  sum=39  Isog=[2, 2, 2, 1, 1, 1, 1]
  17.  a-seq=[0, 0, 1, 0, 0, 1, 1, 0, 1, 1]  a-number=3  type-seq=[1, 1, 1, 2, 2, 2, 2, 5, 6, 8]  sum=30  Isog=[2, 2, 1, 1, 1, 1, 1, 1]
  18.  a-seq=[0, 0, 0, 1, 0, 1, 1, 0, 1, 1]  a-number=3  type-seq=[1, 1, 1, 2, 2, 4, 4, 6, 6, 9]  sum=36  Isog=[2, 2, 2, 1, 1, 1, 1]
  19.  a-seq=[0, 0, 0, 1, 1, 0, 1, 0, 1, 1]  a-number=3  type-seq=[1, 1, 1, 2, 2, 3, 4, 4, 8, 9]  sum=35  Isog=[2, 2, 2, 1, 1, 1, 1]
  20.  a-seq=[0, 0, 1, 1, 0, 1, 0, 1, 0, 1]  a-number=4  type-seq=[1, 1, 1, 1, 1, 1, 2, 4, 6, 8]  sum=26  Isog=[1, 1, 1, 1, 1, 1, 1, 1, 1, 1]
  21.  a-seq=[0, 0, 1, 0, 1, 1, 0, 1, 0, 1]  a-number=4  type-seq=[1, 1, 1, 1, 1, 1, 2, 4, 6, 9]  sum=27  Isog=[2, 1, 1, 1, 1, 1, 1, 1, 1]
  22.  a-seq=[0, 0, 1, 1, 0, 0, 1, 1, 0, 1]  a-number=3  type-seq=[1, 1, 1, 2, 2, 2, 2, 3, 4, 9]  sum=27  Isog=[2, 1, 1, 1, 1, 1, 1, 1, 1]
  23.  a-seq=[0, 0, 1, 0, 1, 0, 1, 1, 0, 1]  a-number=4  type-seq=[1, 1, 1, 1, 1, 1, 2, 4, 7, 9]  sum=28  Isog=[2, 1, 1, 1, 1, 1, 1, 1, 1]
  24.  a-seq=[0, 0, 1, 0, 1, 1, 0, 0, 1, 1]  a-number=3  type-seq=[1, 1, 1, 2, 2, 2, 2, 3, 5, 9]  sum=28  Isog=[2, 1, 1, 1, 1, 1, 1, 1, 1]
  25.  a-seq=[0, 0, 1, 0, 1, 0, 1, 0, 1, 1]  a-number=4  type-seq=[1, 1, 1, 1, 1, 1, 2, 3, 3, 5]  sum=19  Isog=[1, 1, 1, 1, 1, 1, 1, 1, 1, 1]
  26.  a-seq=[0, 1, 0, 1, 0, 1, 0, 1, 0, 1]  a-number=5  type-seq=[1, 1, 1, 1, 1, 1, 1, 1, 1, 1]  sum=10  Isog=[1, 1, 1, 1, 1, 1, 1, 1, 1, 1]


g = 6
   1.  a-seq=[0, 0, 0, 0, 0, 0, 1, 1, 1, 1, 1, 1]  a-number=1  type-seq=[2, 3, 4, 4, 5, 5, 6, 6, 6, 7, 7, 8, 8, 9, 10]  sum=90  Isog=[5, 4, 3, 2, 1]
   2.  a-seq=[0, 0, 0, 0, 0, 1, 1, 1, 1, 1, 0, 1]  a-number=2  type-seq=[1, 2, 3, 4, 4, 5, 5, 6, 6, 7, 7, 8, 8, 9, 10]  sum=85  Isog=[4, 4, 3, 2, 1, 1]
   3.  a-seq=[0, 0, 0, 0, 1, 1, 1, 1, 1, 0, 0, 1]  a-number=2  type-seq=[1, 2, 2, 3, 4, 4, 5, 6, 6, 7, 8, 8, 9, 10, 11]  sum=86  Isog=[4, 3, 3, 2, 2, 1]
   4.  a-seq=[0, 0, 0, 1, 0, 0, 0, 1, 1, 1, 1, 1]  a-number=2  type-seq=[1, 2, 2, 3, 3, 4, 5, 6, 6, 7, 8, 9, 10, 10, 11]  sum=87  Isog=[4, 3, 3, 2, 2, 1]
   5.  a-seq=[0, 0, 0, 0, 1, 0, 0, 1, 1, 1, 1, 1]  a-number=2  type-seq=[1, 2, 2, 3, 4, 4, 5, 6, 6, 7, 8, 9, 10, 10, 11]  sum=88  Isog=[4, 3, 3, 2, 2, 1]
   6.  a-seq=[0, 0, 0, 0, 0, 1, 0, 1, 1, 1, 1, 1]  a-number=2  type-seq=[1, 2, 3, 4, 4, 5, 5, 6, 6, 7, 8, 8, 9, 10, 11]  sum=89  Isog=[4, 4, 3, 2, 1, 1]
   7.  a-seq=[0, 0, 0, 0, 0, 1, 1, 1, 1, 0, 1, 1]  a-number=2  type-seq=[1, 2, 2, 3, 4, 4, 5, 6, 6, 7, 8, 8, 9, 10, 11]  sum=86  Isog=[4, 3, 3, 2, 2, 1]
   8.  a-seq=[0, 0, 0, 0, 1, 1, 1, 1, 0, 1, 0, 1]  a-number=3  type-seq=[1, 1, 1, 2, 3, 4, 4, 5, 6, 6, 7, 8, 8, 9, 10]  sum=75  Isog=[3, 3, 2, 2, 2, 1, 1, 1]
   9.  a-seq=[0, 0, 0, 1, 1, 1, 1, 0, 1, 0, 0, 1]  a-number=3  type-seq=[1, 1, 1, 2, 2, 3, 4, 5, 6, 6, 7, 8, 9, 10, 11]  sum=76  Isog=[3, 3, 2, 2, 2, 1, 1, 1]
  10.  a-seq=[0, 0, 0, 1, 0, 0, 1, 1, 1, 1, 0, 1]  a-number=3  type-seq=[1, 1, 1, 2, 2, 3, 4, 5, 6, 6, 7, 8, 10, 10, 11]  sum=77  Isog=[3, 3, 3, 2, 1, 1, 1, 1]
  11.  a-seq=[0, 0, 0, 0, 1, 0, 1, 1, 1, 1, 0, 1]  a-number=3  type-seq=[1, 1, 1, 2, 3, 4, 4, 5, 6, 6, 7, 8, 9, 10, 11]  sum=78  Isog=[4, 3, 3, 2, 1, 1, 1]
  12.  a-seq=[0, 0, 0, 0, 1, 1, 1, 1, 0, 0, 1, 1]  a-number=2  type-seq=[1, 2, 2, 2, 2, 3, 3, 4, 4, 5, 7, 8, 8, 9, 10]  sum=70  Isog=[3, 2, 2, 2, 2, 2, 1, 1]
  13.  a-seq=[0, 0, 0, 1, 1, 1, 1, 0, 0, 1, 0, 1]  a-number=3  type-seq=[1, 1, 1, 2, 2, 3, 3, 4, 4, 5, 7, 8, 9, 10, 11]  sum=71  Isog=[3, 2, 2, 2, 2, 2, 1, 1]
  14.  a-seq=[0, 0, 1, 0, 0, 1, 0, 0, 1, 1, 1, 1]  a-number=3  type-seq=[1, 1, 1, 2, 2, 2, 4, 4, 5, 5, 6, 8, 10, 10, 11]  sum=72  Isog=[3, 3, 2, 2, 2, 1, 1, 1]
  15.  a-seq=[0, 0, 0, 1, 0, 1, 1, 1, 1, 0, 0, 1]  a-number=3  type-seq=[1, 1, 1, 2, 2, 3, 4, 5, 5, 6, 7, 7, 8, 10, 11]  sum=73  Isog=[3, 3, 3, 2, 1, 1, 1, 1]
  16.  a-seq=[0, 0, 0, 1, 1, 0, 0, 0, 1, 1, 1, 1]  a-number=2  type-seq=[1, 2, 2, 2, 2, 3, 3, 3, 4, 4, 6, 9, 10, 10, 11]  sum=72  Isog=[3, 3, 2, 2, 2, 1, 1, 1]
  17.  a-seq=[0, 0, 0, 1, 0, 1, 0, 0, 1, 1, 1, 1]  a-number=3  type-seq=[1, 1, 1, 2, 2, 3, 3, 4, 4, 5, 6, 9, 10, 11, 11]  sum=73  Isog=[3, 2, 2, 2, 2, 2, 1, 1]
  18.  a-seq=[0, 0, 0, 1, 0, 0, 1, 0, 1, 1, 1, 1]  a-number=3  type-seq=[1, 1, 1, 2, 2, 3, 4, 4, 5, 6, 7, 8, 8, 11, 11]  sum=74  Isog=[3, 3, 2, 2, 2, 1, 1, 1]
  19.  a-seq=[0, 0, 0, 0, 1, 1, 0, 0, 1, 1, 1, 1]  a-number=2  type-seq=[1, 2, 2, 2, 2, 3, 3, 4, 4, 5, 6, 9, 10, 10, 11]  sum=74  Isog=[3, 2, 2, 2, 2, 2, 1, 1]
  20.  a-seq=[0, 0, 0, 0, 1, 0, 1, 0, 1, 1, 1, 1]  a-number=3  type-seq=[1, 1, 1, 2, 3, 3, 4, 4, 5, 6, 7, 8, 9, 10, 11]  sum=75  Isog=[3, 3, 2, 2, 2, 1, 1, 1]
  21.  a-seq=[0, 0, 0, 0, 0, 1, 1, 0, 1, 1, 1, 1]  a-number=2  type-seq=[1, 2, 2, 3, 4, 4, 5, 6, 6, 7, 8, 9, 10, 10, 11]  sum=88  Isog=[4, 3, 3, 2, 2, 1]
  22.  a-seq=[0, 0, 0, 0, 0, 1, 1, 1, 0, 1, 1, 1]  a-number=2  type-seq=[1, 2, 2, 3, 3, 4, 5, 6, 6, 7, 8, 9, 10, 10, 11]  sum=87  Isog=[4, 3, 3, 2, 2, 1]
  23.  a-seq=[0, 0, 0, 0, 1, 1, 1, 0, 1, 1, 0, 1]  a-number=3  type-seq=[1, 1, 1, 2, 2, 3, 4, 5, 6, 6, 7, 8, 9, 10, 11]  sum=76  Isog=[3, 3, 2, 2, 2, 1, 1, 1]
  24.  a-seq=[0, 0, 0, 1, 1, 1, 0, 1, 1, 0, 0, 1]  a-number=3  type-seq=[1, 1, 1, 2, 2, 2, 2, 3, 5, 6, 6, 7, 8, 9, 10]  sum=65  Isog=[3, 2, 2, 2, 1, 1, 1, 1, 1, 1]
  25.  a-seq=[0, 0, 0, 1, 0, 0, 1, 1, 1, 0, 1, 1]  a-number=3  type-seq=[1, 1, 1, 2, 2, 2, 2, 3, 4, 6, 6, 7, 8, 10, 11]  sum=66  Isog=[3, 3, 2, 2, 1, 1, 1, 1, 1]
  26.  a-seq=[0, 0, 0, 0, 1, 0, 1, 1, 1, 0, 1, 1]  a-number=3  type-seq=[1, 1, 1, 2, 2, 3, 4, 5, 5, 6, 7, 7, 8, 10, 11]  sum=73  Isog=[3, 3, 3, 2, 1, 1, 1, 1]
  27.  a-seq=[0, 0, 0, 0, 1, 1, 1, 0, 1, 0, 1, 1]  a-number=3  type-seq=[1, 1, 1, 2, 2, 3, 3, 4, 4, 5, 7, 8, 9, 10, 11]  sum=71  Isog=[3, 2, 2, 2, 2, 2, 1, 1]
  28.  a-seq=[0, 0, 0, 1, 1, 1, 0, 1, 0, 1, 0, 1]  a-number=4  type-seq=[1, 1, 1, 1, 1, 1, 2, 3, 4, 5, 6, 7, 8, 9, 10]  sum=60  Isog=[2, 2, 2, 2, 1, 1, 1, 1, 1, 1, 1]
  29.  a-seq=[0, 0, 1, 0, 0, 1, 1, 1, 0, 1, 0, 1]  a-number=4  type-seq=[1, 1, 1, 1, 1, 1, 2, 2, 4, 5, 6, 7, 8, 10, 11]  sum=61  Isog=[2, 2, 2, 2, 1, 1, 1, 1, 1, 1, 1]
  30.  a-seq=[0, 0, 0, 1, 0, 1, 1, 1, 0, 1, 0, 1]  a-number=4  type-seq=[1, 1, 1, 1, 1, 1, 2, 3, 4, 5, 6, 7, 8, 10, 11]  sum=62  Isog=[3, 2, 2, 2, 1, 1, 1, 1, 1, 1]
  31.  a-seq=[0, 0, 0, 1, 1, 1, 0, 1, 0, 0, 1, 1]  a-number=3  type-seq=[1, 1, 1, 2, 2, 2, 2, 3, 3, 4, 4, 6, 9, 10, 11]  sum=61  Isog=[2, 2, 2, 2, 2, 1, 1, 1, 1, 1]
  32.  a-seq=[0, 0, 1, 0, 1, 0, 0, 1, 1, 1, 0, 1]  a-number=4  type-seq=[1, 1, 1, 1, 1, 1, 2, 2, 4, 4, 6, 6, 10, 11, 11]  sum=62  Isog=[2, 2, 2, 2, 1, 1, 1, 1, 1, 1, 1]
  33.  a-seq=[0, 0, 1, 0, 0, 1, 0, 1, 1, 1, 0, 1]  a-number=4  type-seq=[1, 1, 1, 1, 1, 1, 2, 2, 4, 5, 6, 8, 8, 11, 11]  sum=63  Isog=[3, 2, 2, 2, 1, 1, 1, 1, 1, 1]
  34.  a-seq=[0, 0, 0, 1, 1, 0, 0, 1, 1, 1, 0, 1]  a-number=3  type-seq=[1, 1, 1, 2, 2, 2, 2, 3, 3, 4, 5, 6, 10, 10, 11]  sum=63  Isog=[2, 2, 2, 2, 2, 1, 1, 1, 1, 1]
  35.  a-seq=[0, 0, 0, 1, 0, 1, 0, 1, 1, 1, 0, 1]  a-number=4  type-seq=[1, 1, 1, 1, 1, 1, 2, 3, 4, 5, 6, 8, 9, 10, 11]  sum=64  Isog=[3, 2, 2, 2, 1, 1, 1, 1, 1, 1]
  36.  a-seq=[0, 0, 0, 0, 1, 1, 0, 1, 1, 1, 0, 1]  a-number=3  type-seq=[1, 1, 1, 2, 2, 3, 4, 5, 6, 6, 7, 8, 10, 10, 11]  sum=77  Isog=[3, 3, 3, 2, 1, 1, 1, 1]
  37.  a-seq=[0, 0, 0, 0, 1, 1, 1, 0, 0, 1, 1, 1]  a-number=2  type-seq=[1, 2, 2, 2, 2, 3, 3, 3, 4, 4, 6, 9, 10, 10, 11]  sum=72  Isog=[3, 3, 2, 2, 2, 1, 1, 1]
  38.  a-seq=[0, 0, 0, 1, 1, 1, 0, 0, 1, 1, 0, 1]  a-number=3  type-seq=[1, 1, 1, 2, 2, 2, 2, 3, 3, 4, 4, 6, 9, 10, 11]  sum=61  Isog=[2, 2, 2, 2, 2, 1, 1, 1, 1, 1]
  39.  a-seq=[0, 0, 1, 0, 0, 1, 1, 1, 0, 0, 1, 1]  a-number=3  type-seq=[1, 1, 1, 2, 2, 2, 2, 2, 2, 3, 4, 8, 10, 11, 11]  sum=62  Isog=[2, 2, 2, 2, 1, 1, 1, 1, 1, 1, 1]
  40.  a-seq=[0, 0, 0, 1, 0, 1, 1, 1, 0, 0, 1, 1]  a-number=3  type-seq=[1, 1, 1, 2, 2, 2, 2, 3, 3, 4, 6, 7, 8, 10, 11]  sum=63  Isog=[2, 2, 2, 2, 2, 1, 1, 1, 1, 1]
  41.  a-seq=[0, 0, 0, 1, 1, 1, 0, 0, 1, 0, 1, 1]  a-number=3  type-seq=[1, 1, 1, 2, 2, 2, 2, 3, 3, 4, 4, 4, 5, 6, 10]  sum=50  Isog=[2, 2, 2, 2, 1, 1, 1, 1, 1, 1, 1]
  42.  a-seq=[0, 0, 1, 0, 1, 0, 1, 0, 0, 1, 1, 1]  a-number=4  type-seq=[1, 1, 1, 1, 1, 1, 2, 2, 3, 3, 4, 4, 6, 10, 11]  sum=51  Isog=[2, 2, 2, 2, 1, 1, 1, 1, 1, 1, 1]
  43.  a-seq=[0, 0, 1, 0, 1, 0, 0, 1, 0, 1, 1, 1]  a-number=4  type-seq=[1, 1, 1, 1, 1, 1, 2, 2, 3, 4, 4, 4, 8, 8, 11]  sum=52  Isog=[2, 2, 2, 2, 1, 1, 1, 1, 1, 1, 1]
  44.  a-seq=[0, 0, 1, 0, 0, 1, 1, 0, 0, 1, 1, 1]  a-number=3  type-seq=[1, 1, 1, 2, 2, 2, 2, 2, 2, 3, 4, 6, 6, 7, 11]  sum=52  Isog=[2, 2, 2, 2, 1, 1, 1, 1, 1, 1, 1]
  45.  a-seq=[0, 0, 1, 0, 0, 1, 0, 1, 0, 1, 1, 1]  a-number=4  type-seq=[1, 1, 1, 1, 1, 1, 2, 2, 3, 4, 4, 6, 6, 9, 11]  sum=53  Isog=[2, 2, 2, 2, 1, 1, 1, 1, 1, 1, 1]
  46.  a-seq=[0, 0, 0, 1, 1, 0, 1, 1, 1, 0, 0, 1]  a-number=3  type-seq=[1, 1, 1, 2, 2, 2, 2, 3, 4, 6, 6, 7, 8, 10, 11]  sum=66  Isog=[3, 3, 2, 2, 1, 1, 1, 1, 1]
  47.  a-seq=[0, 0, 0, 1, 1, 1, 0, 0, 0, 1, 1, 1]  a-number=2  type-seq=[1, 2, 2, 2, 2, 3, 3, 3, 3, 3, 4, 4, 4, 4, 5]  sum=45  Isog=[3, 2, 2, 2, 2, 1, 1, 1, 1]
  48.  a-seq=[0, 0, 0, 1, 1, 0, 1, 0, 0, 1, 1, 1]  a-number=3  type-seq=[1, 1, 1, 2, 2, 2, 2, 3, 3, 4, 4, 4, 4, 5, 8]  sum=46  Isog=[2, 2, 2, 2, 1, 1, 1, 1, 1, 1, 1]
  49.  a-seq=[0, 0, 0, 1, 1, 0, 0, 1, 0, 1, 1, 1]  a-number=3  type-seq=[1, 1, 1, 2, 2, 2, 2, 3, 3, 4, 4, 5, 7, 11, 11]  sum=59  Isog=[2, 2, 2, 2, 2, 1, 1, 1, 1, 1]
  50.  a-seq=[0, 0, 0, 1, 0, 1, 1, 0, 0, 1, 1, 1]  a-number=3  type-seq=[1, 1, 1, 2, 2, 2, 2, 3, 3, 4, 4, 5, 7, 11, 11]  sum=59  Isog=[2, 2, 2, 2, 2, 1, 1, 1, 1, 1]
  51.  a-seq=[0, 0, 0, 1, 0, 1, 0, 1, 0, 1, 1, 1]  a-number=4  type-seq=[1, 1, 1, 1, 1, 1, 2, 3, 3, 3, 4, 5, 6, 7, 9]  sum=48  Isog=[2, 2, 2, 2, 1, 1, 1, 1, 1, 1, 1]
  52.  a-seq=[0, 0, 0, 1, 0, 0, 1, 1, 0, 1, 1, 1]  a-number=3  type-seq=[1, 1, 1, 2, 2, 2, 2, 3, 4, 5, 6, 7, 7, 8, 10]  sum=61  Isog=[3, 2, 2, 2, 1, 1, 1, 1, 1, 1]
  53.  a-seq=[0, 0, 0, 0, 1, 1, 0, 1, 0, 1, 1, 1]  a-number=3  type-seq=[1, 1, 1, 2, 2, 3, 3, 4, 4, 5, 6, 9, 10, 11, 11]  sum=73  Isog=[3, 2, 2, 2, 2, 2, 1, 1]
  54.  a-seq=[0, 0, 0, 0, 1, 0, 1, 1, 0, 1, 1, 1]  a-number=3  type-seq=[1, 1, 1, 2, 2, 3, 4, 4, 5, 6, 7, 8, 8, 11, 11]  sum=74  Isog=[3, 3, 2, 2, 2, 1, 1, 1]
  55.  a-seq=[0, 0, 0, 0, 1, 1, 0, 1, 1, 0, 1, 1]  a-number=3  type-seq=[1, 1, 1, 2, 2, 2, 4, 4, 5, 5, 6, 8, 10, 10, 11]  sum=72  Isog=[3, 3, 2, 2, 2, 1, 1, 1]
  56.  a-seq=[0, 0, 0, 1, 1, 0, 1, 1, 0, 1, 0, 1]  a-number=4  type-seq=[1, 1, 1, 1, 1, 1, 2, 2, 4, 5, 6, 7, 8, 10, 11]  sum=61  Isog=[2, 2, 2, 2, 1, 1, 1, 1, 1, 1, 1]
  57.  a-seq=[0, 0, 1, 0, 0, 1, 1, 0, 1, 1, 0, 1]  a-number=4  type-seq=[1, 1, 1, 1, 1, 1, 2, 2, 2, 2, 4, 7, 7, 8, 10]  sum=50  Isog=[2, 2, 2, 1, 1, 1, 1, 1, 1, 1, 1, 1]
  58.  a-seq=[0, 0, 0, 1, 0, 1, 1, 0, 1, 1, 0, 1]  a-number=4  type-seq=[1, 1, 1, 1, 1, 1, 2, 2, 4, 5, 6, 8, 8, 11, 11]  sum=63  Isog=[3, 2, 2, 2, 1, 1, 1, 1, 1, 1]
  59.  a-seq=[0, 0, 0, 1, 1, 0, 1, 1, 0, 0, 1, 1]  a-number=3  type-seq=[1, 1, 1, 2, 2, 2, 2, 2, 2, 3, 4, 8, 10, 11, 11]  sum=62  Isog=[2, 2, 2, 2, 1, 1, 1, 1, 1, 1, 1]
  60.  a-seq=[0, 0, 1, 0, 1, 0, 0, 1, 1, 0, 1, 1]  a-number=4  type-seq=[1, 1, 1, 1, 1, 1, 2, 2, 2, 2, 3, 5, 8, 10, 11]  sum=51  Isog=[2, 2, 2, 1, 1, 1, 1, 1, 1, 1, 1, 1]
  61.  a-seq=[0, 0, 1, 0, 0, 1, 0, 1, 1, 0, 1, 1]  a-number=4  type-seq=[1, 1, 1, 1, 1, 1, 2, 2, 2, 2, 5, 6, 8, 8, 11]  sum=52  Isog=[2, 2, 2, 1, 1, 1, 1, 1, 1, 1, 1, 1]
  62.  a-seq=[0, 0, 0, 1, 1, 0, 0, 1, 1, 0, 1, 1]  a-number=3  type-seq=[1, 1, 1, 2, 2, 2, 2, 2, 2, 3, 4, 6, 6, 7, 11]  sum=52  Isog=[2, 2, 2, 2, 1, 1, 1, 1, 1, 1, 1]
  63.  a-seq=[0, 0, 0, 1, 0, 1, 0, 1, 1, 0, 1, 1]  a-number=4  type-seq=[1, 1, 1, 1, 1, 1, 2, 2, 3, 4, 4, 6, 6, 9, 11]  sum=53  Isog=[2, 2, 2, 2, 1, 1, 1, 1, 1, 1, 1]
  64.  a-seq=[0, 0, 0, 1, 1, 0, 1, 0, 1, 1, 0, 1]  a-number=4  type-seq=[1, 1, 1, 1, 1, 1, 2, 2, 4, 4, 6, 6, 10, 11, 11]  sum=62  Isog=[2, 2, 2, 2, 1, 1, 1, 1, 1, 1, 1]
  65.  a-seq=[0, 0, 1, 0, 0, 1, 1, 0, 1, 0, 1, 1]  a-number=4  type-seq=[1, 1, 1, 1, 1, 1, 2, 2, 2, 2, 3, 5, 8, 10, 11]  sum=51  Isog=[2, 2, 2, 1, 1, 1, 1, 1, 1, 1, 1, 1]
  66.  a-seq=[0, 0, 0, 1, 0, 1, 1, 0, 1, 0, 1, 1]  a-number=4  type-seq=[1, 1, 1, 1, 1, 1, 2, 2, 3, 4, 4, 4, 8, 8, 11]  sum=52  Isog=[2, 2, 2, 2, 1, 1, 1, 1, 1, 1, 1]
  67.  a-seq=[0, 0, 0, 1, 1, 0, 1, 0, 1, 0, 1, 1]  a-number=4  type-seq=[1, 1, 1, 1, 1, 1, 2, 2, 3, 3, 4, 4, 6, 10, 11]  sum=51  Isog=[2, 2, 2, 2, 1, 1, 1, 1, 1, 1, 1]
  68.  a-seq=[0, 0, 1, 1, 0, 1, 0, 1, 0, 1, 0, 1]  a-number=5  type-seq=[1, 1, 1, 1, 1, 1, 1, 1, 1, 1, 2, 4, 6, 8, 10]  sum=40  Isog=[1, 1, 1, 1, 1, 1, 1, 1, 1, 1, 1, 1, 1, 1, 1]
  69.  a-seq=[0, 0, 1, 0, 1, 1, 0, 1, 0, 1, 0, 1]  a-number=5  type-seq=[1, 1, 1, 1, 1, 1, 1, 1, 1, 1, 2, 4, 6, 8, 11]  sum=41  Isog=[2, 1, 1, 1, 1, 1, 1, 1, 1, 1, 1, 1, 1, 1]
  70.  a-seq=[0, 0, 1, 1, 0, 0, 1, 1, 0, 1, 0, 1]  a-number=4  type-seq=[1, 1, 1, 1, 1, 1, 2, 2, 2, 2, 3, 3, 4, 6, 11]  sum=41  Isog=[2, 1, 1, 1, 1, 1, 1, 1, 1, 1, 1, 1, 1, 1]
  71.  a-seq=[0, 0, 1, 0, 1, 0, 1, 1, 0, 1, 0, 1]  a-number=5  type-seq=[1, 1, 1, 1, 1, 1, 1, 1, 1, 1, 2, 4, 6, 9, 11]  sum=42  Isog=[2, 2, 1, 1, 1, 1, 1, 1, 1, 1, 1, 1, 1]
  72.  a-seq=[0, 0, 1, 1, 0, 1, 0, 0, 1, 1, 0, 1]  a-number=4  type-seq=[1, 1, 1, 1, 1, 1, 2, 2, 2, 2, 4, 4, 4, 4, 5]  sum=35  Isog=[2, 1, 1, 1, 1, 1, 1, 1, 1, 1, 1, 1, 1, 1]
  73.  a-seq=[0, 0, 1, 0, 1, 1, 0, 1, 0, 0, 1, 1]  a-number=4  type-seq=[1, 1, 1, 1, 1, 1, 2, 2, 2, 2, 3, 4, 5, 11, 11]  sum=48  Isog=[2, 2, 2, 1, 1, 1, 1, 1, 1, 1, 1, 1]
  74.  a-seq=[0, 0, 1, 0, 1, 1, 0, 0, 1, 1, 0, 1]  a-number=4  type-seq=[1, 1, 1, 1, 1, 1, 2, 2, 2, 2, 3, 4, 5, 11, 11]  sum=48  Isog=[2, 2, 2, 1, 1, 1, 1, 1, 1, 1, 1, 1]
  75.  a-seq=[0, 0, 1, 0, 1, 0, 1, 0, 1, 1, 0, 1]  a-number=5  type-seq=[1, 1, 1, 1, 1, 1, 1, 1, 1, 1, 2, 4, 5, 7, 9]  sum=37  Isog=[2, 1, 1, 1, 1, 1, 1, 1, 1, 1, 1, 1, 1, 1]
  76.  a-seq=[0, 0, 1, 1, 0, 0, 1, 1, 0, 0, 1, 1]  a-number=3  type-seq=[1, 1, 1, 2, 2, 2, 2, 2, 2, 2, 2, 2, 3, 3, 3]  sum=30  Isog=[2, 2, 2, 1, 1, 1, 1, 1, 1, 1, 1, 1]
  77.  a-seq=[0, 0, 1, 0, 1, 0, 1, 1, 0, 0, 1, 1]  a-number=4  type-seq=[1, 1, 1, 1, 1, 1, 2, 2, 2, 2, 3, 3, 3, 5, 9]  sum=37  Isog=[2, 1, 1, 1, 1, 1, 1, 1, 1, 1, 1, 1, 1, 1]
  78.  a-seq=[0, 0, 1, 0, 1, 1, 0, 0, 1, 0, 1, 1]  a-number=4  type-seq=[1, 1, 1, 1, 1, 1, 2, 2, 2, 2, 3, 5, 5, 5, 5]  sum=37  Isog=[2, 1, 1, 1, 1, 1, 1, 1, 1, 1, 1, 1, 1, 1]
  79.  a-seq=[0, 0, 1, 0, 1, 0, 1, 0, 1, 0, 1, 1]  a-number=5  type-seq=[1, 1, 1, 1, 1, 1, 1, 1, 1, 1, 2, 3, 3, 3, 5]  sum=26  Isog=[1, 1, 1, 1, 1, 1, 1, 1, 1, 1, 1, 1, 1, 1, 1]
  80.  a-seq=[0, 1, 0, 1, 0, 1, 0, 1, 0, 1, 0, 1]  a-number=6  type-seq=[1, 1, 1, 1, 1, 1, 1, 1, 1, 1, 1, 1, 1, 1, 1]  sum=15  Isog=[1, 1, 1, 1, 1, 1, 1, 1, 1, 1, 1, 1, 1, 1, 1]

