
==============================================================
  g = 1   (sequences of length 2, sum = 1)
==============================================================

Step 1: 1 canonical exponent sequence(s) up to cyclic rotation

───────────────────────────────────────────────────────
Sequence 1: [0, 1]
Step 2 (Λ²): 1 component(s)

  ── Component 1 (length g) ──
     a-seq    : [1]
     b-seq    : [0]
     Indecomp : []
     dim(M)   = 0
     p-exp(M) = 0
     type-seq : []
     Isog(M)  = []

  ── Combined for sequence 1 ──
     type-seq : []
     Isog     : []


==============================================================
  g = 2   (sequences of length 4, sum = 2)
==============================================================

Step 1: 2 canonical exponent sequence(s) up to cyclic rotation

───────────────────────────────────────────────────────
Sequence 1: [0, 0, 1, 1]
Step 2 (Λ²): 2 component(s)

  ── Component 1 (length 2g) ──
     a-seq    : [0, 1, 2, 1]
     b-seq    : [1, 0, 0, 1]
     Indecomp : [[1, 1]]
     dim(M)   = 1
     p-exp(M) = 1
     type-seq : [2]
     Isog(M)  = [1]

  ── Component 2 (length g) ──
     a-seq    : [1, 1]
     b-seq    : [0, 0]
     Indecomp : []
     dim(M)   = 0
     p-exp(M) = 0
     type-seq : []
     Isog(M)  = []

  ── Combined for sequence 1 ──
     type-seq : [2]
     Isog     : [1]
───────────────────────────────────────────────────────
Sequence 2: [0, 1, 0, 1]
Step 2 (Λ²): 2 component(s)

  ── Component 1 (length 2g) ──
     a-seq    : [1, 1, 1, 1]
     b-seq    : [0, 0, 0, 0]
     Indecomp : []
     dim(M)   = 0
     p-exp(M) = 0
     type-seq : []
     Isog(M)  = []

  ── Component 2 (length g) ──
     a-seq    : [0, 2]
     b-seq    : [1, 0]
     Indecomp : [[1]]
     dim(M)   = 1
     p-exp(M) = 1
     type-seq : [1]
     Isog(M)  = [1]

  ── Combined for sequence 2 ──
     type-seq : [1]
     Isog     : [1]


==============================================================
  g = 3   (sequences of length 6, sum = 3)
==============================================================

Step 1: 4 canonical exponent sequence(s) up to cyclic rotation

───────────────────────────────────────────────────────
Sequence 1: [0, 0, 0, 1, 1, 1]
Step 2 (Λ²): 3 component(s)

  ── Component 1 (length 2g) ──
     a-seq    : [0, 0, 1, 2, 2, 1]
     b-seq    : [2, 1, 0, 0, 1, 2]
     Indecomp : [[1, 2, 2, 1]]
     dim(M)   = 2
     p-exp(M) = 2
     type-seq : [2, 4]
     Isog(M)  = [2]

  ── Component 2 (length 2g) ──
     a-seq    : [0, 1, 1, 2, 1, 1]
     b-seq    : [1, 0, 0, 0, 1, 1]
     Indecomp : [[1, 1, 1]]
     dim(M)   = 1
     p-exp(M) = 1
     type-seq : [3]
     Isog(M)  = [1]

  ── Component 3 (length g) ──
     a-seq    : [1, 1, 1]
     b-seq    : [0, 0, 0]
     Indecomp : []
     dim(M)   = 0
     p-exp(M) = 0
     type-seq : []
     Isog(M)  = []

  ── Combined for sequence 1 ──
     type-seq : [2, 3, 4]
     Isog     : [2, 1]
───────────────────────────────────────────────────────
Sequence 2: [0, 0, 1, 1, 0, 1]
Step 2 (Λ²): 3 component(s)

  ── Component 1 (length 2g) ──
     a-seq    : [0, 1, 2, 1, 1, 1]
     b-seq    : [1, 0, 0, 1, 1, 1]
     Indecomp : [[1, 1, 1, 1]]
     dim(M)   = 1
     p-exp(M) = 1
     type-seq : [4]
     Isog(M)  = [1]

  ── Component 2 (length 2g) ──
     a-seq    : [1, 1, 1, 2, 0, 1]
     b-seq    : [0, 0, 0, 0, 1, 0]
     Indecomp : [[1]]
     dim(M)   = 1
     p-exp(M) = 1
     type-seq : [1]
     Isog(M)  = [1]

  ── Component 3 (length g) ──
     a-seq    : [1, 0, 2]
     b-seq    : [1, 1, 0]
     Indecomp : [[1, 1]]
     dim(M)   = 1
     p-exp(M) = 1
     type-seq : [2]
     Isog(M)  = [1]

  ── Combined for sequence 2 ──
     type-seq : [1, 2, 4]
     Isog     : [1, 1, 1]
───────────────────────────────────────────────────────
Sequence 3: [0, 0, 1, 0, 1, 1]
Step 2 (Λ²): 3 component(s)

  ── Component 1 (length 2g) ──
     a-seq    : [0, 1, 1, 1, 2, 1]
     b-seq    : [1, 0, 0, 0, 0, 1]
     Indecomp : [[1, 1]]
     dim(M)   = 1
     p-exp(M) = 1
     type-seq : [2]
     Isog(M)  = [1]

  ── Component 2 (length 2g) ──
     a-seq    : [1, 0, 2, 1, 1, 1]
     b-seq    : [1, 1, 0, 1, 1, 1]
     Indecomp : [[1, 1, 1, 1, 1]]
     dim(M)   = 1
     p-exp(M) = 1
     type-seq : [5]
     Isog(M)  = [1]

  ── Component 3 (length g) ──
     a-seq    : [0, 1, 2]
     b-seq    : [1, 0, 0]
     Indecomp : [[1]]
     dim(M)   = 1
     p-exp(M) = 1
     type-seq : [1]
     Isog(M)  = [1]

  ── Combined for sequence 3 ──
     type-seq : [1, 2, 5]
     Isog     : [1, 1, 1]
───────────────────────────────────────────────────────
Sequence 4: [0, 1, 0, 1, 0, 1]
Step 2 (Λ²): 3 component(s)

  ── Component 1 (length 2g) ──
     a-seq    : [1, 1, 1, 1, 1, 1]
     b-seq    : [0, 0, 0, 0, 0, 0]
     Indecomp : []
     dim(M)   = 0
     p-exp(M) = 0
     type-seq : []
     Isog(M)  = []

  ── Component 2 (length 2g) ──
     a-seq    : [0, 2, 0, 2, 0, 2]
     b-seq    : [1, 0, 1, 0, 1, 0]
     Indecomp : [[1], [1], [1]]
     dim(M)   = 3
     p-exp(M) = 1
     type-seq : [1, 1, 1]
     Isog(M)  = [1, 1, 1]

  ── Component 3 (length g) ──
     a-seq    : [1, 1, 1]
     b-seq    : [0, 0, 0]
     Indecomp : []
     dim(M)   = 0
     p-exp(M) = 0
     type-seq : []
     Isog(M)  = []

  ── Combined for sequence 4 ──
     type-seq : [1, 1, 1]
     Isog     : [1, 1, 1]


==============================================================
  g = 4   (sequences of length 8, sum = 4)
==============================================================

Step 1: 10 canonical exponent sequence(s) up to cyclic rotation

───────────────────────────────────────────────────────
Sequence 1: [0, 0, 0, 0, 1, 1, 1, 1]
Step 2 (Λ²): 4 component(s)

  ── Component 1 (length 2g) ──
     a-seq    : [0, 0, 0, 1, 2, 2, 2, 1]
     b-seq    : [3, 2, 1, 0, 0, 1, 2, 3]
     Indecomp : [[1, 2, 3, 3, 2, 1]]
     dim(M)   = 3
     p-exp(M) = 3
     type-seq : [2, 4, 6]
     Isog(M)  = [3]

  ── Component 2 (length 2g) ──
     a-seq    : [0, 0, 1, 1, 2, 2, 1, 1]
     b-seq    : [2, 1, 0, 0, 0, 1, 2, 2]
     Indecomp : [[1, 2, 2, 2, 1]]
     dim(M)   = 2
     p-exp(M) = 2
     type-seq : [3, 5]
     Isog(M)  = [2]

  ── Component 3 (length 2g) ──
     a-seq    : [0, 1, 1, 1, 2, 1, 1, 1]
     b-seq    : [1, 0, 0, 0, 0, 1, 1, 1]
     Indecomp : [[1, 1, 1, 1]]
     dim(M)   = 1
     p-exp(M) = 1
     type-seq : [4]
     Isog(M)  = [1]

  ── Component 4 (length g) ──
     a-seq    : [1, 1, 1, 1]
     b-seq    : [0, 0, 0, 0]
     Indecomp : []
     dim(M)   = 0
     p-exp(M) = 0
     type-seq : []
     Isog(M)  = []

  ── Combined for sequence 1 ──
     type-seq : [2, 3, 4, 4, 5, 6]
     Isog     : [3, 2, 1]
───────────────────────────────────────────────────────
Sequence 2: [0, 0, 0, 1, 1, 1, 0, 1]
Step 2 (Λ²): 4 component(s)

  ── Component 1 (length 2g) ──
     a-seq    : [0, 0, 1, 2, 2, 1, 1, 1]
     b-seq    : [2, 1, 0, 0, 1, 2, 2, 2]
     Indecomp : [[1, 2, 2, 2, 2, 1]]
     dim(M)   = 2
     p-exp(M) = 2
     type-seq : [4, 6]
     Isog(M)  = [2]

  ── Component 2 (length 2g) ──
     a-seq    : [0, 1, 1, 2, 1, 2, 0, 1]
     b-seq    : [1, 0, 0, 0, 1, 1, 2, 1]
     Indecomp : [[1, 1, 2, 1, 1]]
     dim(M)   = 2
     p-exp(M) = 2
     type-seq : [1, 5]
     Isog(M)  = [2]

  ── Component 3 (length 2g) ──
     a-seq    : [1, 1, 1, 1, 2, 1, 0, 1]
     b-seq    : [0, 0, 0, 0, 0, 1, 1, 0]
     Indecomp : [[1, 1]]
     dim(M)   = 1
     p-exp(M) = 1
     type-seq : [2]
     Isog(M)  = [1]

  ── Component 4 (length g) ──
     a-seq    : [1, 1, 0, 2]
     b-seq    : [1, 1, 1, 0]
     Indecomp : [[1, 1, 1]]
     dim(M)   = 1
     p-exp(M) = 1
     type-seq : [3]
     Isog(M)  = [1]

  ── Combined for sequence 2 ──
     type-seq : [1, 2, 3, 4, 5, 6]
     Isog     : [2, 2, 1, 1]
───────────────────────────────────────────────────────
Sequence 3: [0, 0, 1, 0, 0, 1, 1, 1]
Step 2 (Λ²): 4 component(s)

  ── Component 1 (length 2g) ──
     a-seq    : [0, 1, 1, 0, 1, 2, 2, 1]
     b-seq    : [2, 1, 1, 1, 0, 0, 1, 2]
     Indecomp : [[1, 2, 2, 1, 1, 1]]
     dim(M)   = 2
     p-exp(M) = 2
     type-seq : [2, 6]
     Isog(M)  = [2]

  ── Component 2 (length 2g) ──
     a-seq    : [1, 0, 1, 1, 1, 2, 1, 1]
     b-seq    : [1, 1, 0, 0, 0, 0, 1, 1]
     Indecomp : [[1, 1, 1, 1]]
     dim(M)   = 1
     p-exp(M) = 1
     type-seq : [4]
     Isog(M)  = [1]

  ── Component 3 (length 2g) ──
     a-seq    : [0, 0, 2, 1, 1, 1, 1, 2]
     b-seq    : [2, 1, 0, 1, 1, 1, 1, 1]
     Indecomp : [[1, 1, 1, 1, 1, 2, 1]]
     dim(M)   = 2
     p-exp(M) = 2
     type-seq : [1, 7]
     Isog(M)  = [2]

  ── Component 4 (length g) ──
     a-seq    : [0, 1, 2, 1]
     b-seq    : [1, 0, 0, 1]
     Indecomp : [[1, 1]]
     dim(M)   = 1
     p-exp(M) = 1
     type-seq : [2]
     Isog(M)  = [1]

  ── Combined for sequence 3 ──
     type-seq : [1, 2, 2, 4, 6, 7]
     Isog     : [2, 2, 1, 1]
───────────────────────────────────────────────────────
Sequence 4: [0, 0, 0, 1, 0, 1, 1, 1]
Step 2 (Λ²): 4 component(s)

  ── Component 1 (length 2g) ──
     a-seq    : [0, 0, 1, 1, 1, 2, 2, 1]
     b-seq    : [2, 1, 0, 0, 0, 0, 1, 2]
     Indecomp : [[1, 2, 2, 1]]
     dim(M)   = 2
     p-exp(M) = 2
     type-seq : [2, 4]
     Isog(M)  = [2]

  ── Component 2 (length 2g) ──
     a-seq    : [0, 1, 0, 2, 1, 2, 1, 1]
     b-seq    : [2, 1, 1, 0, 1, 1, 2, 2]
     Indecomp : [[1, 1, 2, 2, 2, 1, 1]]
     dim(M)   = 2
     p-exp(M) = 2
     type-seq : [3, 7]
     Isog(M)  = [2]

  ── Component 3 (length 2g) ──
     a-seq    : [1, 0, 1, 2, 1, 1, 1, 1]
     b-seq    : [1, 1, 0, 0, 1, 1, 1, 1]
     Indecomp : [[1, 1, 1, 1, 1, 1]]
     dim(M)   = 1
     p-exp(M) = 1
     type-seq : [6]
     Isog(M)  = [1]

  ── Component 4 (length g) ──
     a-seq    : [0, 1, 1, 2]
     b-seq    : [1, 0, 0, 0]
     Indecomp : [[1]]
     dim(M)   = 1
     p-exp(M) = 1
     type-seq : [1]
     Isog(M)  = [1]

  ── Combined for sequence 4 ──
     type-seq : [1, 2, 3, 4, 6, 7]
     Isog     : [2, 2, 1, 1]
───────────────────────────────────────────────────────
Sequence 5: [0, 0, 0, 1, 1, 0, 1, 1]
Step 2 (Λ²): 4 component(s)

  ── Component 1 (length 2g) ──
     a-seq    : [0, 0, 1, 2, 1, 1, 2, 1]
     b-seq    : [2, 1, 0, 0, 1, 1, 1, 2]
     Indecomp : [[1, 1, 1, 2, 2, 1]]
     dim(M)   = 2
     p-exp(M) = 2
     type-seq : [2, 6]
     Isog(M)  = [2]

  ── Component 2 (length 2g) ──
     a-seq    : [0, 1, 1, 1, 2, 1, 1, 1]
     b-seq    : [1, 0, 0, 0, 0, 1, 1, 1]
     Indecomp : [[1, 1, 1, 1]]
     dim(M)   = 1
     p-exp(M) = 1
     type-seq : [4]
     Isog(M)  = [1]

  ── Component 3 (length 2g) ──
     a-seq    : [1, 1, 0, 2, 2, 0, 1, 1]
     b-seq    : [1, 1, 1, 0, 1, 2, 1, 1]
     Indecomp : [[1, 2, 1, 1, 1, 1, 1]]
     dim(M)   = 2
     p-exp(M) = 2
     type-seq : [1, 7]
     Isog(M)  = [2]

  ── Component 4 (length g) ──
     a-seq    : [1, 0, 1, 2]
     b-seq    : [1, 1, 0, 0]
     Indecomp : [[1, 1]]
     dim(M)   = 1
     p-exp(M) = 1
     type-seq : [2]
     Isog(M)  = [1]

  ── Combined for sequence 5 ──
     type-seq : [1, 2, 2, 4, 6, 7]
     Isog     : [2, 2, 1, 1]
───────────────────────────────────────────────────────
Sequence 6: [0, 0, 1, 1, 0, 1, 0, 1]
Step 2 (Λ²): 4 component(s)

  ── Component 1 (length 2g) ──
     a-seq    : [0, 1, 2, 1, 1, 1, 1, 1]
     b-seq    : [1, 0, 0, 1, 1, 1, 1, 1]
     Indecomp : [[1, 1, 1, 1, 1, 1]]
     dim(M)   = 1
     p-exp(M) = 1
     type-seq : [6]
     Isog(M)  = [1]

  ── Component 2 (length 2g) ──
     a-seq    : [1, 1, 1, 2, 0, 2, 0, 1]
     b-seq    : [0, 0, 0, 0, 1, 0, 1, 0]
     Indecomp : [[1], [1]]
     dim(M)   = 2
     p-exp(M) = 1
     type-seq : [1, 1]
     Isog(M)  = [1, 1]

  ── Component 3 (length 2g) ──
     a-seq    : [1, 0, 2, 1, 1, 1, 0, 2]
     b-seq    : [1, 1, 0, 1, 1, 1, 1, 0]
     Indecomp : [[1, 1, 1, 1], [1, 1]]
     dim(M)   = 2
     p-exp(M) = 1
     type-seq : [2, 4]
     Isog(M)  = [1, 1]

  ── Component 4 (length g) ──
     a-seq    : [0, 1, 1, 2]
     b-seq    : [1, 0, 0, 0]
     Indecomp : [[1]]
     dim(M)   = 1
     p-exp(M) = 1
     type-seq : [1]
     Isog(M)  = [1]

  ── Combined for sequence 6 ──
     type-seq : [1, 1, 1, 2, 4, 6]
     Isog     : [1, 1, 1, 1, 1, 1]
───────────────────────────────────────────────────────
Sequence 7: [0, 0, 1, 0, 1, 1, 0, 1]
Step 2 (Λ²): 4 component(s)

  ── Component 1 (length 2g) ──
     a-seq    : [0, 1, 1, 1, 2, 1, 1, 1]
     b-seq    : [1, 0, 0, 0, 0, 1, 1, 1]
     Indecomp : [[1, 1, 1, 1]]
     dim(M)   = 1
     p-exp(M) = 1
     type-seq : [4]
     Isog(M)  = [1]

  ── Component 2 (length 2g) ──
     a-seq    : [1, 0, 2, 1, 1, 2, 0, 1]
     b-seq    : [1, 1, 0, 1, 1, 1, 2, 1]
     Indecomp : [[1, 1, 1, 2, 1, 1, 1]]
     dim(M)   = 2
     p-exp(M) = 2
     type-seq : [1, 7]
     Isog(M)  = [2]

  ── Component 3 (length 2g) ──
     a-seq    : [0, 1, 2, 0, 2, 1, 0, 2]
     b-seq    : [1, 0, 0, 1, 0, 1, 1, 0]
     Indecomp : [[1], [1, 1], [1]]
     dim(M)   = 3
     p-exp(M) = 1
     type-seq : [1, 1, 2]
     Isog(M)  = [1, 1, 1]

  ── Component 4 (length g) ──
     a-seq    : [1, 1, 1, 1]
     b-seq    : [0, 0, 0, 0]
     Indecomp : []
     dim(M)   = 0
     p-exp(M) = 0
     type-seq : []
     Isog(M)  = []

  ── Combined for sequence 7 ──
     type-seq : [1, 1, 1, 2, 4, 7]
     Isog     : [2, 1, 1, 1, 1]
───────────────────────────────────────────────────────
Sequence 8: [0, 0, 1, 1, 0, 0, 1, 1]
Step 2 (Λ²): 4 component(s)

  ── Component 1 (length 2g) ──
     a-seq    : [0, 1, 2, 1, 0, 1, 2, 1]
     b-seq    : [1, 0, 0, 1, 1, 0, 0, 1]
     Indecomp : [[1, 1], [1, 1]]
     dim(M)   = 2
     p-exp(M) = 1
     type-seq : [2, 2]
     Isog(M)  = [1, 1]

  ── Component 2 (length 2g) ──
     a-seq    : [1, 1, 1, 1, 1, 1, 1, 1]
     b-seq    : [0, 0, 0, 0, 0, 0, 0, 0]
     Indecomp : []
     dim(M)   = 0
     p-exp(M) = 0
     type-seq : []
     Isog(M)  = []

  ── Component 3 (length 2g) ──
     a-seq    : [1, 0, 1, 2, 1, 0, 1, 2]
     b-seq    : [1, 1, 0, 0, 1, 1, 0, 0]
     Indecomp : [[1, 1], [1, 1]]
     dim(M)   = 2
     p-exp(M) = 1
     type-seq : [2, 2]
     Isog(M)  = [1, 1]

  ── Component 4 (length g) ──
     a-seq    : [0, 0, 2, 2]
     b-seq    : [2, 1, 0, 1]
     Indecomp : [[1, 2, 1]]
     dim(M)   = 2
     p-exp(M) = 2
     type-seq : [1, 3]
     Isog(M)  = [2]

  ── Combined for sequence 8 ──
     type-seq : [1, 2, 2, 2, 2, 3]
     Isog     : [2, 1, 1, 1, 1]
───────────────────────────────────────────────────────
Sequence 9: [0, 0, 1, 0, 1, 0, 1, 1]
Step 2 (Λ²): 4 component(s)

  ── Component 1 (length 2g) ──
     a-seq    : [0, 1, 1, 1, 1, 1, 2, 1]
     b-seq    : [1, 0, 0, 0, 0, 0, 0, 1]
     Indecomp : [[1, 1]]
     dim(M)   = 1
     p-exp(M) = 1
     type-seq : [2]
     Isog(M)  = [1]

  ── Component 2 (length 2g) ──
     a-seq    : [1, 0, 2, 0, 2, 1, 1, 1]
     b-seq    : [1, 1, 0, 1, 0, 1, 1, 1]
     Indecomp : [[1], [1, 1, 1, 1, 1]]
     dim(M)   = 2
     p-exp(M) = 1
     type-seq : [1, 5]
     Isog(M)  = [1, 1]

  ── Component 3 (length 2g) ──
     a-seq    : [0, 1, 1, 1, 2, 0, 1, 2]
     b-seq    : [1, 0, 0, 0, 0, 1, 0, 0]
     Indecomp : [[1], [1]]
     dim(M)   = 2
     p-exp(M) = 1
     type-seq : [1, 1]
     Isog(M)  = [1, 1]

  ── Component 4 (length g) ──
     a-seq    : [1, 0, 2, 1]
     b-seq    : [1, 1, 0, 1]
     Indecomp : [[1, 1, 1]]
     dim(M)   = 1
     p-exp(M) = 1
     type-seq : [3]
     Isog(M)  = [1]

  ── Combined for sequence 9 ──
     type-seq : [1, 1, 1, 2, 3, 5]
     Isog     : [1, 1, 1, 1, 1, 1]
───────────────────────────────────────────────────────
Sequence 10: [0, 1, 0, 1, 0, 1, 0, 1]
Step 2 (Λ²): 4 component(s)

  ── Component 1 (length 2g) ──
     a-seq    : [1, 1, 1, 1, 1, 1, 1, 1]
     b-seq    : [0, 0, 0, 0, 0, 0, 0, 0]
     Indecomp : []
     dim(M)   = 0
     p-exp(M) = 0
     type-seq : []
     Isog(M)  = []

  ── Component 2 (length 2g) ──
     a-seq    : [0, 2, 0, 2, 0, 2, 0, 2]
     b-seq    : [1, 0, 1, 0, 1, 0, 1, 0]
     Indecomp : [[1], [1], [1], [1]]
     dim(M)   = 4
     p-exp(M) = 1
     type-seq : [1, 1, 1, 1]
     Isog(M)  = [1, 1, 1, 1]

  ── Component 3 (length 2g) ──
     a-seq    : [1, 1, 1, 1, 1, 1, 1, 1]
     b-seq    : [0, 0, 0, 0, 0, 0, 0, 0]
     Indecomp : []
     dim(M)   = 0
     p-exp(M) = 0
     type-seq : []
     Isog(M)  = []

  ── Component 4 (length g) ──
     a-seq    : [0, 2, 0, 2]
     b-seq    : [1, 0, 1, 0]
     Indecomp : [[1], [1]]
     dim(M)   = 2
     p-exp(M) = 1
     type-seq : [1, 1]
     Isog(M)  = [1, 1]

  ── Combined for sequence 10 ──
     type-seq : [1, 1, 1, 1, 1, 1]
     Isog     : [1, 1, 1, 1, 1, 1]


==============================================================
  g = 5   (sequences of length 10, sum = 5)
==============================================================

Step 1: 26 canonical exponent sequence(s) up to cyclic rotation

───────────────────────────────────────────────────────
Sequence 1: [0, 0, 0, 0, 0, 1, 1, 1, 1, 1]
Step 2 (Λ²): 5 component(s)

  ── Component 1 (length 2g) ──
     a-seq    : [0, 0, 0, 0, 1, 2, 2, 2, 2, 1]
     b-seq    : [4, 3, 2, 1, 0, 0, 1, 2, 3, 4]
     Indecomp : [[1, 2, 3, 4, 4, 3, 2, 1]]
     dim(M)   = 4
     p-exp(M) = 4
     type-seq : [2, 4, 6, 8]
     Isog(M)  = [4]

  ── Component 2 (length 2g) ──
     a-seq    : [0, 0, 0, 1, 1, 2, 2, 2, 1, 1]
     b-seq    : [3, 2, 1, 0, 0, 0, 1, 2, 3, 3]
     Indecomp : [[1, 2, 3, 3, 3, 2, 1]]
     dim(M)   = 3
     p-exp(M) = 3
     type-seq : [3, 5, 7]
     Isog(M)  = [3]

  ── Component 3 (length 2g) ──
     a-seq    : [0, 0, 1, 1, 1, 2, 2, 1, 1, 1]
     b-seq    : [2, 1, 0, 0, 0, 0, 1, 2, 2, 2]
     Indecomp : [[1, 2, 2, 2, 2, 1]]
     dim(M)   = 2
     p-exp(M) = 2
     type-seq : [4, 6]
     Isog(M)  = [2]

  ── Component 4 (length 2g) ──
     a-seq    : [0, 1, 1, 1, 1, 2, 1, 1, 1, 1]
     b-seq    : [1, 0, 0, 0, 0, 0, 1, 1, 1, 1]
     Indecomp : [[1, 1, 1, 1, 1]]
     dim(M)   = 1
     p-exp(M) = 1
     type-seq : [5]
     Isog(M)  = [1]

  ── Component 5 (length g) ──
     a-seq    : [1, 1, 1, 1, 1]
     b-seq    : [0, 0, 0, 0, 0]
     Indecomp : []
     dim(M)   = 0
     p-exp(M) = 0
     type-seq : []
     Isog(M)  = []

  ── Combined for sequence 1 ──
     type-seq : [2, 3, 4, 4, 5, 5, 6, 6, 7, 8]
     Isog     : [4, 3, 2, 1]
───────────────────────────────────────────────────────
Sequence 2: [0, 0, 0, 0, 1, 1, 1, 1, 0, 1]
Step 2 (Λ²): 5 component(s)

  ── Component 1 (length 2g) ──
     a-seq    : [0, 0, 0, 1, 2, 2, 2, 1, 1, 1]
     b-seq    : [3, 2, 1, 0, 0, 1, 2, 3, 3, 3]
     Indecomp : [[1, 2, 3, 3, 3, 3, 2, 1]]
     dim(M)   = 3
     p-exp(M) = 3
     type-seq : [4, 6, 8]
     Isog(M)  = [3]

  ── Component 2 (length 2g) ──
     a-seq    : [0, 0, 1, 1, 2, 2, 1, 2, 0, 1]
     b-seq    : [2, 1, 0, 0, 0, 1, 2, 2, 3, 2]
     Indecomp : [[1, 2, 2, 3, 2, 2, 1]]
     dim(M)   = 3
     p-exp(M) = 3
     type-seq : [1, 5, 7]
     Isog(M)  = [3]

  ── Component 3 (length 2g) ──
     a-seq    : [0, 1, 1, 1, 2, 1, 2, 1, 0, 1]
     b-seq    : [1, 0, 0, 0, 0, 1, 1, 2, 2, 1]
     Indecomp : [[1, 1, 2, 2, 1, 1]]
     dim(M)   = 2
     p-exp(M) = 2
     type-seq : [2, 6]
     Isog(M)  = [2]

  ── Component 4 (length 2g) ──
     a-seq    : [1, 1, 1, 1, 1, 2, 1, 1, 0, 1]
     b-seq    : [0, 0, 0, 0, 0, 0, 1, 1, 1, 0]
     Indecomp : [[1, 1, 1]]
     dim(M)   = 1
     p-exp(M) = 1
     type-seq : [3]
     Isog(M)  = [1]

  ── Component 5 (length g) ──
     a-seq    : [1, 1, 1, 0, 2]
     b-seq    : [1, 1, 1, 1, 0]
     Indecomp : [[1, 1, 1, 1]]
     dim(M)   = 1
     p-exp(M) = 1
     type-seq : [4]
     Isog(M)  = [1]

  ── Combined for sequence 2 ──
     type-seq : [1, 2, 3, 4, 4, 5, 6, 6, 7, 8]
     Isog     : [3, 3, 2, 1, 1]
───────────────────────────────────────────────────────
Sequence 3: [0, 0, 0, 1, 1, 1, 1, 0, 0, 1]
Step 2 (Λ²): 5 component(s)

  ── Component 1 (length 2g) ──
     a-seq    : [0, 0, 1, 2, 2, 2, 1, 0, 1, 1]
     b-seq    : [2, 1, 0, 0, 1, 2, 3, 3, 2, 2]
     Indecomp : [[1, 2, 3, 3, 2, 2, 2, 1]]
     dim(M)   = 3
     p-exp(M) = 3
     type-seq : [2, 6, 8]
     Isog(M)  = [3]

  ── Component 2 (length 2g) ──
     a-seq    : [0, 1, 1, 2, 2, 1, 1, 1, 0, 1]
     b-seq    : [1, 0, 0, 0, 1, 2, 2, 2, 2, 1]
     Indecomp : [[1, 2, 2, 2, 2, 1, 1]]
     dim(M)   = 2
     p-exp(M) = 2
     type-seq : [4, 7]
     Isog(M)  = [2]

  ── Component 3 (length 2g) ──
     a-seq    : [1, 1, 1, 2, 1, 1, 2, 0, 0, 1]
     b-seq    : [0, 0, 0, 0, 1, 1, 1, 2, 1, 0]
     Indecomp : [[1, 1, 1, 2, 1]]
     dim(M)   = 2
     p-exp(M) = 2
     type-seq : [1, 5]
     Isog(M)  = [2]

  ── Component 4 (length 2g) ──
     a-seq    : [1, 1, 1, 1, 1, 2, 1, 0, 0, 2]
     b-seq    : [1, 1, 1, 1, 1, 1, 2, 2, 1, 0]
     Indecomp : [[1, 1, 1, 1, 1, 1, 2, 2, 1]]
     dim(M)   = 2
     p-exp(M) = 2
     type-seq : [2, 9]
     Isog(M)  = [2]

  ── Component 5 (length g) ──
     a-seq    : [1, 1, 0, 1, 2]
     b-seq    : [1, 1, 1, 0, 0]
     Indecomp : [[1, 1, 1]]
     dim(M)   = 1
     p-exp(M) = 1
     type-seq : [3]
     Isog(M)  = [1]

  ── Combined for sequence 3 ──
     type-seq : [1, 2, 2, 3, 4, 5, 6, 7, 8, 9]
     Isog     : [3, 2, 2, 2, 1]
───────────────────────────────────────────────────────
Sequence 4: [0, 0, 0, 1, 0, 0, 1, 1, 1, 1]
Step 2 (Λ²): 5 component(s)

  ── Component 1 (length 2g) ──
     a-seq    : [0, 0, 1, 1, 0, 1, 2, 2, 2, 1]
     b-seq    : [3, 2, 1, 1, 1, 0, 0, 1, 2, 3]
     Indecomp : [[1, 2, 3, 3, 2, 1, 1, 1]]
     dim(M)   = 3
     p-exp(M) = 3
     type-seq : [2, 4, 8]
     Isog(M)  = [3]

  ── Component 2 (length 2g) ──
     a-seq    : [0, 1, 0, 1, 1, 1, 2, 2, 1, 1]
     b-seq    : [2, 1, 1, 0, 0, 0, 0, 1, 2, 2]
     Indecomp : [[1, 2, 2, 2, 1, 1]]
     dim(M)   = 2
     p-exp(M) = 2
     type-seq : [3, 6]
     Isog(M)  = [2]

  ── Component 3 (length 2g) ──
     a-seq    : [1, 0, 0, 2, 1, 1, 2, 1, 1, 1]
     b-seq    : [2, 2, 1, 0, 1, 1, 1, 2, 2, 2]
     Indecomp : [[1, 1, 1, 2, 2, 2, 2, 2, 1]]
     dim(M)   = 2
     p-exp(M) = 2
     type-seq : [5, 9]
     Isog(M)  = [2]

  ── Component 4 (length 2g) ──
     a-seq    : [0, 0, 1, 2, 1, 1, 1, 1, 1, 2]
     b-seq    : [2, 1, 0, 0, 1, 1, 1, 1, 1, 1]
     Indecomp : [[1, 1, 1, 1, 1, 1, 2, 1]]
     dim(M)   = 2
     p-exp(M) = 2
     type-seq : [1, 8]
     Isog(M)  = [2]

  ── Component 5 (length g) ──
     a-seq    : [0, 1, 1, 2, 1]
     b-seq    : [1, 0, 0, 0, 1]
     Indecomp : [[1, 1]]
     dim(M)   = 1
     p-exp(M) = 1
     type-seq : [2]
     Isog(M)  = [1]

  ── Combined for sequence 4 ──
     type-seq : [1, 2, 2, 3, 4, 5, 6, 8, 8, 9]
     Isog     : [3, 2, 2, 2, 1]
───────────────────────────────────────────────────────
Sequence 5: [0, 0, 0, 0, 1, 0, 1, 1, 1, 1]
Step 2 (Λ²): 5 component(s)

  ── Component 1 (length 2g) ──
     a-seq    : [0, 0, 0, 1, 1, 1, 2, 2, 2, 1]
     b-seq    : [3, 2, 1, 0, 0, 0, 0, 1, 2, 3]
     Indecomp : [[1, 2, 3, 3, 2, 1]]
     dim(M)   = 3
     p-exp(M) = 3
     type-seq : [2, 4, 6]
     Isog(M)  = [3]

  ── Component 2 (length 2g) ──
     a-seq    : [0, 0, 1, 0, 2, 1, 2, 2, 1, 1]
     b-seq    : [3, 2, 1, 1, 0, 1, 1, 2, 3, 3]
     Indecomp : [[1, 1, 2, 3, 3, 3, 2, 1, 1]]
     dim(M)   = 3
     p-exp(M) = 3
     type-seq : [3, 5, 9]
     Isog(M)  = [3]

  ── Component 3 (length 2g) ──
     a-seq    : [0, 1, 0, 1, 2, 1, 2, 1, 1, 1]
     b-seq    : [2, 1, 1, 0, 0, 1, 1, 2, 2, 2]
     Indecomp : [[1, 1, 2, 2, 2, 2, 1, 1]]
     dim(M)   = 2
     p-exp(M) = 2
     type-seq : [4, 8]
     Isog(M)  = [2]

  ── Component 4 (length 2g) ──
     a-seq    : [1, 0, 1, 1, 2, 1, 1, 1, 1, 1]
     b-seq    : [1, 1, 0, 0, 0, 1, 1, 1, 1, 1]
     Indecomp : [[1, 1, 1, 1, 1, 1, 1]]
     dim(M)   = 1
     p-exp(M) = 1
     type-seq : [7]
     Isog(M)  = [1]

  ── Component 5 (length g) ──
     a-seq    : [0, 1, 1, 1, 2]
     b-seq    : [1, 0, 0, 0, 0]
     Indecomp : [[1]]
     dim(M)   = 1
     p-exp(M) = 1
     type-seq : [1]
     Isog(M)  = [1]

  ── Combined for sequence 5 ──
     type-seq : [1, 2, 3, 4, 4, 5, 6, 7, 8, 9]
     Isog     : [3, 3, 2, 1, 1]
───────────────────────────────────────────────────────
Sequence 6: [0, 0, 0, 0, 1, 1, 1, 0, 1, 1]
Step 2 (Λ²): 5 component(s)

  ── Component 1 (length 2g) ──
     a-seq    : [0, 0, 0, 1, 2, 2, 1, 1, 2, 1]
     b-seq    : [3, 2, 1, 0, 0, 1, 2, 2, 2, 3]
     Indecomp : [[1, 2, 2, 2, 3, 3, 2, 1]]
     dim(M)   = 3
     p-exp(M) = 3
     type-seq : [2, 6, 8]
     Isog(M)  = [3]

  ── Component 2 (length 2g) ──
     a-seq    : [0, 0, 1, 1, 2, 1, 2, 1, 1, 1]
     b-seq    : [2, 1, 0, 0, 0, 1, 1, 2, 2, 2]
     Indecomp : [[1, 1, 2, 2, 2, 2, 1]]
     dim(M)   = 2
     p-exp(M) = 2
     type-seq : [4, 7]
     Isog(M)  = [2]

  ── Component 3 (length 2g) ──
     a-seq    : [0, 1, 1, 1, 1, 2, 2, 0, 1, 1]
     b-seq    : [1, 0, 0, 0, 0, 0, 1, 2, 1, 1]
     Indecomp : [[1, 2, 1, 1, 1]]
     dim(M)   = 2
     p-exp(M) = 2
     type-seq : [1, 5]
     Isog(M)  = [2]

  ── Component 4 (length 2g) ──
     a-seq    : [1, 1, 1, 0, 2, 2, 1, 0, 1, 1]
     b-seq    : [1, 1, 1, 1, 0, 1, 2, 2, 1, 1]
     Indecomp : [[1, 2, 2, 1, 1, 1, 1, 1, 1]]
     dim(M)   = 2
     p-exp(M) = 2
     type-seq : [2, 9]
     Isog(M)  = [2]

  ── Component 5 (length g) ──
     a-seq    : [1, 1, 0, 1, 2]
     b-seq    : [1, 1, 1, 0, 0]
     Indecomp : [[1, 1, 1]]
     dim(M)   = 1
     p-exp(M) = 1
     type-seq : [3]
     Isog(M)  = [1]

  ── Combined for sequence 6 ──
     type-seq : [1, 2, 2, 3, 4, 5, 6, 7, 8, 9]
     Isog     : [3, 2, 2, 2, 1]
───────────────────────────────────────────────────────
Sequence 7: [0, 0, 0, 1, 1, 1, 0, 1, 0, 1]
Step 2 (Λ²): 5 component(s)

  ── Component 1 (length 2g) ──
     a-seq    : [0, 0, 1, 2, 2, 1, 1, 1, 1, 1]
     b-seq    : [2, 1, 0, 0, 1, 2, 2, 2, 2, 2]
     Indecomp : [[1, 2, 2, 2, 2, 2, 2, 1]]
     dim(M)   = 2
     p-exp(M) = 2
     type-seq : [6, 8]
     Isog(M)  = [2]

  ── Component 2 (length 2g) ──
     a-seq    : [0, 1, 1, 2, 1, 2, 0, 2, 0, 1]
     b-seq    : [1, 0, 0, 0, 1, 1, 2, 1, 2, 1]
     Indecomp : [[1, 1, 2, 1, 2, 1, 1]]
     dim(M)   = 3
     p-exp(M) = 2
     type-seq : [1, 1, 7]
     Isog(M)  = [2, 1]

  ── Component 3 (length 2g) ──
     a-seq    : [1, 1, 1, 1, 2, 1, 1, 1, 0, 1]
     b-seq    : [0, 0, 0, 0, 0, 1, 1, 1, 1, 0]
     Indecomp : [[1, 1, 1, 1]]
     dim(M)   = 1
     p-exp(M) = 1
     type-seq : [4]
     Isog(M)  = [1]

  ── Component 4 (length 2g) ──
     a-seq    : [1, 1, 0, 2, 1, 2, 0, 1, 0, 2]
     b-seq    : [1, 1, 1, 0, 1, 1, 2, 1, 1, 0]
     Indecomp : [[1, 1, 2, 1, 1], [1, 1, 1]]
     dim(M)   = 3
     p-exp(M) = 2
     type-seq : [1, 3, 5]
     Isog(M)  = [2, 1]

  ── Component 5 (length g) ──
     a-seq    : [1, 0, 1, 1, 2]
     b-seq    : [1, 1, 0, 0, 0]
     Indecomp : [[1, 1]]
     dim(M)   = 1
     p-exp(M) = 1
     type-seq : [2]
     Isog(M)  = [1]

  ── Combined for sequence 7 ──
     type-seq : [1, 1, 1, 2, 3, 4, 5, 6, 7, 8]
     Isog     : [2, 2, 2, 1, 1, 1, 1]
───────────────────────────────────────────────────────
Sequence 8: [0, 0, 1, 0, 0, 1, 1, 1, 0, 1]
Step 2 (Λ²): 5 component(s)

  ── Component 1 (length 2g) ──
     a-seq    : [0, 1, 1, 0, 1, 2, 2, 1, 1, 1]
     b-seq    : [2, 1, 1, 1, 0, 0, 1, 2, 2, 2]
     Indecomp : [[1, 2, 2, 2, 2, 1, 1, 1]]
     dim(M)   = 2
     p-exp(M) = 2
     type-seq : [4, 8]
     Isog(M)  = [2]

  ── Component 2 (length 2g) ──
     a-seq    : [1, 0, 1, 1, 1, 2, 1, 2, 0, 1]
     b-seq    : [1, 1, 0, 0, 0, 0, 1, 1, 2, 1]
     Indecomp : [[1, 1, 2, 1, 1, 1]]
     dim(M)   = 2
     p-exp(M) = 2
     type-seq : [1, 6]
     Isog(M)  = [2]

  ── Component 3 (length 2g) ──
     a-seq    : [0, 0, 2, 1, 1, 1, 2, 1, 0, 2]
     b-seq    : [2, 1, 0, 1, 1, 1, 1, 2, 2, 1]
     Indecomp : [[1, 1, 1, 1, 2, 2, 1, 2, 1]]
     dim(M)   = 3
     p-exp(M) = 2
     type-seq : [1, 2, 9]
     Isog(M)  = [2, 1]

  ── Component 4 (length 2g) ──
     a-seq    : [0, 1, 2, 1, 0, 2, 1, 1, 1, 1]
     b-seq    : [1, 0, 0, 1, 1, 0, 1, 1, 1, 1]
     Indecomp : [[1, 1], [1, 1, 1, 1, 1]]
     dim(M)   = 2
     p-exp(M) = 1
     type-seq : [2, 5]
     Isog(M)  = [1, 1]

  ── Component 5 (length g) ──
     a-seq    : [1, 1, 2, 0, 1]
     b-seq    : [0, 0, 0, 1, 0]
     Indecomp : [[1]]
     dim(M)   = 1
     p-exp(M) = 1
     type-seq : [1]
     Isog(M)  = [1]

  ── Combined for sequence 8 ──
     type-seq : [1, 1, 1, 2, 2, 4, 5, 6, 8, 9]
     Isog     : [2, 2, 2, 1, 1, 1, 1]
───────────────────────────────────────────────────────
Sequence 9: [0, 0, 0, 1, 0, 1, 1, 1, 0, 1]
Step 2 (Λ²): 5 component(s)

  ── Component 1 (length 2g) ──
     a-seq    : [0, 0, 1, 1, 1, 2, 2, 1, 1, 1]
     b-seq    : [2, 1, 0, 0, 0, 0, 1, 2, 2, 2]
     Indecomp : [[1, 2, 2, 2, 2, 1]]
     dim(M)   = 2
     p-exp(M) = 2
     type-seq : [4, 6]
     Isog(M)  = [2]

  ── Component 2 (length 2g) ──
     a-seq    : [0, 1, 0, 2, 1, 2, 1, 2, 0, 1]
     b-seq    : [2, 1, 1, 0, 1, 1, 2, 2, 3, 2]
     Indecomp : [[1, 1, 2, 2, 3, 2, 2, 1, 1]]
     dim(M)   = 3
     p-exp(M) = 3
     type-seq : [1, 5, 9]
     Isog(M)  = [3]

  ── Component 3 (length 2g) ──
     a-seq    : [1, 0, 1, 2, 1, 1, 2, 1, 0, 1]
     b-seq    : [1, 1, 0, 0, 1, 1, 1, 2, 2, 1]
     Indecomp : [[1, 1, 1, 2, 2, 1, 1, 1]]
     dim(M)   = 2
     p-exp(M) = 2
     type-seq : [2, 8]
     Isog(M)  = [2]

  ── Component 4 (length 2g) ──
     a-seq    : [0, 1, 1, 2, 0, 2, 1, 1, 0, 2]
     b-seq    : [1, 0, 0, 0, 1, 0, 1, 1, 1, 0]
     Indecomp : [[1], [1, 1, 1], [1]]
     dim(M)   = 3
     p-exp(M) = 1
     type-seq : [1, 1, 3]
     Isog(M)  = [1, 1, 1]

  ── Component 5 (length g) ──
     a-seq    : [1, 1, 1, 1, 1]
     b-seq    : [0, 0, 0, 0, 0]
     Indecomp : []
     dim(M)   = 0
     p-exp(M) = 0
     type-seq : []
     Isog(M)  = []

  ── Combined for sequence 9 ──
     type-seq : [1, 1, 1, 2, 3, 4, 5, 6, 8, 9]
     Isog     : [3, 2, 2, 1, 1, 1]
───────────────────────────────────────────────────────
Sequence 10: [0, 0, 0, 1, 1, 1, 0, 0, 1, 1]
Step 2 (Λ²): 5 component(s)

  ── Component 1 (length 2g) ──
     a-seq    : [0, 0, 1, 2, 2, 1, 0, 1, 2, 1]
     b-seq    : [2, 1, 0, 0, 1, 2, 2, 1, 1, 2]
     Indecomp : [[1, 2, 2, 1, 1, 2, 2, 1]]
     dim(M)   = 3
     p-exp(M) = 2
     type-seq : [2, 2, 8]
     Isog(M)  = [2, 1]

  ── Component 2 (length 2g) ──
     a-seq    : [0, 1, 1, 2, 1, 1, 1, 1, 1, 1]
     b-seq    : [1, 0, 0, 0, 1, 1, 1, 1, 1, 1]
     Indecomp : [[1, 1, 1, 1, 1, 1, 1]]
     dim(M)   = 1
     p-exp(M) = 1
     type-seq : [7]
     Isog(M)  = [1]

  ── Component 3 (length 2g) ──
     a-seq    : [1, 1, 1, 1, 1, 2, 1, 0, 1, 1]
     b-seq    : [0, 0, 0, 0, 0, 0, 1, 1, 0, 0]
     Indecomp : [[1, 1]]
     dim(M)   = 1
     p-exp(M) = 1
     type-seq : [2]
     Isog(M)  = [1]

  ── Component 4 (length 2g) ──
     a-seq    : [1, 1, 0, 1, 2, 2, 0, 0, 1, 2]
     b-seq    : [1, 1, 1, 0, 0, 1, 2, 1, 0, 0]
     Indecomp : [[1, 2, 1], [1, 1, 1]]
     dim(M)   = 3
     p-exp(M) = 2
     type-seq : [1, 3, 3]
     Isog(M)  = [2, 1]

  ── Component 5 (length g) ──
     a-seq    : [1, 0, 0, 2, 2]
     b-seq    : [2, 2, 1, 0, 1]
     Indecomp : [[1, 2, 2, 1]]
     dim(M)   = 2
     p-exp(M) = 2
     type-seq : [2, 4]
     Isog(M)  = [2]

  ── Combined for sequence 10 ──
     type-seq : [1, 2, 2, 2, 2, 3, 3, 4, 7, 8]
     Isog     : [2, 2, 2, 1, 1, 1, 1]
───────────────────────────────────────────────────────
Sequence 11: [0, 0, 1, 0, 1, 0, 0, 1, 1, 1]
Step 2 (Λ²): 5 component(s)

  ── Component 1 (length 2g) ──
     a-seq    : [0, 1, 1, 1, 1, 0, 1, 2, 2, 1]
     b-seq    : [2, 1, 1, 1, 1, 1, 0, 0, 1, 2]
     Indecomp : [[1, 2, 2, 1, 1, 1, 1, 1]]
     dim(M)   = 2
     p-exp(M) = 2
     type-seq : [2, 8]
     Isog(M)  = [2]

  ── Component 2 (length 2g) ──
     a-seq    : [1, 0, 2, 0, 1, 1, 1, 2, 1, 1]
     b-seq    : [1, 1, 0, 1, 0, 0, 0, 0, 1, 1]
     Indecomp : [[1], [1, 1, 1, 1]]
     dim(M)   = 2
     p-exp(M) = 1
     type-seq : [1, 4]
     Isog(M)  = [1, 1]

  ── Component 3 (length 2g) ──
     a-seq    : [0, 1, 1, 0, 2, 1, 1, 1, 1, 2]
     b-seq    : [2, 1, 1, 1, 0, 1, 1, 1, 1, 1]
     Indecomp : [[1, 1, 1, 1, 1, 2, 1, 1, 1]]
     dim(M)   = 2
     p-exp(M) = 2
     type-seq : [1, 9]
     Isog(M)  = [2]

  ── Component 4 (length 2g) ──
     a-seq    : [1, 0, 1, 1, 2, 1, 0, 1, 2, 1]
     b-seq    : [1, 1, 0, 0, 0, 1, 1, 0, 0, 1]
     Indecomp : [[1, 1], [1, 1, 1]]
     dim(M)   = 2
     p-exp(M) = 1
     type-seq : [2, 3]
     Isog(M)  = [1, 1]

  ── Component 5 (length g) ──
     a-seq    : [0, 0, 2, 1, 2]
     b-seq    : [2, 1, 0, 1, 1]
     Indecomp : [[1, 1, 2, 1]]
     dim(M)   = 2
     p-exp(M) = 2
     type-seq : [1, 4]
     Isog(M)  = [2]

  ── Combined for sequence 11 ──
     type-seq : [1, 1, 1, 2, 2, 3, 4, 4, 8, 9]
     Isog     : [2, 2, 2, 1, 1, 1, 1]
───────────────────────────────────────────────────────
Sequence 12: [0, 0, 1, 0, 0, 1, 0, 1, 1, 1]
Step 2 (Λ²): 5 component(s)

  ── Component 1 (length 2g) ──
     a-seq    : [0, 1, 1, 0, 1, 1, 1, 2, 2, 1]
     b-seq    : [2, 1, 1, 1, 0, 0, 0, 0, 1, 2]
     Indecomp : [[1, 2, 2, 1, 1, 1]]
     dim(M)   = 2
     p-exp(M) = 2
     type-seq : [2, 6]
     Isog(M)  = [2]

  ── Component 2 (length 2g) ──
     a-seq    : [1, 0, 1, 1, 0, 2, 1, 2, 1, 1]
     b-seq    : [2, 2, 1, 1, 1, 0, 1, 1, 2, 2]
     Indecomp : [[1, 1, 2, 2, 2, 2, 1, 1, 1]]
     dim(M)   = 2
     p-exp(M) = 2
     type-seq : [4, 9]
     Isog(M)  = [2]

  ── Component 3 (length 2g) ──
     a-seq    : [0, 0, 2, 0, 1, 2, 1, 1, 1, 2]
     b-seq    : [2, 1, 0, 1, 0, 0, 1, 1, 1, 1]
     Indecomp : [[1], [1, 1, 1, 1, 2, 1]]
     dim(M)   = 3
     p-exp(M) = 2
     type-seq : [1, 1, 6]
     Isog(M)  = [2, 1]

  ── Component 4 (length 2g) ──
     a-seq    : [0, 1, 1, 1, 1, 2, 0, 1, 2, 1]
     b-seq    : [1, 0, 0, 0, 0, 0, 1, 0, 0, 1]
     Indecomp : [[1], [1, 1]]
     dim(M)   = 2
     p-exp(M) = 1
     type-seq : [1, 2]
     Isog(M)  = [1, 1]

  ── Component 5 (length g) ──
     a-seq    : [1, 0, 2, 1, 1]
     b-seq    : [1, 1, 0, 1, 1]
     Indecomp : [[1, 1, 1, 1]]
     dim(M)   = 1
     p-exp(M) = 1
     type-seq : [4]
     Isog(M)  = [1]

  ── Combined for sequence 12 ──
     type-seq : [1, 1, 1, 2, 2, 4, 4, 6, 6, 9]
     Isog     : [2, 2, 2, 1, 1, 1, 1]
───────────────────────────────────────────────────────
Sequence 13: [0, 0, 0, 1, 1, 0, 0, 1, 1, 1]
Step 2 (Λ²): 5 component(s)

  ── Component 1 (length 2g) ──
     a-seq    : [0, 0, 1, 2, 1, 0, 1, 2, 2, 1]
     b-seq    : [2, 1, 0, 0, 1, 1, 0, 0, 1, 2]
     Indecomp : [[1, 1], [1, 2, 2, 1]]
     dim(M)   = 3
     p-exp(M) = 2
     type-seq : [2, 2, 4]
     Isog(M)  = [2, 1]

  ── Component 2 (length 2g) ──
     a-seq    : [0, 1, 1, 1, 1, 1, 1, 2, 1, 1]
     b-seq    : [1, 0, 0, 0, 0, 0, 0, 0, 1, 1]
     Indecomp : [[1, 1, 1]]
     dim(M)   = 1
     p-exp(M) = 1
     type-seq : [3]
     Isog(M)  = [1]

  ── Component 3 (length 2g) ──
     a-seq    : [1, 1, 0, 1, 2, 1, 1, 1, 1, 1]
     b-seq    : [1, 1, 1, 0, 0, 1, 1, 1, 1, 1]
     Indecomp : [[1, 1, 1, 1, 1, 1, 1, 1]]
     dim(M)   = 1
     p-exp(M) = 1
     type-seq : [8]
     Isog(M)  = [1]

  ── Component 4 (length 2g) ──
     a-seq    : [1, 0, 0, 2, 2, 1, 0, 1, 1, 2]
     b-seq    : [2, 2, 1, 0, 1, 2, 2, 1, 1, 1]
     Indecomp : [[1, 2, 2, 1, 1, 1, 2, 2, 1]]
     dim(M)   = 3
     p-exp(M) = 2
     type-seq : [2, 2, 9]
     Isog(M)  = [2, 1]

  ── Component 5 (length g) ──
     a-seq    : [0, 0, 1, 2, 2]
     b-seq    : [2, 1, 0, 0, 1]
     Indecomp : [[1, 2, 1]]
     dim(M)   = 2
     p-exp(M) = 2
     type-seq : [1, 3]
     Isog(M)  = [2]

  ── Combined for sequence 13 ──
     type-seq : [1, 2, 2, 2, 2, 3, 3, 4, 8, 9]
     Isog     : [2, 2, 2, 1, 1, 1, 1]
───────────────────────────────────────────────────────
Sequence 14: [0, 0, 0, 1, 0, 1, 0, 1, 1, 1]
Step 2 (Λ²): 5 component(s)

  ── Component 1 (length 2g) ──
     a-seq    : [0, 0, 1, 1, 1, 1, 1, 2, 2, 1]
     b-seq    : [2, 1, 0, 0, 0, 0, 0, 0, 1, 2]
     Indecomp : [[1, 2, 2, 1]]
     dim(M)   = 2
     p-exp(M) = 2
     type-seq : [2, 4]
     Isog(M)  = [2]

  ── Component 2 (length 2g) ──
     a-seq    : [0, 1, 0, 2, 0, 2, 1, 2, 1, 1]
     b-seq    : [2, 1, 1, 0, 1, 0, 1, 1, 2, 2]
     Indecomp : [[1], [1, 1, 2, 2, 2, 1, 1]]
     dim(M)   = 3
     p-exp(M) = 2
     type-seq : [1, 3, 7]
     Isog(M)  = [2, 1]

  ── Component 3 (length 2g) ──
     a-seq    : [1, 0, 1, 1, 1, 2, 1, 1, 1, 1]
     b-seq    : [1, 1, 0, 0, 0, 0, 1, 1, 1, 1]
     Indecomp : [[1, 1, 1, 1, 1, 1]]
     dim(M)   = 1
     p-exp(M) = 1
     type-seq : [6]
     Isog(M)  = [1]

  ── Component 4 (length 2g) ──
     a-seq    : [0, 1, 0, 2, 1, 2, 0, 1, 1, 2]
     b-seq    : [2, 1, 1, 0, 1, 1, 2, 1, 1, 1]
     Indecomp : [[1, 1, 2, 1, 1, 1, 2, 1, 1]]
     dim(M)   = 3
     p-exp(M) = 2
     type-seq : [1, 1, 9]
     Isog(M)  = [2, 1]

  ── Component 5 (length g) ──
     a-seq    : [1, 0, 1, 2, 1]
     b-seq    : [1, 1, 0, 0, 1]
     Indecomp : [[1, 1, 1]]
     dim(M)   = 1
     p-exp(M) = 1
     type-seq : [3]
     Isog(M)  = [1]

  ── Combined for sequence 14 ──
     type-seq : [1, 1, 1, 2, 3, 3, 4, 6, 7, 9]
     Isog     : [2, 2, 2, 1, 1, 1, 1]
───────────────────────────────────────────────────────
Sequence 15: [0, 0, 0, 0, 1, 1, 0, 1, 1, 1]
Step 2 (Λ²): 5 component(s)

  ── Component 1 (length 2g) ──
     a-seq    : [0, 0, 0, 1, 2, 1, 1, 2, 2, 1]
     b-seq    : [3, 2, 1, 0, 0, 1, 1, 1, 2, 3]
     Indecomp : [[1, 1, 1, 2, 3, 3, 2, 1]]
     dim(M)   = 3
     p-exp(M) = 3
     type-seq : [2, 4, 8]
     Isog(M)  = [3]

  ── Component 2 (length 2g) ──
     a-seq    : [0, 0, 1, 1, 1, 2, 1, 2, 1, 1]
     b-seq    : [2, 1, 0, 0, 0, 0, 1, 1, 2, 2]
     Indecomp : [[1, 1, 2, 2, 2, 1]]
     dim(M)   = 2
     p-exp(M) = 2
     type-seq : [3, 6]
     Isog(M)  = [2]

  ── Component 3 (length 2g) ──
     a-seq    : [0, 1, 1, 0, 2, 2, 1, 1, 1, 1]
     b-seq    : [2, 1, 1, 1, 0, 1, 2, 2, 2, 2]
     Indecomp : [[1, 2, 2, 2, 2, 2, 1, 1, 1]]
     dim(M)   = 2
     p-exp(M) = 2
     type-seq : [5, 9]
     Isog(M)  = [2]

  ── Component 4 (length 2g) ──
     a-seq    : [1, 1, 0, 1, 2, 2, 0, 1, 1, 1]
     b-seq    : [1, 1, 1, 0, 0, 1, 2, 1, 1, 1]
     Indecomp : [[1, 2, 1, 1, 1, 1, 1, 1]]
     dim(M)   = 2
     p-exp(M) = 2
     type-seq : [1, 8]
     Isog(M)  = [2]

  ── Component 5 (length g) ──
     a-seq    : [1, 0, 1, 1, 2]
     b-seq    : [1, 1, 0, 0, 0]
     Indecomp : [[1, 1]]
     dim(M)   = 1
     p-exp(M) = 1
     type-seq : [2]
     Isog(M)  = [1]

  ── Combined for sequence 15 ──
     type-seq : [1, 2, 2, 3, 4, 5, 6, 8, 8, 9]
     Isog     : [3, 2, 2, 2, 1]
───────────────────────────────────────────────────────
Sequence 16: [0, 0, 0, 1, 1, 0, 1, 1, 0, 1]
Step 2 (Λ²): 5 component(s)

  ── Component 1 (length 2g) ──
     a-seq    : [0, 0, 1, 2, 1, 1, 2, 1, 1, 1]
     b-seq    : [2, 1, 0, 0, 1, 1, 1, 2, 2, 2]
     Indecomp : [[1, 1, 1, 2, 2, 2, 2, 1]]
     dim(M)   = 2
     p-exp(M) = 2
     type-seq : [4, 8]
     Isog(M)  = [2]

  ── Component 2 (length 2g) ──
     a-seq    : [0, 1, 1, 1, 2, 1, 1, 2, 0, 1]
     b-seq    : [1, 0, 0, 0, 0, 1, 1, 1, 2, 1]
     Indecomp : [[1, 1, 1, 2, 1, 1]]
     dim(M)   = 2
     p-exp(M) = 2
     type-seq : [1, 6]
     Isog(M)  = [2]

  ── Component 3 (length 2g) ──
     a-seq    : [1, 1, 0, 2, 2, 0, 2, 1, 0, 1]
     b-seq    : [1, 1, 1, 0, 1, 2, 1, 2, 2, 1]
     Indecomp : [[1, 2, 1, 2, 2, 1, 1, 1, 1]]
     dim(M)   = 3
     p-exp(M) = 2
     type-seq : [1, 2, 9]
     Isog(M)  = [2, 1]

  ── Component 4 (length 2g) ──
     a-seq    : [1, 0, 1, 2, 1, 1, 1, 1, 0, 2]
     b-seq    : [1, 1, 0, 0, 1, 1, 1, 1, 1, 0]
     Indecomp : [[1, 1, 1, 1, 1], [1, 1]]
     dim(M)   = 2
     p-exp(M) = 1
     type-seq : [2, 5]
     Isog(M)  = [1, 1]

  ── Component 5 (length g) ──
     a-seq    : [0, 1, 1, 1, 2]
     b-seq    : [1, 0, 0, 0, 0]
     Indecomp : [[1]]
     dim(M)   = 1
     p-exp(M) = 1
     type-seq : [1]
     Isog(M)  = [1]

  ── Combined for sequence 16 ──
     type-seq : [1, 1, 1, 2, 2, 4, 5, 6, 8, 9]
     Isog     : [2, 2, 2, 1, 1, 1, 1]
───────────────────────────────────────────────────────
Sequence 17: [0, 0, 1, 0, 0, 1, 1, 0, 1, 1]
Step 2 (Λ²): 5 component(s)

  ── Component 1 (length 2g) ──
     a-seq    : [0, 1, 1, 0, 1, 2, 1, 1, 2, 1]
     b-seq    : [2, 1, 1, 1, 0, 0, 1, 1, 1, 2]
     Indecomp : [[1, 1, 1, 2, 2, 1, 1, 1]]
     dim(M)   = 2
     p-exp(M) = 2
     type-seq : [2, 8]
     Isog(M)  = [2]

  ── Component 2 (length 2g) ──
     a-seq    : [1, 0, 1, 1, 1, 1, 2, 1, 1, 1]
     b-seq    : [1, 1, 0, 0, 0, 0, 0, 1, 1, 1]
     Indecomp : [[1, 1, 1, 1, 1]]
     dim(M)   = 1
     p-exp(M) = 1
     type-seq : [5]
     Isog(M)  = [1]

  ── Component 3 (length 2g) ──
     a-seq    : [0, 0, 2, 1, 0, 2, 2, 0, 1, 2]
     b-seq    : [2, 1, 0, 1, 1, 0, 1, 2, 1, 1]
     Indecomp : [[1, 1], [1, 2, 1, 1, 2, 1]]
     dim(M)   = 4
     p-exp(M) = 2
     type-seq : [1, 1, 2, 6]
     Isog(M)  = [2, 1, 1]

  ── Component 4 (length 2g) ──
     a-seq    : [0, 1, 2, 0, 1, 2, 1, 0, 2, 1]
     b-seq    : [1, 0, 0, 1, 0, 0, 1, 1, 0, 1]
     Indecomp : [[1], [1, 1], [1, 1]]
     dim(M)   = 3
     p-exp(M) = 1
     type-seq : [1, 2, 2]
     Isog(M)  = [1, 1, 1]

  ── Component 5 (length g) ──
     a-seq    : [1, 1, 1, 1, 1]
     b-seq    : [0, 0, 0, 0, 0]
     Indecomp : []
     dim(M)   = 0
     p-exp(M) = 0
     type-seq : []
     Isog(M)  = []

  ── Combined for sequence 17 ──
     type-seq : [1, 1, 1, 2, 2, 2, 2, 5, 6, 8]
     Isog     : [2, 2, 1, 1, 1, 1, 1, 1]
───────────────────────────────────────────────────────
Sequence 18: [0, 0, 0, 1, 0, 1, 1, 0, 1, 1]
Step 2 (Λ²): 5 component(s)

  ── Component 1 (length 2g) ──
     a-seq    : [0, 0, 1, 1, 1, 2, 1, 1, 2, 1]
     b-seq    : [2, 1, 0, 0, 0, 0, 1, 1, 1, 2]
     Indecomp : [[1, 1, 1, 2, 2, 1]]
     dim(M)   = 2
     p-exp(M) = 2
     type-seq : [2, 6]
     Isog(M)  = [2]

  ── Component 2 (length 2g) ──
     a-seq    : [0, 1, 0, 2, 1, 1, 2, 1, 1, 1]
     b-seq    : [2, 1, 1, 0, 1, 1, 1, 2, 2, 2]
     Indecomp : [[1, 1, 1, 2, 2, 2, 2, 1, 1]]
     dim(M)   = 2
     p-exp(M) = 2
     type-seq : [4, 9]
     Isog(M)  = [2]

  ── Component 3 (length 2g) ──
     a-seq    : [1, 0, 1, 2, 0, 2, 2, 0, 1, 1]
     b-seq    : [1, 1, 0, 0, 1, 0, 1, 2, 1, 1]
     Indecomp : [[1], [1, 2, 1, 1, 1, 1]]
     dim(M)   = 3
     p-exp(M) = 2
     type-seq : [1, 1, 6]
     Isog(M)  = [2, 1]

  ── Component 4 (length 2g) ──
     a-seq    : [0, 1, 1, 1, 1, 2, 1, 0, 1, 2]
     b-seq    : [1, 0, 0, 0, 0, 0, 1, 1, 0, 0]
     Indecomp : [[1, 1], [1]]
     dim(M)   = 2
     p-exp(M) = 1
     type-seq : [1, 2]
     Isog(M)  = [1, 1]

  ── Component 5 (length g) ──
     a-seq    : [1, 1, 0, 2, 1]
     b-seq    : [1, 1, 1, 0, 1]
     Indecomp : [[1, 1, 1, 1]]
     dim(M)   = 1
     p-exp(M) = 1
     type-seq : [4]
     Isog(M)  = [1]

  ── Combined for sequence 18 ──
     type-seq : [1, 1, 1, 2, 2, 4, 4, 6, 6, 9]
     Isog     : [2, 2, 2, 1, 1, 1, 1]
───────────────────────────────────────────────────────
Sequence 19: [0, 0, 0, 1, 1, 0, 1, 0, 1, 1]
Step 2 (Λ²): 5 component(s)

  ── Component 1 (length 2g) ──
     a-seq    : [0, 0, 1, 2, 1, 1, 1, 1, 2, 1]
     b-seq    : [2, 1, 0, 0, 1, 1, 1, 1, 1, 2]
     Indecomp : [[1, 1, 1, 1, 1, 2, 2, 1]]
     dim(M)   = 2
     p-exp(M) = 2
     type-seq : [2, 8]
     Isog(M)  = [2]

  ── Component 2 (length 2g) ──
     a-seq    : [0, 1, 1, 1, 2, 0, 2, 1, 1, 1]
     b-seq    : [1, 0, 0, 0, 0, 1, 0, 1, 1, 1]
     Indecomp : [[1], [1, 1, 1, 1]]
     dim(M)   = 2
     p-exp(M) = 1
     type-seq : [1, 4]
     Isog(M)  = [1, 1]

  ── Component 3 (length 2g) ──
     a-seq    : [1, 1, 0, 2, 1, 1, 2, 0, 1, 1]
     b-seq    : [1, 1, 1, 0, 1, 1, 1, 2, 1, 1]
     Indecomp : [[1, 1, 1, 2, 1, 1, 1, 1, 1]]
     dim(M)   = 2
     p-exp(M) = 2
     type-seq : [1, 9]
     Isog(M)  = [2]

  ── Component 4 (length 2g) ──
     a-seq    : [1, 0, 1, 1, 2, 1, 1, 0, 1, 2]
     b-seq    : [1, 1, 0, 0, 0, 1, 1, 1, 0, 0]
     Indecomp : [[1, 1, 1], [1, 1]]
     dim(M)   = 2
     p-exp(M) = 1
     type-seq : [2, 3]
     Isog(M)  = [1, 1]

  ── Component 5 (length g) ──
     a-seq    : [0, 1, 0, 2, 2]
     b-seq    : [2, 1, 1, 0, 1]
     Indecomp : [[1, 2, 1, 1]]
     dim(M)   = 2
     p-exp(M) = 2
     type-seq : [1, 4]
     Isog(M)  = [2]

  ── Combined for sequence 19 ──
     type-seq : [1, 1, 1, 2, 2, 3, 4, 4, 8, 9]
     Isog     : [2, 2, 2, 1, 1, 1, 1]
───────────────────────────────────────────────────────
Sequence 20: [0, 0, 1, 1, 0, 1, 0, 1, 0, 1]
Step 2 (Λ²): 5 component(s)

  ── Component 1 (length 2g) ──
     a-seq    : [0, 1, 2, 1, 1, 1, 1, 1, 1, 1]
     b-seq    : [1, 0, 0, 1, 1, 1, 1, 1, 1, 1]
     Indecomp : [[1, 1, 1, 1, 1, 1, 1, 1]]
     dim(M)   = 1
     p-exp(M) = 1
     type-seq : [8]
     Isog(M)  = [1]

  ── Component 2 (length 2g) ──
     a-seq    : [1, 1, 1, 2, 0, 2, 0, 2, 0, 1]
     b-seq    : [0, 0, 0, 0, 1, 0, 1, 0, 1, 0]
     Indecomp : [[1], [1], [1]]
     dim(M)   = 3
     p-exp(M) = 1
     type-seq : [1, 1, 1]
     Isog(M)  = [1, 1, 1]

  ── Component 3 (length 2g) ──
     a-seq    : [1, 0, 2, 1, 1, 1, 1, 1, 0, 2]
     b-seq    : [1, 1, 0, 1, 1, 1, 1, 1, 1, 0]
     Indecomp : [[1, 1, 1, 1, 1, 1], [1, 1]]
     dim(M)   = 2
     p-exp(M) = 1
     type-seq : [2, 6]
     Isog(M)  = [1, 1]

  ── Component 4 (length 2g) ──
     a-seq    : [0, 1, 1, 2, 0, 2, 0, 1, 1, 2]
     b-seq    : [1, 0, 0, 0, 1, 0, 1, 0, 0, 0]
     Indecomp : [[1], [1], [1]]
     dim(M)   = 3
     p-exp(M) = 1
     type-seq : [1, 1, 1]
     Isog(M)  = [1, 1, 1]

  ── Component 5 (length g) ──
     a-seq    : [1, 0, 2, 1, 1]
     b-seq    : [1, 1, 0, 1, 1]
     Indecomp : [[1, 1, 1, 1]]
     dim(M)   = 1
     p-exp(M) = 1
     type-seq : [4]
     Isog(M)  = [1]

  ── Combined for sequence 20 ──
     type-seq : [1, 1, 1, 1, 1, 1, 2, 4, 6, 8]
     Isog     : [1, 1, 1, 1, 1, 1, 1, 1, 1, 1]
───────────────────────────────────────────────────────
Sequence 21: [0, 0, 1, 0, 1, 1, 0, 1, 0, 1]
Step 2 (Λ²): 5 component(s)

  ── Component 1 (length 2g) ──
     a-seq    : [0, 1, 1, 1, 2, 1, 1, 1, 1, 1]
     b-seq    : [1, 0, 0, 0, 0, 1, 1, 1, 1, 1]
     Indecomp : [[1, 1, 1, 1, 1, 1]]
     dim(M)   = 1
     p-exp(M) = 1
     type-seq : [6]
     Isog(M)  = [1]

  ── Component 2 (length 2g) ──
     a-seq    : [1, 0, 2, 1, 1, 2, 0, 2, 0, 1]
     b-seq    : [1, 1, 0, 1, 1, 1, 2, 1, 2, 1]
     Indecomp : [[1, 1, 1, 2, 1, 2, 1, 1, 1]]
     dim(M)   = 3
     p-exp(M) = 2
     type-seq : [1, 1, 9]
     Isog(M)  = [2, 1]

  ── Component 3 (length 2g) ──
     a-seq    : [0, 1, 2, 0, 2, 1, 1, 1, 0, 2]
     b-seq    : [1, 0, 0, 1, 0, 1, 1, 1, 1, 0]
     Indecomp : [[1], [1, 1, 1, 1], [1]]
     dim(M)   = 3
     p-exp(M) = 1
     type-seq : [1, 1, 4]
     Isog(M)  = [1, 1, 1]

  ── Component 4 (length 2g) ──
     a-seq    : [1, 1, 1, 1, 1, 2, 0, 1, 1, 1]
     b-seq    : [0, 0, 0, 0, 0, 0, 1, 0, 0, 0]
     Indecomp : [[1]]
     dim(M)   = 1
     p-exp(M) = 1
     type-seq : [1]
     Isog(M)  = [1]

  ── Component 5 (length g) ──
     a-seq    : [1, 0, 2, 0, 2]
     b-seq    : [1, 1, 0, 1, 0]
     Indecomp : [[1], [1, 1]]
     dim(M)   = 2
     p-exp(M) = 1
     type-seq : [1, 2]
     Isog(M)  = [1, 1]

  ── Combined for sequence 21 ──
     type-seq : [1, 1, 1, 1, 1, 1, 2, 4, 6, 9]
     Isog     : [2, 1, 1, 1, 1, 1, 1, 1, 1]
───────────────────────────────────────────────────────
Sequence 22: [0, 0, 1, 1, 0, 0, 1, 1, 0, 1]
Step 2 (Λ²): 5 component(s)

  ── Component 1 (length 2g) ──
     a-seq    : [0, 1, 2, 1, 0, 1, 2, 1, 1, 1]
     b-seq    : [1, 0, 0, 1, 1, 0, 0, 1, 1, 1]
     Indecomp : [[1, 1], [1, 1, 1, 1]]
     dim(M)   = 2
     p-exp(M) = 1
     type-seq : [2, 4]
     Isog(M)  = [1, 1]

  ── Component 2 (length 2g) ──
     a-seq    : [1, 1, 1, 1, 1, 1, 1, 2, 0, 1]
     b-seq    : [0, 0, 0, 0, 0, 0, 0, 0, 1, 0]
     Indecomp : [[1]]
     dim(M)   = 1
     p-exp(M) = 1
     type-seq : [1]
     Isog(M)  = [1]

  ── Component 3 (length 2g) ──
     a-seq    : [1, 0, 1, 2, 1, 0, 2, 1, 0, 2]
     b-seq    : [1, 1, 0, 0, 1, 1, 0, 1, 1, 0]
     Indecomp : [[1, 1], [1, 1], [1, 1]]
     dim(M)   = 3
     p-exp(M) = 1
     type-seq : [2, 2, 2]
     Isog(M)  = [1, 1, 1]

  ── Component 4 (length 2g) ──
     a-seq    : [0, 0, 2, 2, 0, 1, 1, 1, 1, 2]
     b-seq    : [2, 1, 0, 1, 2, 1, 1, 1, 1, 1]
     Indecomp : [[1, 2, 1, 1, 1, 1, 1, 2, 1]]
     dim(M)   = 3
     p-exp(M) = 2
     type-seq : [1, 1, 9]
     Isog(M)  = [2, 1]

  ── Component 5 (length g) ──
     a-seq    : [0, 1, 2, 1, 1]
     b-seq    : [1, 0, 0, 1, 1]
     Indecomp : [[1, 1, 1]]
     dim(M)   = 1
     p-exp(M) = 1
     type-seq : [3]
     Isog(M)  = [1]

  ── Combined for sequence 22 ──
     type-seq : [1, 1, 1, 2, 2, 2, 2, 3, 4, 9]
     Isog     : [2, 1, 1, 1, 1, 1, 1, 1, 1]
───────────────────────────────────────────────────────
Sequence 23: [0, 0, 1, 0, 1, 0, 1, 1, 0, 1]
Step 2 (Λ²): 5 component(s)

  ── Component 1 (length 2g) ──
     a-seq    : [0, 1, 1, 1, 1, 1, 2, 1, 1, 1]
     b-seq    : [1, 0, 0, 0, 0, 0, 0, 1, 1, 1]
     Indecomp : [[1, 1, 1, 1]]
     dim(M)   = 1
     p-exp(M) = 1
     type-seq : [4]
     Isog(M)  = [1]

  ── Component 2 (length 2g) ──
     a-seq    : [1, 0, 2, 0, 2, 1, 1, 2, 0, 1]
     b-seq    : [1, 1, 0, 1, 0, 1, 1, 1, 2, 1]
     Indecomp : [[1], [1, 1, 1, 2, 1, 1, 1]]
     dim(M)   = 3
     p-exp(M) = 2
     type-seq : [1, 1, 7]
     Isog(M)  = [2, 1]

  ── Component 3 (length 2g) ──
     a-seq    : [0, 1, 1, 1, 2, 0, 2, 1, 0, 2]
     b-seq    : [1, 0, 0, 0, 0, 1, 0, 1, 1, 0]
     Indecomp : [[1], [1, 1], [1]]
     dim(M)   = 3
     p-exp(M) = 1
     type-seq : [1, 1, 2]
     Isog(M)  = [1, 1, 1]

  ── Component 4 (length 2g) ──
     a-seq    : [1, 0, 2, 1, 1, 1, 1, 1, 1, 1]
     b-seq    : [1, 1, 0, 1, 1, 1, 1, 1, 1, 1]
     Indecomp : [[1, 1, 1, 1, 1, 1, 1, 1, 1]]
     dim(M)   = 1
     p-exp(M) = 1
     type-seq : [9]
     Isog(M)  = [1]

  ── Component 5 (length g) ──
     a-seq    : [0, 1, 2, 0, 2]
     b-seq    : [1, 0, 0, 1, 0]
     Indecomp : [[1], [1]]
     dim(M)   = 2
     p-exp(M) = 1
     type-seq : [1, 1]
     Isog(M)  = [1, 1]

  ── Combined for sequence 23 ──
     type-seq : [1, 1, 1, 1, 1, 1, 2, 4, 7, 9]
     Isog     : [2, 1, 1, 1, 1, 1, 1, 1, 1]
───────────────────────────────────────────────────────
Sequence 24: [0, 0, 1, 0, 1, 1, 0, 0, 1, 1]
Step 2 (Λ²): 5 component(s)

  ── Component 1 (length 2g) ──
     a-seq    : [0, 1, 1, 1, 2, 1, 0, 1, 2, 1]
     b-seq    : [1, 0, 0, 0, 0, 1, 1, 0, 0, 1]
     Indecomp : [[1, 1], [1, 1]]
     dim(M)   = 2
     p-exp(M) = 1
     type-seq : [2, 2]
     Isog(M)  = [1, 1]

  ── Component 2 (length 2g) ──
     a-seq    : [1, 0, 2, 1, 1, 1, 1, 1, 1, 1]
     b-seq    : [1, 1, 0, 1, 1, 1, 1, 1, 1, 1]
     Indecomp : [[1, 1, 1, 1, 1, 1, 1, 1, 1]]
     dim(M)   = 1
     p-exp(M) = 1
     type-seq : [9]
     Isog(M)  = [1]

  ── Component 3 (length 2g) ──
     a-seq    : [0, 1, 2, 0, 1, 2, 1, 0, 1, 2]
     b-seq    : [1, 0, 0, 1, 0, 0, 1, 1, 0, 0]
     Indecomp : [[1], [1, 1], [1]]
     dim(M)   = 3
     p-exp(M) = 1
     type-seq : [1, 1, 2]
     Isog(M)  = [1, 1, 1]

  ── Component 4 (length 2g) ──
     a-seq    : [1, 1, 1, 0, 2, 2, 0, 0, 2, 1]
     b-seq    : [1, 1, 1, 1, 0, 1, 2, 1, 0, 1]
     Indecomp : [[1, 2, 1], [1, 1, 1, 1, 1]]
     dim(M)   = 3
     p-exp(M) = 2
     type-seq : [1, 3, 5]
     Isog(M)  = [2, 1]

  ── Component 5 (length g) ──
     a-seq    : [1, 0, 1, 1, 2]
     b-seq    : [1, 1, 0, 0, 0]
     Indecomp : [[1, 1]]
     dim(M)   = 1
     p-exp(M) = 1
     type-seq : [2]
     Isog(M)  = [1]

  ── Combined for sequence 24 ──
     type-seq : [1, 1, 1, 2, 2, 2, 2, 3, 5, 9]
     Isog     : [2, 1, 1, 1, 1, 1, 1, 1, 1]
───────────────────────────────────────────────────────
Sequence 25: [0, 0, 1, 0, 1, 0, 1, 0, 1, 1]
Step 2 (Λ²): 5 component(s)

  ── Component 1 (length 2g) ──
     a-seq    : [0, 1, 1, 1, 1, 1, 1, 1, 2, 1]
     b-seq    : [1, 0, 0, 0, 0, 0, 0, 0, 0, 1]
     Indecomp : [[1, 1]]
     dim(M)   = 1
     p-exp(M) = 1
     type-seq : [2]
     Isog(M)  = [1]

  ── Component 2 (length 2g) ──
     a-seq    : [1, 0, 2, 0, 2, 0, 2, 1, 1, 1]
     b-seq    : [1, 1, 0, 1, 0, 1, 0, 1, 1, 1]
     Indecomp : [[1], [1], [1, 1, 1, 1, 1]]
     dim(M)   = 3
     p-exp(M) = 1
     type-seq : [1, 1, 5]
     Isog(M)  = [1, 1, 1]

  ── Component 3 (length 2g) ──
     a-seq    : [0, 1, 1, 1, 1, 1, 2, 0, 1, 2]
     b-seq    : [1, 0, 0, 0, 0, 0, 0, 1, 0, 0]
     Indecomp : [[1], [1]]
     dim(M)   = 2
     p-exp(M) = 1
     type-seq : [1, 1]
     Isog(M)  = [1, 1]

  ── Component 4 (length 2g) ──
     a-seq    : [1, 0, 2, 0, 2, 1, 1, 0, 2, 1]
     b-seq    : [1, 1, 0, 1, 0, 1, 1, 1, 0, 1]
     Indecomp : [[1], [1, 1, 1], [1, 1, 1]]
     dim(M)   = 3
     p-exp(M) = 1
     type-seq : [1, 3, 3]
     Isog(M)  = [1, 1, 1]

  ── Component 5 (length g) ──
     a-seq    : [0, 1, 1, 1, 2]
     b-seq    : [1, 0, 0, 0, 0]
     Indecomp : [[1]]
     dim(M)   = 1
     p-exp(M) = 1
     type-seq : [1]
     Isog(M)  = [1]

  ── Combined for sequence 25 ──
     type-seq : [1, 1, 1, 1, 1, 1, 2, 3, 3, 5]
     Isog     : [1, 1, 1, 1, 1, 1, 1, 1, 1, 1]
───────────────────────────────────────────────────────
Sequence 26: [0, 1, 0, 1, 0, 1, 0, 1, 0, 1]
Step 2 (Λ²): 5 component(s)

  ── Component 1 (length 2g) ──
     a-seq    : [1, 1, 1, 1, 1, 1, 1, 1, 1, 1]
     b-seq    : [0, 0, 0, 0, 0, 0, 0, 0, 0, 0]
     Indecomp : []
     dim(M)   = 0
     p-exp(M) = 0
     type-seq : []
     Isog(M)  = []

  ── Component 2 (length 2g) ──
     a-seq    : [0, 2, 0, 2, 0, 2, 0, 2, 0, 2]
     b-seq    : [1, 0, 1, 0, 1, 0, 1, 0, 1, 0]
     Indecomp : [[1], [1], [1], [1], [1]]
     dim(M)   = 5
     p-exp(M) = 1
     type-seq : [1, 1, 1, 1, 1]
     Isog(M)  = [1, 1, 1, 1, 1]

  ── Component 3 (length 2g) ──
     a-seq    : [1, 1, 1, 1, 1, 1, 1, 1, 1, 1]
     b-seq    : [0, 0, 0, 0, 0, 0, 0, 0, 0, 0]
     Indecomp : []
     dim(M)   = 0
     p-exp(M) = 0
     type-seq : []
     Isog(M)  = []

  ── Component 4 (length 2g) ──
     a-seq    : [0, 2, 0, 2, 0, 2, 0, 2, 0, 2]
     b-seq    : [1, 0, 1, 0, 1, 0, 1, 0, 1, 0]
     Indecomp : [[1], [1], [1], [1], [1]]
     dim(M)   = 5
     p-exp(M) = 1
     type-seq : [1, 1, 1, 1, 1]
     Isog(M)  = [1, 1, 1, 1, 1]

  ── Component 5 (length g) ──
     a-seq    : [1, 1, 1, 1, 1]
     b-seq    : [0, 0, 0, 0, 0]
     Indecomp : []
     dim(M)   = 0
     p-exp(M) = 0
     type-seq : []
     Isog(M)  = []

  ── Combined for sequence 26 ──
     type-seq : [1, 1, 1, 1, 1, 1, 1, 1, 1, 1]
     Isog     : [1, 1, 1, 1, 1, 1, 1, 1, 1, 1]

