
g = 7
   1.  a-seq=[0, 0, 0, 0, 0, 0, 0, 1, 1, 1, 1, 1, 1, 1]  a-number=1  type-seq=[2, 3, 4, 4, 5, 5, 6, 6, 6, 7, 7, 7, 8, 8, 8, 9, 9, 10, 10, 11, 12]  sum=147  Isog=[6, 5, 4, 3, 2, 1]
   2.  a-seq=[0, 0, 0, 0, 0, 0, 1, 1, 1, 1, 1, 1, 0, 1]  a-number=2  type-seq=[1, 2, 3, 4, 4, 5, 5, 6, 6, 6, 7, 7, 8, 8, 8, 9, 9, 10, 10, 11, 12]  sum=141  Isog=[5, 5, 4, 3, 2, 1, 1]
   3.  a-seq=[0, 0, 0, 0, 0, 1, 1, 1, 1, 1, 1, 0, 0, 1]  a-number=2  type-seq=[1, 2, 2, 3, 4, 4, 5, 5, 6, 6, 7, 7, 8, 8, 9, 9, 10, 10, 11, 12, 13]  sum=142  Isog=[5, 4, 4, 3, 2, 2, 1]
   4.  a-seq=[0, 0, 0, 0, 1, 1, 1, 1, 1, 1, 0, 0, 0, 1]  a-number=2  type-seq=[1, 2, 2, 3, 3, 4, 4, 5, 6, 6, 7, 7, 8, 8, 9, 10, 10, 11, 12, 12, 13]  sum=143  Isog=[5, 4, 3, 3, 3, 2, 1]
   5.  a-seq=[0, 0, 0, 0, 1, 0, 0, 0, 1, 1, 1, 1, 1, 1]  a-number=2  type-seq=[1, 2, 2, 3, 3, 4, 4, 5, 6, 6, 7, 7, 8, 8, 9, 10, 11, 11, 12, 12, 13]  sum=144  Isog=[5, 4, 3, 3, 3, 2, 1]
   6.  a-seq=[0, 0, 0, 0, 0, 1, 0, 0, 1, 1, 1, 1, 1, 1]  a-number=2  type-seq=[1, 2, 2, 3, 4, 4, 5, 5, 6, 6, 7, 7, 8, 8, 9, 10, 10, 11, 12, 12, 13]  sum=145  Isog=[5, 4, 4, 3, 2, 2, 1]
   7.  a-seq=[0, 0, 0, 0, 0, 0, 1, 0, 1, 1, 1, 1, 1, 1]  a-number=2  type-seq=[1, 2, 3, 4, 4, 5, 5, 6, 6, 6, 7, 7, 8, 8, 9, 9, 10, 10, 11, 12, 13]  sum=146  Isog=[5, 5, 4, 3, 2, 1, 1]
   8.  a-seq=[0, 0, 0, 0, 0, 0, 1, 1, 1, 1, 1, 0, 1, 1]  a-number=2  type-seq=[1, 2, 2, 3, 4, 4, 5, 5, 6, 6, 7, 7, 8, 8, 9, 9, 10, 10, 11, 12, 13]  sum=142  Isog=[5, 4, 4, 3, 2, 2, 1]
   9.  a-seq=[0, 0, 0, 0, 0, 1, 1, 1, 1, 1, 0, 1, 0, 1]  a-number=3  type-seq=[1, 1, 1, 2, 3, 4, 4, 5, 5, 6, 6, 7, 7, 8, 8, 9, 9, 10, 10, 11, 12]  sum=129  Isog=[4, 4, 3, 3, 2, 2, 1, 1, 1]
  10.  a-seq=[0, 0, 0, 0, 1, 1, 1, 1, 1, 0, 1, 0, 0, 1]  a-number=3  type-seq=[1, 1, 1, 2, 2, 3, 4, 4, 5, 6, 6, 7, 7, 8, 8, 9, 10, 10, 11, 12, 13]  sum=130  Isog=[4, 4, 3, 3, 2, 2, 1, 1, 1]
  11.  a-seq=[0, 0, 0, 1, 0, 0, 0, 1, 1, 1, 1, 1, 0, 1]  a-number=3  type-seq=[1, 1, 1, 2, 2, 3, 3, 4, 5, 6, 6, 7, 7, 8, 8, 9, 10, 11, 12, 12, 13]  sum=131  Isog=[4, 4, 3, 3, 2, 2, 1, 1, 1]
  12.  a-seq=[0, 0, 0, 0, 1, 0, 0, 1, 1, 1, 1, 1, 0, 1]  a-number=3  type-seq=[1, 1, 1, 2, 2, 3, 4, 4, 5, 6, 6, 7, 7, 8, 8, 9, 10, 11, 12, 12, 13]  sum=132  Isog=[4, 4, 4, 3, 2, 1, 1, 1, 1]
  13.  a-seq=[0, 0, 0, 0, 0, 1, 0, 1, 1, 1, 1, 1, 0, 1]  a-number=3  type-seq=[1, 1, 1, 2, 3, 4, 4, 5, 5, 6, 6, 7, 7, 8, 8, 9, 10, 10, 11, 12, 13]  sum=133  Isog=[5, 4, 4, 3, 2, 1, 1, 1]
  14.  a-seq=[0, 0, 0, 0, 0, 1, 1, 1, 1, 1, 0, 0, 1, 1]  a-number=2  type-seq=[1, 2, 2, 2, 2, 3, 3, 4, 4, 5, 5, 6, 7, 8, 8, 9, 9, 10, 10, 11, 12]  sum=123  Isog=[4, 3, 3, 3, 2, 2, 2, 1, 1]
  15.  a-seq=[0, 0, 0, 0, 1, 1, 1, 1, 1, 0, 0, 1, 0, 1]  a-number=3  type-seq=[1, 1, 1, 2, 2, 3, 3, 4, 4, 4, 5, 6, 7, 8, 8, 9, 10, 10, 11, 12, 13]  sum=124  Isog=[4, 3, 3, 3, 2, 2, 2, 1, 1]
  16.  a-seq=[0, 0, 0, 1, 1, 1, 1, 1, 0, 0, 1, 0, 0, 1]  a-number=3  type-seq=[1, 1, 1, 2, 2, 2, 3, 4, 4, 5, 5, 6, 6, 8, 8, 9, 10, 11, 12, 12, 13]  sum=125  Isog=[4, 3, 3, 3, 2, 2, 2, 1, 1]
  17.  a-seq=[0, 0, 0, 1, 0, 0, 1, 1, 1, 1, 1, 0, 0, 1]  a-number=3  type-seq=[1, 1, 1, 2, 2, 2, 3, 4, 5, 5, 6, 6, 6, 7, 8, 9, 10, 11, 12, 12, 13]  sum=126  Isog=[4, 4, 3, 3, 2, 2, 1, 1, 1]
  18.  a-seq=[0, 0, 0, 0, 1, 0, 1, 1, 1, 1, 1, 0, 0, 1]  a-number=3  type-seq=[1, 1, 1, 2, 2, 3, 4, 4, 5, 6, 6, 6, 7, 8, 8, 8, 9, 10, 11, 12, 13]  sum=127  Isog=[4, 4, 4, 3, 2, 1, 1, 1, 1]
  19.  a-seq=[0, 0, 0, 0, 1, 1, 1, 1, 1, 0, 0, 0, 1, 1]  a-number=2  type-seq=[1, 2, 2, 2, 2, 3, 3, 3, 4, 4, 4, 5, 6, 7, 9, 10, 10, 11, 12, 12, 13]  sum=125  Isog=[4, 3, 3, 3, 2, 2, 2, 1, 1]
  20.  a-seq=[0, 0, 0, 1, 0, 1, 0, 0, 0, 1, 1, 1, 1, 1]  a-number=3  type-seq=[1, 1, 1, 2, 2, 3, 3, 3, 4, 4, 5, 5, 6, 7, 9, 10, 11, 11, 12, 13, 13]  sum=126  Isog=[4, 3, 3, 3, 2, 2, 2, 1, 1]
  21.  a-seq=[0, 0, 0, 1, 0, 0, 1, 0, 0, 1, 1, 1, 1, 1]  a-number=3  type-seq=[1, 1, 1, 2, 2, 2, 3, 4, 4, 5, 5, 6, 6, 7, 8, 10, 10, 12, 12, 13, 13]  sum=127  Isog=[4, 3, 3, 3, 2, 2, 2, 1, 1]
  22.  a-seq=[0, 0, 0, 1, 0, 0, 0, 1, 0, 1, 1, 1, 1, 1]  a-number=3  type-seq=[1, 1, 1, 2, 2, 3, 3, 4, 5, 5, 6, 6, 7, 8, 8, 9, 9, 10, 12, 13, 13]  sum=128  Isog=[4, 4, 3, 3, 2, 2, 1, 1, 1]
  23.  a-seq=[0, 0, 0, 0, 1, 1, 0, 0, 0, 1, 1, 1, 1, 1]  a-number=2  type-seq=[1, 2, 2, 2, 2, 3, 3, 3, 4, 4, 4, 5, 6, 7, 8, 11, 11, 12, 12, 12, 13]  sum=127  Isog=[4, 3, 3, 3, 2, 2, 2, 1, 1]
  24.  a-seq=[0, 0, 0, 0, 1, 0, 1, 0, 0, 1, 1, 1, 1, 1]  a-number=3  type-seq=[1, 1, 1, 2, 2, 3, 3, 4, 4, 4, 5, 6, 6, 7, 8, 10, 11, 12, 12, 13, 13]  sum=128  Isog=[4, 3, 3, 3, 2, 2, 2, 1, 1]
  25.  a-seq=[0, 0, 0, 0, 1, 0, 0, 1, 0, 1, 1, 1, 1, 1]  a-number=3  type-seq=[1, 1, 1, 2, 2, 3, 4, 4, 4, 5, 6, 6, 7, 8, 8, 9, 10, 10, 12, 13, 13]  sum=129  Isog=[4, 4, 3, 3, 2, 2, 1, 1, 1]
  26.  a-seq=[0, 0, 0, 0, 0, 1, 1, 0, 0, 1, 1, 1, 1, 1]  a-number=2  type-seq=[1, 2, 2, 2, 2, 3, 3, 4, 4, 5, 5, 6, 6, 7, 8, 10, 11, 11, 12, 12, 13]  sum=129  Isog=[4, 3, 3, 3, 2, 2, 2, 1, 1]
  27.  a-seq=[0, 0, 0, 0, 0, 1, 0, 1, 0, 1, 1, 1, 1, 1]  a-number=3  type-seq=[1, 1, 1, 2, 3, 3, 4, 4, 5, 5, 6, 6, 7, 8, 8, 9, 10, 11, 11, 12, 13]  sum=130  Isog=[4, 4, 3, 3, 2, 2, 1, 1, 1]
  28.  a-seq=[0, 0, 0, 0, 0, 0, 1, 1, 0, 1, 1, 1, 1, 1]  a-number=2  type-seq=[1, 2, 2, 3, 4, 4, 5, 5, 6, 6, 7, 7, 8, 8, 9, 10, 10, 11, 12, 12, 13]  sum=145  Isog=[5, 4, 4, 3, 2, 2, 1]
  29.  a-seq=[0, 0, 0, 0, 0, 0, 1, 1, 1, 1, 0, 1, 1, 1]  a-number=2  type-seq=[1, 2, 2, 3, 3, 4, 4, 5, 6, 6, 7, 7, 8, 8, 9, 10, 10, 11, 12, 12, 13]  sum=143  Isog=[5, 4, 3, 3, 3, 2, 1]
  30.  a-seq=[0, 0, 0, 0, 0, 1, 1, 1, 1, 0, 1, 1, 0, 1]  a-number=3  type-seq=[1, 1, 1, 2, 2, 3, 4, 4, 5, 6, 6, 7, 7, 8, 8, 9, 10, 10, 11, 12, 13]  sum=130  Isog=[4, 4, 3, 3, 2, 2, 1, 1, 1]
  31.  a-seq=[0, 0, 0, 0, 1, 1, 1, 1, 0, 1, 1, 0, 0, 1]  a-number=3  type-seq=[1, 1, 1, 2, 2, 2, 2, 3, 4, 5, 6, 6, 7, 7, 8, 8, 9, 10, 10, 11, 12]  sum=117  Isog=[4, 3, 3, 2, 2, 2, 1, 1, 1, 1, 1]
  32.  a-seq=[0, 0, 0, 1, 0, 0, 0, 1, 1, 1, 1, 0, 1, 1]  a-number=3  type-seq=[1, 1, 1, 2, 2, 2, 2, 3, 3, 4, 6, 6, 7, 7, 8, 8, 9, 10, 11, 12, 13]  sum=118  Isog=[4, 3, 3, 3, 2, 1, 1, 1, 1, 1, 1]
  33.  a-seq=[0, 0, 0, 0, 1, 0, 0, 1, 1, 1, 1, 0, 1, 1]  a-number=3  type-seq=[1, 1, 1, 2, 2, 2, 2, 3, 4, 4, 5, 6, 7, 7, 8, 8, 9, 10, 12, 12, 13]  sum=119  Isog=[4, 4, 3, 3, 2, 1, 1, 1, 1, 1]
  34.  a-seq=[0, 0, 0, 0, 0, 1, 0, 1, 1, 1, 1, 0, 1, 1]  a-number=3  type-seq=[1, 1, 1, 2, 2, 3, 4, 4, 5, 6, 6, 6, 7, 8, 8, 8, 9, 10, 11, 12, 13]  sum=127  Isog=[4, 4, 4, 3, 2, 1, 1, 1, 1]
  35.  a-seq=[0, 0, 0, 0, 0, 1, 1, 1, 1, 0, 1, 0, 1, 1]  a-number=3  type-seq=[1, 1, 1, 2, 2, 3, 3, 4, 4, 4, 5, 6, 7, 8, 8, 9, 10, 10, 11, 12, 13]  sum=124  Isog=[4, 3, 3, 3, 2, 2, 2, 1, 1]
  36.  a-seq=[0, 0, 0, 0, 1, 1, 1, 1, 0, 1, 0, 1, 0, 1]  a-number=4  type-seq=[1, 1, 1, 1, 1, 1, 2, 3, 4, 4, 5, 6, 6, 7, 8, 8, 9, 10, 10, 11, 12]  sum=111  Isog=[3, 3, 2, 2, 2, 2, 2, 1, 1, 1, 1, 1]
  37.  a-seq=[0, 0, 0, 1, 1, 1, 1, 0, 1, 0, 1, 0, 0, 1]  a-number=4  type-seq=[1, 1, 1, 1, 1, 1, 2, 2, 3, 4, 5, 6, 6, 7, 8, 8, 9, 10, 11, 12, 13]  sum=112  Isog=[3, 3, 3, 2, 2, 2, 1, 1, 1, 1, 1, 1]
  38.  a-seq=[0, 0, 0, 1, 0, 0, 1, 1, 1, 1, 0, 1, 0, 1]  a-number=4  type-seq=[1, 1, 1, 1, 1, 1, 2, 2, 3, 4, 5, 6, 6, 7, 8, 8, 9, 10, 12, 12, 13]  sum=113  Isog=[3, 3, 3, 3, 2, 1, 1, 1, 1, 1, 1, 1]
  39.  a-seq=[0, 0, 0, 0, 1, 0, 1, 1, 1, 1, 0, 1, 0, 1]  a-number=4  type-seq=[1, 1, 1, 1, 1, 1, 2, 3, 4, 4, 5, 6, 6, 7, 8, 8, 9, 10, 11, 12, 13]  sum=114  Isog=[4, 3, 3, 3, 2, 1, 1, 1, 1, 1, 1]
  40.  a-seq=[0, 0, 0, 0, 1, 1, 1, 1, 0, 1, 0, 0, 1, 1]  a-number=3  type-seq=[1, 1, 1, 2, 2, 2, 2, 3, 3, 4, 4, 4, 5, 6, 7, 9, 10, 10, 11, 12, 13]  sum=112  Isog=[3, 3, 3, 2, 2, 2, 2, 1, 1, 1, 1]
  41.  a-seq=[0, 0, 0, 1, 1, 1, 1, 0, 1, 0, 0, 1, 0, 1]  a-number=4  type-seq=[1, 1, 1, 1, 1, 1, 2, 2, 3, 4, 4, 5, 6, 6, 7, 9, 10, 11, 12, 13, 13]  sum=113  Isog=[3, 3, 2, 2, 2, 2, 2, 1, 1, 1, 1, 1]
  42.  a-seq=[0, 0, 1, 0, 0, 1, 0, 0, 1, 1, 1, 1, 0, 1]  a-number=4  type-seq=[1, 1, 1, 1, 1, 1, 2, 2, 2, 4, 5, 5, 6, 7, 7, 8, 10, 12, 12, 13, 13]  sum=114  Isog=[3, 3, 3, 2, 2, 2, 1, 1, 1, 1, 1, 1]
  43.  a-seq=[0, 0, 0, 1, 0, 1, 1, 1, 1, 0, 1, 0, 0, 1]  a-number=4  type-seq=[1, 1, 1, 1, 1, 1, 2, 2, 3, 4, 5, 6, 6, 7, 8, 9, 9, 10, 12, 13, 13]  sum=115  Isog=[4, 3, 3, 2, 2, 2, 1, 1, 1, 1, 1]
  44.  a-seq=[0, 0, 0, 1, 1, 0, 0, 0, 1, 1, 1, 1, 0, 1]  a-number=3  type-seq=[1, 1, 1, 2, 2, 2, 2, 3, 3, 3, 4, 4, 5, 6, 7, 8, 11, 12, 12, 12, 13]  sum=114  Isog=[3, 3, 3, 2, 2, 2, 2, 1, 1, 1, 1]
  45.  a-seq=[0, 0, 0, 1, 0, 1, 0, 0, 1, 1, 1, 1, 0, 1]  a-number=4  type-seq=[1, 1, 1, 1, 1, 1, 2, 2, 3, 4, 4, 5, 6, 7, 7, 8, 11, 12, 12, 13, 13]  sum=115  Isog=[3, 3, 3, 2, 2, 2, 1, 1, 1, 1, 1, 1]
  46.  a-seq=[0, 0, 0, 1, 0, 0, 1, 0, 1, 1, 1, 1, 0, 1]  a-number=4  type-seq=[1, 1, 1, 1, 1, 1, 2, 2, 3, 4, 5, 6, 6, 7, 8, 9, 10, 10, 12, 13, 13]  sum=116  Isog=[4, 3, 3, 2, 2, 2, 1, 1, 1, 1, 1]
  47.  a-seq=[0, 0, 0, 0, 1, 1, 0, 0, 1, 1, 1, 1, 0, 1]  a-number=3  type-seq=[1, 1, 1, 2, 2, 2, 2, 3, 3, 4, 4, 5, 6, 6, 7, 8, 11, 11, 12, 12, 13]  sum=116  Isog=[3, 3, 3, 3, 2, 2, 1, 1, 1, 1, 1]
  48.  a-seq=[0, 0, 0, 0, 1, 0, 1, 0, 1, 1, 1, 1, 0, 1]  a-number=4  type-seq=[1, 1, 1, 1, 1, 1, 2, 3, 4, 4, 5, 6, 6, 7, 8, 9, 10, 11, 11, 12, 13]  sum=117  Isog=[4, 3, 3, 3, 2, 1, 1, 1, 1, 1, 1]
  49.  a-seq=[0, 0, 0, 0, 0, 1, 1, 0, 1, 1, 1, 1, 0, 1]  a-number=3  type-seq=[1, 1, 1, 2, 2, 3, 4, 4, 5, 6, 6, 7, 7, 8, 8, 9, 10, 11, 12, 12, 13]  sum=132  Isog=[4, 4, 4, 3, 2, 1, 1, 1, 1]
  50.  a-seq=[0, 0, 0, 0, 0, 1, 1, 1, 1, 0, 0, 1, 1, 1]  a-number=2  type-seq=[1, 2, 2, 2, 2, 3, 3, 3, 4, 4, 4, 5, 6, 7, 9, 10, 10, 11, 12, 12, 13]  sum=125  Isog=[4, 3, 3, 3, 2, 2, 2, 1, 1]
  51.  a-seq=[0, 0, 0, 0, 1, 1, 1, 1, 0, 0, 1, 1, 0, 1]  a-number=3  type-seq=[1, 1, 1, 2, 2, 2, 2, 3, 3, 4, 4, 4, 5, 6, 7, 9, 10, 10, 11, 12, 13]  sum=112  Isog=[3, 3, 3, 2, 2, 2, 2, 1, 1, 1, 1]
  52.  a-seq=[0, 0, 0, 1, 1, 1, 1, 0, 0, 1, 1, 0, 0, 1]  a-number=3  type-seq=[1, 1, 1, 2, 2, 2, 2, 2, 2, 3, 3, 4, 5, 7, 8, 9, 10, 11, 12, 13, 13]  sum=113  Isog=[3, 3, 2, 2, 2, 2, 2, 1, 1, 1, 1, 1]
  53.  a-seq=[0, 0, 0, 1, 0, 0, 1, 1, 1, 1, 0, 0, 1, 1]  a-number=3  type-seq=[1, 1, 1, 2, 2, 2, 2, 2, 2, 3, 3, 4, 5, 7, 8, 9, 10, 12, 12, 13, 13]  sum=114  Isog=[3, 3, 3, 2, 2, 2, 1, 1, 1, 1, 1, 1]
  54.  a-seq=[0, 0, 0, 0, 1, 0, 1, 1, 1, 1, 0, 0, 1, 1]  a-number=3  type-seq=[1, 1, 1, 2, 2, 2, 2, 3, 3, 4, 4, 5, 7, 7, 8, 8, 9, 10, 11, 12, 13]  sum=115  Isog=[3, 3, 3, 3, 2, 2, 1, 1, 1, 1, 1]
  55.  a-seq=[0, 0, 0, 0, 1, 1, 1, 1, 0, 0, 1, 0, 1, 1]  a-number=3  type-seq=[1, 1, 1, 2, 2, 2, 2, 3, 3, 4, 4, 4, 4, 5, 5, 6, 7, 10, 10, 11, 12]  sum=99  Isog=[3, 3, 2, 2, 2, 2, 2, 1, 1, 1, 1, 1]
  56.  a-seq=[0, 0, 0, 1, 1, 1, 1, 0, 0, 1, 0, 1, 0, 1]  a-number=4  type-seq=[1, 1, 1, 1, 1, 1, 2, 2, 3, 3, 3, 4, 4, 5, 6, 7, 9, 10, 11, 12, 13]  sum=100  Isog=[3, 2, 2, 2, 2, 2, 2, 2, 1, 1, 1, 1]
  57.  a-seq=[0, 0, 1, 0, 0, 1, 1, 1, 1, 0, 0, 1, 0, 1]  a-number=4  type-seq=[1, 1, 1, 1, 1, 1, 2, 2, 2, 3, 4, 4, 4, 5, 7, 7, 8, 10, 12, 12, 13]  sum=101  Isog=[3, 3, 2, 2, 2, 2, 2, 1, 1, 1, 1, 1]
  58.  a-seq=[0, 0, 0, 1, 0, 1, 1, 1, 1, 0, 0, 1, 0, 1]  a-number=4  type-seq=[1, 1, 1, 1, 1, 1, 2, 2, 3, 3, 4, 4, 5, 5, 7, 8, 9, 9, 10, 12, 13]  sum=102  Isog=[3, 3, 3, 2, 2, 2, 1, 1, 1, 1, 1, 1]
  59.  a-seq=[0, 0, 0, 1, 1, 1, 1, 0, 0, 1, 0, 0, 1, 1]  a-number=3  type-seq=[1, 1, 1, 2, 2, 2, 2, 2, 2, 3, 3, 4, 4, 5, 6, 6, 7, 11, 12, 12, 13]  sum=101  Isog=[3, 2, 2, 2, 2, 2, 2, 2, 1, 1, 1, 1]
  60.  a-seq=[0, 0, 1, 0, 0, 1, 0, 1, 0, 0, 1, 1, 1, 1]  a-number=4  type-seq=[1, 1, 1, 1, 1, 1, 2, 2, 2, 3, 4, 4, 4, 5, 6, 7, 8, 11, 12, 13, 13]  sum=102  Isog=[3, 3, 2, 2, 2, 2, 2, 1, 1, 1, 1, 1]
  61.  a-seq=[0, 0, 1, 0, 0, 1, 0, 0, 1, 0, 1, 1, 1, 1]  a-number=4  type-seq=[1, 1, 1, 1, 1, 1, 2, 2, 2, 4, 4, 4, 5, 5, 6, 8, 9, 10, 10, 13, 13]  sum=103  Isog=[3, 3, 3, 2, 2, 2, 1, 1, 1, 1, 1, 1]
  62.  a-seq=[0, 0, 0, 1, 1, 0, 0, 1, 1, 1, 1, 0, 0, 1]  a-number=3  type-seq=[1, 1, 1, 2, 2, 2, 2, 2, 2, 3, 3, 4, 5, 6, 7, 7, 8, 8, 12, 12, 13]  sum=103  Isog=[3, 3, 3, 2, 2, 2, 1, 1, 1, 1, 1, 1]
  63.  a-seq=[0, 0, 0, 1, 0, 1, 0, 1, 1, 1, 1, 0, 0, 1]  a-number=4  type-seq=[1, 1, 1, 1, 1, 1, 2, 2, 3, 3, 4, 5, 5, 6, 7, 7, 8, 10, 11, 12, 13]  sum=104  Isog=[3, 3, 3, 3, 2, 1, 1, 1, 1, 1, 1, 1]
  64.  a-seq=[0, 0, 0, 0, 1, 1, 0, 1, 1, 1, 1, 0, 0, 1]  a-number=3  type-seq=[1, 1, 1, 2, 2, 2, 2, 3, 4, 4, 5, 6, 7, 7, 8, 8, 9, 10, 12, 12, 13]  sum=119  Isog=[4, 4, 3, 3, 2, 1, 1, 1, 1, 1]
  65.  a-seq=[0, 0, 0, 0, 1, 1, 1, 1, 0, 0, 0, 1, 1, 1]  a-number=2  type-seq=[1, 2, 2, 2, 2, 3, 3, 3, 3, 3, 4, 4, 4, 4, 4, 5, 5, 6, 10, 11, 12]  sum=93  Isog=[3, 3, 3, 2, 2, 2, 2, 1, 1, 1, 1]
  66.  a-seq=[0, 0, 0, 1, 1, 0, 1, 0, 0, 0, 1, 1, 1, 1]  a-number=3  type-seq=[1, 1, 1, 2, 2, 2, 2, 3, 3, 3, 4, 4, 4, 4, 5, 5, 6, 6, 11, 12, 13]  sum=94  Isog=[3, 3, 2, 2, 2, 2, 2, 1, 1, 1, 1, 1]
  67.  a-seq=[0, 0, 0, 1, 1, 0, 0, 1, 0, 0, 1, 1, 1, 1]  a-number=3  type-seq=[1, 1, 1, 2, 2, 2, 2, 2, 2, 3, 3, 4, 4, 5, 5, 6, 6, 9, 10, 12, 13]  sum=95  Isog=[3, 2, 2, 2, 2, 2, 2, 2, 1, 1, 1, 1]
  68.  a-seq=[0, 0, 0, 1, 0, 1, 1, 1, 1, 0, 0, 0, 1, 1]  a-number=3  type-seq=[1, 1, 1, 2, 2, 2, 2, 3, 3, 3, 4, 4, 5, 6, 6, 8, 9, 10, 12, 13, 13]  sum=110  Isog=[3, 3, 3, 2, 2, 2, 2, 1, 1, 1, 1]
  69.  a-seq=[0, 0, 0, 1, 0, 1, 1, 0, 0, 0, 1, 1, 1, 1]  a-number=3  type-seq=[1, 1, 1, 2, 2, 2, 2, 3, 3, 3, 4, 4, 4, 4, 5, 5, 6, 6, 12, 12, 13]  sum=95  Isog=[3, 3, 2, 2, 2, 2, 2, 1, 1, 1, 1, 1]
  70.  a-seq=[0, 0, 0, 1, 0, 1, 0, 1, 0, 0, 1, 1, 1, 1]  a-number=4  type-seq=[1, 1, 1, 1, 1, 1, 2, 2, 3, 3, 3, 4, 4, 5, 5, 6, 6, 9, 12, 13, 13]  sum=96  Isog=[3, 2, 2, 2, 2, 2, 2, 2, 1, 1, 1, 1]
  71.  a-seq=[0, 0, 0, 1, 0, 1, 0, 0, 1, 0, 1, 1, 1, 1]  a-number=4  type-seq=[1, 1, 1, 1, 1, 1, 2, 2, 3, 3, 4, 4, 4, 5, 6, 6, 8, 10, 10, 11, 13]  sum=97  Isog=[3, 3, 2, 2, 2, 2, 2, 1, 1, 1, 1, 1]
  72.  a-seq=[0, 0, 0, 1, 0, 0, 1, 1, 0, 0, 1, 1, 1, 1]  a-number=3  type-seq=[1, 1, 1, 2, 2, 2, 2, 2, 2, 3, 3, 4, 5, 5, 6, 6, 8, 8, 9, 12, 13]  sum=97  Isog=[3, 3, 2, 2, 2, 2, 2, 1, 1, 1, 1, 1]
  73.  a-seq=[0, 0, 0, 1, 0, 0, 1, 0, 1, 0, 1, 1, 1, 1]  a-number=4  type-seq=[1, 1, 1, 1, 1, 1, 2, 2, 3, 3, 4, 4, 5, 6, 6, 7, 8, 8, 10, 11, 13]  sum=98  Isog=[3, 3, 3, 2, 2, 2, 1, 1, 1, 1, 1, 1]
  74.  a-seq=[0, 0, 0, 1, 0, 0, 0, 1, 1, 0, 1, 1, 1, 1]  a-number=3  type-seq=[1, 1, 1, 2, 2, 2, 2, 3, 3, 4, 5, 6, 6, 7, 8, 8, 8, 9, 10, 12, 13]  sum=113  Isog=[4, 3, 3, 3, 2, 1, 1, 1, 1, 1, 1]
  75.  a-seq=[0, 0, 0, 0, 1, 1, 1, 0, 0, 0, 1, 1, 1, 1]  a-number=2  type-seq=[1, 2, 2, 2, 2, 3, 3, 3, 3, 3, 4, 4, 4, 4, 4, 5, 5, 6, 11, 12, 13]  sum=96  Isog=[3, 3, 3, 2, 2, 2, 2, 1, 1, 1, 1]
  76.  a-seq=[0, 0, 0, 0, 1, 1, 0, 1, 0, 0, 1, 1, 1, 1]  a-number=3  type-seq=[1, 1, 1, 2, 2, 2, 2, 3, 3, 4, 4, 4, 4, 4, 5, 5, 6, 9, 10, 12, 13]  sum=97  Isog=[3, 3, 2, 2, 2, 2, 2, 1, 1, 1, 1, 1]
  77.  a-seq=[0, 0, 0, 0, 1, 1, 0, 0, 1, 0, 1, 1, 1, 1]  a-number=3  type-seq=[1, 1, 1, 2, 2, 2, 2, 3, 3, 4, 4, 4, 5, 5, 6, 8, 9, 11, 13, 13, 13]  sum=112  Isog=[3, 3, 3, 2, 2, 2, 2, 1, 1, 1, 1]
  78.  a-seq=[0, 0, 0, 0, 1, 0, 1, 1, 0, 0, 1, 1, 1, 1]  a-number=3  type-seq=[1, 1, 1, 2, 2, 2, 2, 3, 3, 4, 4, 4, 5, 5, 6, 8, 9, 11, 13, 13, 13]  sum=112  Isog=[3, 3, 3, 2, 2, 2, 2, 1, 1, 1, 1]
  79.  a-seq=[0, 0, 0, 0, 1, 0, 1, 0, 1, 0, 1, 1, 1, 1]  a-number=4  type-seq=[1, 1, 1, 1, 1, 1, 2, 3, 3, 3, 4, 4, 5, 5, 6, 7, 8, 9, 10, 11, 13]  sum=99  Isog=[3, 3, 2, 2, 2, 2, 2, 1, 1, 1, 1, 1]
  80.  a-seq=[0, 0, 0, 0, 1, 0, 0, 1, 1, 0, 1, 1, 1, 1]  a-number=3  type-seq=[1, 1, 1, 2, 2, 2, 2, 3, 4, 4, 5, 5, 6, 7, 8, 8, 9, 9, 10, 12, 13]  sum=114  Isog=[4, 3, 3, 2, 2, 2, 1, 1, 1, 1, 1]
  81.  a-seq=[0, 0, 0, 0, 0, 1, 1, 1, 0, 0, 1, 1, 1, 1]  a-number=2  type-seq=[1, 2, 2, 2, 2, 3, 3, 3, 4, 4, 4, 5, 6, 7, 8, 11, 11, 12, 12, 12, 13]  sum=127  Isog=[4, 3, 3, 3, 2, 2, 2, 1, 1]
  82.  a-seq=[0, 0, 0, 0, 0, 1, 1, 0, 1, 0, 1, 1, 1, 1]  a-number=3  type-seq=[1, 1, 1, 2, 2, 3, 3, 4, 4, 4, 5, 6, 6, 7, 8, 10, 11, 12, 12, 13, 13]  sum=128  Isog=[4, 3, 3, 3, 2, 2, 2, 1, 1]
  83.  a-seq=[0, 0, 0, 0, 0, 1, 0, 1, 1, 0, 1, 1, 1, 1]  a-number=3  type-seq=[1, 1, 1, 2, 2, 3, 4, 4, 4, 5, 6, 6, 7, 8, 8, 9, 10, 10, 12, 13, 13]  sum=129  Isog=[4, 4, 3, 3, 2, 2, 1, 1, 1]
  84.  a-seq=[0, 0, 0, 0, 0, 0, 1, 1, 1, 0, 1, 1, 1, 1]  a-number=2  type-seq=[1, 2, 2, 3, 3, 4, 4, 5, 6, 6, 7, 7, 8, 8, 9, 10, 11, 11, 12, 12, 13]  sum=144  Isog=[5, 4, 3, 3, 3, 2, 1]
  85.  a-seq=[0, 0, 0, 0, 0, 1, 1, 1, 0, 1, 1, 1, 0, 1]  a-number=3  type-seq=[1, 1, 1, 2, 2, 3, 3, 4, 5, 6, 6, 7, 7, 8, 8, 9, 10, 11, 12, 12, 13]  sum=131  Isog=[4, 4, 3, 3, 2, 2, 1, 1, 1]
  86.  a-seq=[0, 0, 0, 0, 1, 1, 1, 0, 1, 1, 1, 0, 0, 1]  a-number=3  type-seq=[1, 1, 1, 2, 2, 2, 2, 3, 3, 4, 6, 6, 7, 7, 8, 8, 9, 10, 11, 12, 13]  sum=118  Isog=[4, 3, 3, 3, 2, 1, 1, 1, 1, 1, 1]
  87.  a-seq=[0, 0, 0, 1, 0, 0, 0, 1, 1, 1, 0, 1, 1, 1]  a-number=3  type-seq=[1, 1, 1, 2, 2, 2, 2, 3, 3, 3, 3, 4, 6, 7, 7, 8, 8, 9, 10, 11, 12]  sum=105  Isog=[4, 3, 3, 2, 2, 1, 1, 1, 1, 1, 1, 1]
  88.  a-seq=[0, 0, 0, 0, 1, 0, 0, 1, 1, 1, 0, 1, 1, 1]  a-number=3  type-seq=[1, 1, 1, 2, 2, 2, 2, 3, 3, 4, 5, 6, 6, 7, 8, 8, 8, 9, 10, 12, 13]  sum=113  Isog=[4, 3, 3, 3, 2, 1, 1, 1, 1, 1, 1]
  89.  a-seq=[0, 0, 0, 0, 0, 1, 0, 1, 1, 1, 0, 1, 1, 1]  a-number=3  type-seq=[1, 1, 1, 2, 2, 3, 3, 4, 5, 5, 6, 6, 7, 8, 8, 9, 9, 10, 12, 13, 13]  sum=128  Isog=[4, 4, 3, 3, 2, 2, 1, 1, 1]
  90.  a-seq=[0, 0, 0, 0, 0, 1, 1, 1, 0, 1, 1, 0, 1, 1]  a-number=3  type-seq=[1, 1, 1, 2, 2, 2, 3, 4, 4, 5, 5, 6, 6, 8, 8, 9, 10, 11, 12, 12, 13]  sum=125  Isog=[4, 3, 3, 3, 2, 2, 2, 1, 1]
  91.  a-seq=[0, 0, 0, 0, 1, 1, 1, 0, 1, 1, 0, 1, 0, 1]  a-number=4  type-seq=[1, 1, 1, 1, 1, 1, 2, 2, 3, 4, 5, 6, 6, 7, 8, 8, 9, 10, 11, 12, 13]  sum=112  Isog=[3, 3, 3, 2, 2, 2, 1, 1, 1, 1, 1, 1]
  92.  a-seq=[0, 0, 0, 1, 1, 1, 0, 1, 1, 0, 1, 0, 0, 1]  a-number=4  type-seq=[1, 1, 1, 1, 1, 1, 2, 2, 2, 2, 3, 4, 6, 7, 7, 8, 8, 9, 10, 11, 12]  sum=99  Isog=[3, 3, 2, 2, 2, 1, 1, 1, 1, 1, 1, 1, 1, 1]
  93.  a-seq=[0, 0, 0, 1, 0, 0, 1, 1, 1, 0, 1, 1, 0, 1]  a-number=4  type-seq=[1, 1, 1, 1, 1, 1, 2, 2, 2, 2, 3, 4, 5, 6, 8, 8, 8, 9, 10, 12, 13]  sum=100  Isog=[3, 3, 3, 2, 2, 1, 1, 1, 1, 1, 1, 1, 1]
  94.  a-seq=[0, 0, 0, 0, 1, 0, 1, 1, 1, 0, 1, 1, 0, 1]  a-number=4  type-seq=[1, 1, 1, 1, 1, 1, 2, 2, 3, 4, 5, 6, 6, 7, 8, 9, 9, 10, 12, 13, 13]  sum=115  Isog=[4, 3, 3, 2, 2, 2, 1, 1, 1, 1, 1]
  95.  a-seq=[0, 0, 0, 0, 1, 1, 1, 0, 1, 1, 0, 0, 1, 1]  a-number=3  type-seq=[1, 1, 1, 2, 2, 2, 2, 2, 2, 3, 3, 4, 5, 7, 8, 9, 10, 11, 12, 13, 13]  sum=113  Isog=[3, 3, 2, 2, 2, 2, 2, 1, 1, 1, 1, 1]
  96.  a-seq=[0, 0, 0, 1, 1, 1, 0, 1, 1, 0, 0, 1, 0, 1]  a-number=4  type-seq=[1, 1, 1, 1, 1, 1, 2, 2, 2, 2, 3, 3, 5, 5, 7, 8, 9, 10, 11, 12, 13]  sum=100  Isog=[3, 2, 2, 2, 2, 2, 1, 1, 1, 1, 1, 1, 1, 1]
  97.  a-seq=[0, 0, 1, 0, 0, 1, 0, 0, 1, 1, 1, 0, 1, 1]  a-number=4  type-seq=[1, 1, 1, 1, 1, 1, 2, 2, 2, 2, 2, 2, 5, 6, 7, 8, 9, 10, 12, 13, 13]  sum=101  Isog=[3, 3, 2, 2, 2, 1, 1, 1, 1, 1, 1, 1, 1, 1]
  98.  a-seq=[0, 0, 0, 1, 0, 1, 1, 1, 0, 1, 1, 0, 0, 1]  a-number=4  type-seq=[1, 1, 1, 1, 1, 1, 2, 2, 2, 2, 3, 5, 6, 6, 7, 8, 9, 9, 10, 12, 13]  sum=102  Isog=[3, 3, 3, 2, 2, 1, 1, 1, 1, 1, 1, 1, 1]
  99.  a-seq=[0, 0, 0, 1, 1, 0, 0, 0, 1, 1, 1, 0, 1, 1]  a-number=3  type-seq=[1, 1, 1, 2, 2, 2, 2, 2, 2, 3, 3, 3, 4, 4, 6, 7, 8, 11, 12, 12, 13]  sum=101  Isog=[3, 3, 2, 2, 2, 2, 1, 1, 1, 1, 1, 1, 1]
  100.  a-seq=[0, 0, 0, 1, 0, 1, 0, 0, 1, 1, 1, 0, 1, 1]  a-number=4  type-seq=[1, 1, 1, 1, 1, 1, 2, 2, 2, 2, 3, 3, 4, 6, 6, 8, 8, 12, 12, 13, 13]  sum=102  Isog=[3, 3, 2, 2, 2, 2, 1, 1, 1, 1, 1, 1, 1]
  101.  a-seq=[0, 0, 0, 1, 0, 0, 1, 0, 1, 1, 1, 0, 1, 1]  a-number=4  type-seq=[1, 1, 1, 1, 1, 1, 2, 2, 2, 2, 3, 4, 6, 6, 7, 8, 9, 10, 10, 13, 13]  sum=103  Isog=[3, 3, 3, 2, 2, 1, 1, 1, 1, 1, 1, 1, 1]
  102.  a-seq=[0, 0, 0, 0, 1, 1, 0, 0, 1, 1, 1, 0, 1, 1]  a-number=3  type-seq=[1, 1, 1, 2, 2, 2, 2, 2, 2, 3, 3, 4, 5, 6, 7, 7, 8, 8, 12, 12, 13]  sum=103  Isog=[3, 3, 3, 2, 2, 2, 1, 1, 1, 1, 1, 1]
  103.  a-seq=[0, 0, 0, 0, 1, 0, 1, 0, 1, 1, 1, 0, 1, 1]  a-number=4  type-seq=[1, 1, 1, 1, 1, 1, 2, 2, 3, 3, 4, 5, 5, 6, 7, 7, 8, 10, 11, 12, 13]  sum=104  Isog=[3, 3, 3, 3, 2, 1, 1, 1, 1, 1, 1, 1]
  104.  a-seq=[0, 0, 0, 0, 0, 1, 1, 0, 1, 1, 1, 0, 1, 1]  a-number=3  type-seq=[1, 1, 1, 2, 2, 2, 3, 4, 5, 5, 6, 6, 6, 7, 8, 9, 10, 11, 12, 12, 13]  sum=126  Isog=[4, 4, 3, 3, 2, 2, 1, 1, 1]
  105.  a-seq=[0, 0, 0, 0, 0, 1, 1, 1, 0, 1, 0, 1, 1, 1]  a-number=3  type-seq=[1, 1, 1, 2, 2, 3, 3, 3, 4, 4, 5, 5, 6, 7, 9, 10, 11, 11, 12, 13, 13]  sum=126  Isog=[4, 3, 3, 3, 2, 2, 2, 1, 1]
  106.  a-seq=[0, 0, 0, 0, 1, 1, 1, 0, 1, 0, 1, 1, 0, 1]  a-number=4  type-seq=[1, 1, 1, 1, 1, 1, 2, 2, 3, 4, 4, 5, 6, 6, 7, 9, 10, 11, 12, 13, 13]  sum=113  Isog=[3, 3, 2, 2, 2, 2, 2, 1, 1, 1, 1, 1]
  107.  a-seq=[0, 0, 0, 1, 1, 1, 0, 1, 0, 1, 1, 0, 0, 1]  a-number=4  type-seq=[1, 1, 1, 1, 1, 1, 2, 2, 2, 2, 3, 3, 5, 5, 7, 8, 9, 10, 11, 12, 13]  sum=100  Isog=[3, 2, 2, 2, 2, 2, 1, 1, 1, 1, 1, 1, 1, 1]
  108.  a-seq=[0, 0, 0, 1, 0, 0, 1, 1, 1, 0, 1, 0, 1, 1]  a-number=4  type-seq=[1, 1, 1, 1, 1, 1, 2, 2, 2, 2, 3, 3, 4, 4, 8, 8, 9, 10, 12, 13, 13]  sum=101  Isog=[3, 3, 2, 2, 2, 2, 1, 1, 1, 1, 1, 1, 1]
  109.  a-seq=[0, 0, 0, 0, 1, 0, 1, 1, 1, 0, 1, 0, 1, 1]  a-number=4  type-seq=[1, 1, 1, 1, 1, 1, 2, 2, 3, 3, 4, 4, 5, 5, 7, 8, 9, 9, 10, 12, 13]  sum=102  Isog=[3, 3, 3, 2, 2, 2, 1, 1, 1, 1, 1, 1]
  110.  a-seq=[0, 0, 0, 0, 1, 1, 1, 0, 1, 0, 1, 0, 1, 1]  a-number=4  type-seq=[1, 1, 1, 1, 1, 1, 2, 2, 3, 3, 3, 4, 4, 5, 6, 7, 9, 10, 11, 12, 13]  sum=100  Isog=[3, 2, 2, 2, 2, 2, 2, 2, 1, 1, 1, 1]
  111.  a-seq=[0, 0, 0, 1, 1, 1, 0, 1, 0, 1, 0, 1, 0, 1]  a-number=5  type-seq=[1, 1, 1, 1, 1, 1, 1, 1, 1, 1, 2, 3, 4, 5, 6, 7, 8, 9, 10, 11, 12]  sum=87  Isog=[2, 2, 2, 2, 2, 1, 1, 1, 1, 1, 1, 1, 1, 1, 1, 1]
  112.  a-seq=[0, 0, 1, 0, 0, 1, 1, 1, 0, 1, 0, 1, 0, 1]  a-number=5  type-seq=[1, 1, 1, 1, 1, 1, 1, 1, 1, 1, 2, 2, 4, 5, 6, 7, 8, 9, 10, 12, 13]  sum=88  Isog=[2, 2, 2, 2, 2, 1, 1, 1, 1, 1, 1, 1, 1, 1, 1, 1]
  113.  a-seq=[0, 0, 0, 1, 0, 1, 1, 1, 0, 1, 0, 1, 0, 1]  a-number=5  type-seq=[1, 1, 1, 1, 1, 1, 1, 1, 1, 1, 2, 3, 4, 5, 6, 7, 8, 9, 10, 12, 13]  sum=89  Isog=[3, 2, 2, 2, 2, 1, 1, 1, 1, 1, 1, 1, 1, 1, 1]
  114.  a-seq=[0, 0, 0, 1, 1, 1, 0, 1, 0, 1, 0, 0, 1, 1]  a-number=4  type-seq=[1, 1, 1, 1, 1, 1, 2, 2, 2, 2, 3, 3, 3, 4, 4, 6, 7, 8, 11, 12, 13]  sum=88  Isog=[2, 2, 2, 2, 2, 2, 1, 1, 1, 1, 1, 1, 1, 1, 1]
  115.  a-seq=[0, 0, 1, 0, 1, 0, 0, 1, 1, 1, 0, 1, 0, 1]  a-number=5  type-seq=[1, 1, 1, 1, 1, 1, 1, 1, 1, 1, 2, 2, 4, 4, 6, 7, 8, 8, 12, 13, 13]  sum=89  Isog=[2, 2, 2, 2, 2, 1, 1, 1, 1, 1, 1, 1, 1, 1, 1, 1]
  116.  a-seq=[0, 0, 1, 0, 0, 1, 0, 1, 1, 1, 0, 1, 0, 1]  a-number=5  type-seq=[1, 1, 1, 1, 1, 1, 1, 1, 1, 1, 2, 2, 4, 5, 6, 7, 8, 10, 10, 13, 13]  sum=90  Isog=[3, 2, 2, 2, 2, 1, 1, 1, 1, 1, 1, 1, 1, 1, 1]
  117.  a-seq=[0, 0, 0, 1, 1, 0, 0, 1, 1, 1, 0, 1, 0, 1]  a-number=4  type-seq=[1, 1, 1, 1, 1, 1, 2, 2, 2, 2, 3, 3, 3, 4, 5, 6, 7, 8, 12, 12, 13]  sum=90  Isog=[3, 2, 2, 2, 2, 1, 1, 1, 1, 1, 1, 1, 1, 1, 1]
  118.  a-seq=[0, 0, 0, 1, 0, 1, 0, 1, 1, 1, 0, 1, 0, 1]  a-number=5  type-seq=[1, 1, 1, 1, 1, 1, 1, 1, 1, 1, 2, 3, 4, 5, 6, 7, 8, 10, 11, 12, 13]  sum=91  Isog=[3, 3, 2, 2, 2, 1, 1, 1, 1, 1, 1, 1, 1, 1]
  119.  a-seq=[0, 0, 0, 0, 1, 1, 0, 1, 1, 1, 0, 1, 0, 1]  a-number=4  type-seq=[1, 1, 1, 1, 1, 1, 2, 2, 3, 4, 5, 6, 6, 7, 8, 8, 9, 10, 12, 12, 13]  sum=113  Isog=[3, 3, 3, 3, 2, 1, 1, 1, 1, 1, 1, 1]
  120.  a-seq=[0, 0, 0, 0, 1, 1, 1, 0, 1, 0, 0, 1, 1, 1]  a-number=3  type-seq=[1, 1, 1, 2, 2, 2, 2, 3, 3, 3, 4, 4, 4, 4, 5, 5, 6, 6, 11, 12, 13]  sum=94  Isog=[3, 3, 2, 2, 2, 2, 2, 1, 1, 1, 1, 1]
  121.  a-seq=[0, 0, 0, 1, 1, 1, 0, 1, 0, 0, 1, 1, 0, 1]  a-number=4  type-seq=[1, 1, 1, 1, 1, 1, 2, 2, 2, 2, 3, 4, 4, 4, 4, 5, 5, 6, 9, 11, 12]  sum=81  Isog=[2, 2, 2, 2, 2, 2, 1, 1, 1, 1, 1, 1, 1, 1, 1]
  122.  a-seq=[0, 0, 1, 0, 0, 1, 1, 1, 0, 1, 0, 0, 1, 1]  a-number=4  type-seq=[1, 1, 1, 1, 1, 1, 2, 2, 2, 2, 2, 2, 3, 4, 5, 5, 6, 6, 10, 12, 13]  sum=82  Isog=[2, 2, 2, 2, 2, 2, 1, 1, 1, 1, 1, 1, 1, 1, 1]
  123.  a-seq=[0, 0, 0, 1, 0, 1, 1, 1, 0, 1, 0, 0, 1, 1]  a-number=4  type-seq=[1, 1, 1, 1, 1, 1, 2, 2, 2, 2, 3, 3, 4, 4, 6, 6, 9, 10, 12, 13, 13]  sum=97  Isog=[3, 2, 2, 2, 2, 2, 2, 1, 1, 1, 1, 1, 1]
  124.  a-seq=[0, 0, 0, 1, 1, 1, 0, 1, 0, 0, 1, 0, 1, 1]  a-number=4  type-seq=[1, 1, 1, 1, 1, 1, 2, 2, 2, 2, 3, 3, 4, 4, 4, 5, 6, 6, 8, 12, 13]  sum=82  Isog=[2, 2, 2, 2, 2, 2, 1, 1, 1, 1, 1, 1, 1, 1, 1]
  125.  a-seq=[0, 0, 1, 0, 1, 0, 1, 0, 0, 1, 1, 1, 0, 1]  a-number=5  type-seq=[1, 1, 1, 1, 1, 1, 1, 1, 1, 1, 2, 2, 4, 4, 5, 6, 6, 6, 12, 13, 13]  sum=83  Isog=[2, 2, 2, 2, 2, 1, 1, 1, 1, 1, 1, 1, 1, 1, 1, 1]
  126.  a-seq=[0, 0, 1, 0, 1, 0, 0, 1, 0, 1, 1, 1, 0, 1]  a-number=5  type-seq=[1, 1, 1, 1, 1, 1, 1, 1, 1, 1, 2, 2, 4, 4, 6, 6, 6, 10, 10, 11, 13]  sum=84  Isog=[3, 2, 2, 2, 2, 1, 1, 1, 1, 1, 1, 1, 1, 1, 1]
  127.  a-seq=[0, 0, 1, 0, 0, 1, 1, 0, 0, 1, 1, 1, 0, 1]  a-number=4  type-seq=[1, 1, 1, 1, 1, 1, 2, 2, 2, 2, 2, 2, 3, 4, 5, 6, 6, 8, 9, 12, 13]  sum=84  Isog=[2, 2, 2, 2, 2, 2, 1, 1, 1, 1, 1, 1, 1, 1, 1]
  128.  a-seq=[0, 0, 1, 0, 0, 1, 0, 1, 0, 1, 1, 1, 0, 1]  a-number=5  type-seq=[1, 1, 1, 1, 1, 1, 1, 1, 1, 1, 2, 2, 4, 5, 6, 6, 8, 8, 10, 11, 13]  sum=85  Isog=[3, 2, 2, 2, 2, 1, 1, 1, 1, 1, 1, 1, 1, 1, 1]
  129.  a-seq=[0, 0, 0, 1, 1, 0, 1, 1, 1, 0, 1, 0, 0, 1]  a-number=4  type-seq=[1, 1, 1, 1, 1, 1, 2, 2, 2, 2, 3, 4, 5, 6, 8, 8, 8, 9, 10, 12, 13]  sum=100  Isog=[3, 3, 3, 2, 2, 1, 1, 1, 1, 1, 1, 1, 1]
  130.  a-seq=[0, 0, 0, 1, 1, 1, 0, 0, 0, 1, 1, 1, 0, 1]  a-number=3  type-seq=[1, 1, 1, 2, 2, 2, 2, 3, 3, 3, 3, 3, 4, 4, 4, 4, 5, 5, 6, 12, 13]  sum=83  Isog=[3, 2, 2, 2, 2, 2, 2, 1, 1, 1, 1, 1, 1]
  131.  a-seq=[0, 0, 0, 1, 1, 0, 1, 0, 0, 1, 1, 1, 0, 1]  a-number=4  type-seq=[1, 1, 1, 1, 1, 1, 2, 2, 2, 2, 3, 4, 4, 4, 4, 5, 5, 6, 10, 12, 13]  sum=84  Isog=[2, 2, 2, 2, 2, 2, 1, 1, 1, 1, 1, 1, 1, 1, 1]
  132.  a-seq=[0, 0, 0, 1, 1, 0, 0, 1, 0, 1, 1, 1, 0, 1]  a-number=4  type-seq=[1, 1, 1, 1, 1, 1, 2, 2, 2, 2, 3, 3, 4, 5, 5, 6, 9, 11, 13, 13, 13]  sum=99  Isog=[3, 2, 2, 2, 2, 2, 2, 1, 1, 1, 1, 1, 1]
  133.  a-seq=[0, 0, 0, 1, 0, 1, 1, 0, 0, 1, 1, 1, 0, 1]  a-number=4  type-seq=[1, 1, 1, 1, 1, 1, 2, 2, 2, 2, 3, 3, 4, 5, 5, 6, 9, 11, 13, 13, 13]  sum=99  Isog=[3, 2, 2, 2, 2, 2, 2, 1, 1, 1, 1, 1, 1]
  134.  a-seq=[0, 0, 0, 1, 0, 1, 0, 1, 0, 1, 1, 1, 0, 1]  a-number=5  type-seq=[1, 1, 1, 1, 1, 1, 1, 1, 1, 1, 2, 3, 4, 5, 5, 6, 8, 9, 10, 11, 13]  sum=86  Isog=[3, 2, 2, 2, 2, 1, 1, 1, 1, 1, 1, 1, 1, 1, 1]
  135.  a-seq=[0, 0, 0, 1, 0, 0, 1, 1, 0, 1, 1, 1, 0, 1]  a-number=4  type-seq=[1, 1, 1, 1, 1, 1, 2, 2, 2, 2, 3, 4, 5, 6, 8, 8, 9, 9, 10, 12, 13]  sum=101  Isog=[3, 3, 3, 2, 2, 1, 1, 1, 1, 1, 1, 1, 1]
  136.  a-seq=[0, 0, 0, 0, 1, 1, 1, 0, 0, 1, 1, 1, 0, 1]  a-number=3  type-seq=[1, 1, 1, 2, 2, 2, 2, 3, 3, 3, 4, 4, 5, 6, 7, 8, 11, 12, 12, 12, 13]  sum=114  Isog=[3, 3, 3, 2, 2, 2, 2, 1, 1, 1, 1]
  137.  a-seq=[0, 0, 0, 0, 1, 1, 0, 1, 0, 1, 1, 1, 0, 1]  a-number=4  type-seq=[1, 1, 1, 1, 1, 1, 2, 2, 3, 4, 4, 5, 6, 7, 7, 8, 11, 12, 12, 13, 13]  sum=115  Isog=[3, 3, 3, 2, 2, 2, 1, 1, 1, 1, 1, 1]
  138.  a-seq=[0, 0, 0, 0, 1, 0, 1, 1, 0, 1, 1, 1, 0, 1]  a-number=4  type-seq=[1, 1, 1, 1, 1, 1, 2, 2, 3, 4, 5, 6, 6, 7, 8, 9, 10, 10, 12, 13, 13]  sum=116  Isog=[4, 3, 3, 2, 2, 2, 1, 1, 1, 1, 1]
  139.  a-seq=[0, 0, 0, 1, 1, 1, 0, 0, 1, 1, 1, 0, 0, 1]  a-number=3  type-seq=[1, 1, 1, 2, 2, 2, 2, 2, 2, 3, 3, 3, 4, 4, 6, 7, 8, 11, 12, 12, 13]  sum=101  Isog=[3, 3, 2, 2, 2, 2, 1, 1, 1, 1, 1, 1, 1]
  140.  a-seq=[0, 0, 0, 1, 0, 0, 1, 1, 1, 0, 0, 1, 1, 1]  a-number=3  type-seq=[1, 1, 1, 2, 2, 2, 2, 2, 2, 3, 3, 3, 4, 4, 7, 7, 8, 10, 12, 13, 13]  sum=102  Isog=[3, 3, 2, 2, 2, 2, 1, 1, 1, 1, 1, 1, 1]
  141.  a-seq=[0, 0, 0, 0, 1, 0, 1, 1, 1, 0, 0, 1, 1, 1]  a-number=3  type-seq=[1, 1, 1, 2, 2, 2, 2, 3, 3, 3, 4, 4, 5, 6, 6, 8, 9, 10, 12, 13, 13]  sum=110  Isog=[3, 3, 3, 2, 2, 2, 2, 1, 1, 1, 1]
  142.  a-seq=[0, 0, 0, 0, 1, 1, 1, 0, 0, 1, 1, 0, 1, 1]  a-number=3  type-seq=[1, 1, 1, 2, 2, 2, 2, 2, 2, 3, 3, 4, 4, 5, 6, 6, 7, 11, 12, 12, 13]  sum=101  Isog=[3, 2, 2, 2, 2, 2, 2, 2, 1, 1, 1, 1]
  143.  a-seq=[0, 0, 0, 1, 1, 1, 0, 0, 1, 1, 0, 1, 0, 1]  a-number=4  type-seq=[1, 1, 1, 1, 1, 1, 2, 2, 2, 2, 3, 3, 3, 4, 4, 6, 7, 8, 11, 12, 13]  sum=88  Isog=[2, 2, 2, 2, 2, 2, 1, 1, 1, 1, 1, 1, 1, 1, 1]
  144.  a-seq=[0, 0, 1, 0, 0, 1, 1, 1, 0, 0, 1, 1, 0, 1]  a-number=4  type-seq=[1, 1, 1, 1, 1, 1, 2, 2, 2, 2, 2, 2, 3, 4, 4, 4, 8, 10, 12, 13, 13]  sum=89  Isog=[2, 2, 2, 2, 2, 2, 1, 1, 1, 1, 1, 1, 1, 1, 1]
  145.  a-seq=[0, 0, 0, 1, 0, 1, 1, 1, 0, 0, 1, 1, 0, 1]  a-number=4  type-seq=[1, 1, 1, 1, 1, 1, 2, 2, 2, 2, 3, 3, 4, 4, 6, 6, 9, 10, 12, 13, 13]  sum=97  Isog=[3, 2, 2, 2, 2, 2, 2, 1, 1, 1, 1, 1, 1]
  146.  a-seq=[0, 0, 0, 1, 1, 1, 0, 0, 1, 1, 0, 0, 1, 1]  a-number=3  type-seq=[1, 1, 1, 2, 2, 2, 2, 2, 2, 2, 2, 2, 3, 3, 3, 3, 4, 7, 8, 11, 12]  sum=75  Isog=[2, 2, 2, 2, 2, 2, 1, 1, 1, 1, 1, 1, 1, 1, 1]
  147.  a-seq=[0, 0, 1, 0, 1, 0, 0, 1, 1, 1, 0, 0, 1, 1]  a-number=4  type-seq=[1, 1, 1, 1, 1, 1, 2, 2, 2, 2, 2, 2, 3, 3, 3, 4, 4, 8, 8, 12, 13]  sum=76  Isog=[2, 2, 2, 2, 2, 1, 1, 1, 1, 1, 1, 1, 1, 1, 1, 1]
  148.  a-seq=[0, 0, 1, 0, 0, 1, 0, 1, 1, 1, 0, 0, 1, 1]  a-number=4  type-seq=[1, 1, 1, 1, 1, 1, 2, 2, 2, 2, 2, 2, 3, 4, 4, 6, 8, 8, 10, 10, 13]  sum=84  Isog=[2, 2, 2, 2, 2, 2, 1, 1, 1, 1, 1, 1, 1, 1, 1]
  149.  a-seq=[0, 0, 0, 1, 1, 0, 0, 1, 1, 1, 0, 0, 1, 1]  a-number=3  type-seq=[1, 1, 1, 2, 2, 2, 2, 2, 2, 2, 2, 2, 3, 3, 3, 3, 4, 7, 8, 12, 13]  sum=77  Isog=[3, 2, 2, 2, 2, 2, 1, 1, 1, 1, 1, 1, 1, 1]
  150.  a-seq=[0, 0, 0, 1, 0, 1, 0, 1, 1, 1, 0, 0, 1, 1]  a-number=4  type-seq=[1, 1, 1, 1, 1, 1, 2, 2, 2, 2, 3, 3, 3, 3, 4, 6, 7, 8, 10, 11, 13]  sum=85  Isog=[3, 2, 2, 2, 2, 1, 1, 1, 1, 1, 1, 1, 1, 1, 1]
  151.  a-seq=[0, 0, 0, 0, 1, 1, 0, 1, 1, 1, 0, 0, 1, 1]  a-number=3  type-seq=[1, 1, 1, 2, 2, 2, 2, 2, 2, 3, 3, 4, 5, 7, 8, 9, 10, 12, 12, 13, 13]  sum=114  Isog=[3, 3, 3, 2, 2, 2, 1, 1, 1, 1, 1, 1]
  152.  a-seq=[0, 0, 0, 0, 1, 1, 1, 0, 0, 1, 0, 1, 1, 1]  a-number=3  type-seq=[1, 1, 1, 2, 2, 2, 2, 3, 3, 3, 4, 4, 4, 4, 5, 5, 6, 6, 12, 12, 13]  sum=95  Isog=[3, 3, 2, 2, 2, 2, 2, 1, 1, 1, 1, 1]
  153.  a-seq=[0, 0, 0, 1, 1, 1, 0, 0, 1, 0, 1, 1, 0, 1]  a-number=4  type-seq=[1, 1, 1, 1, 1, 1, 2, 2, 2, 2, 3, 3, 4, 4, 4, 5, 6, 6, 8, 12, 13]  sum=82  Isog=[2, 2, 2, 2, 2, 2, 1, 1, 1, 1, 1, 1, 1, 1, 1]
  154.  a-seq=[0, 0, 1, 0, 0, 1, 1, 1, 0, 0, 1, 0, 1, 1]  a-number=4  type-seq=[1, 1, 1, 1, 1, 1, 2, 2, 2, 2, 2, 2, 3, 4, 4, 5, 5, 6, 12, 13, 13]  sum=83  Isog=[2, 2, 2, 2, 2, 1, 1, 1, 1, 1, 1, 1, 1, 1, 1, 1]
  155.  a-seq=[0, 0, 0, 1, 0, 1, 1, 1, 0, 0, 1, 0, 1, 1]  a-number=4  type-seq=[1, 1, 1, 1, 1, 1, 2, 2, 2, 2, 3, 3, 4, 4, 4, 5, 6, 6, 10, 12, 13]  sum=84  Isog=[2, 2, 2, 2, 2, 2, 1, 1, 1, 1, 1, 1, 1, 1, 1]
  156.  a-seq=[0, 0, 0, 1, 1, 1, 0, 0, 1, 0, 1, 0, 1, 1]  a-number=4  type-seq=[1, 1, 1, 1, 1, 1, 2, 2, 2, 2, 3, 3, 3, 3, 4, 4, 4, 5, 6, 8, 12]  sum=69  Isog=[2, 2, 2, 2, 2, 1, 1, 1, 1, 1, 1, 1, 1, 1, 1, 1]
  157.  a-seq=[0, 0, 1, 0, 1, 0, 1, 0, 1, 0, 0, 1, 1, 1]  a-number=5  type-seq=[1, 1, 1, 1, 1, 1, 1, 1, 1, 1, 2, 2, 3, 3, 3, 4, 4, 6, 8, 12, 13]  sum=70  Isog=[2, 2, 2, 2, 2, 1, 1, 1, 1, 1, 1, 1, 1, 1, 1, 1]
  158.  a-seq=[0, 0, 1, 0, 1, 0, 1, 0, 0, 1, 0, 1, 1, 1]  a-number=5  type-seq=[1, 1, 1, 1, 1, 1, 1, 1, 1, 1, 2, 2, 3, 3, 4, 4, 4, 6, 10, 10, 13]  sum=71  Isog=[2, 2, 2, 2, 2, 1, 1, 1, 1, 1, 1, 1, 1, 1, 1, 1]
  159.  a-seq=[0, 0, 1, 0, 1, 0, 0, 1, 1, 0, 0, 1, 1, 1]  a-number=4  type-seq=[1, 1, 1, 1, 1, 1, 2, 2, 2, 2, 2, 2, 3, 3, 3, 4, 4, 6, 8, 9, 13]  sum=71  Isog=[2, 2, 2, 2, 2, 1, 1, 1, 1, 1, 1, 1, 1, 1, 1, 1]
  160.  a-seq=[0, 0, 1, 0, 1, 0, 0, 1, 0, 1, 0, 1, 1, 1]  a-number=5  type-seq=[1, 1, 1, 1, 1, 1, 1, 1, 1, 1, 2, 2, 3, 3, 4, 4, 4, 8, 8, 11, 13]  sum=72  Isog=[2, 2, 2, 2, 2, 1, 1, 1, 1, 1, 1, 1, 1, 1, 1, 1]
  161.  a-seq=[0, 0, 0, 1, 1, 0, 1, 1, 1, 0, 0, 1, 0, 1]  a-number=4  type-seq=[1, 1, 1, 1, 1, 1, 2, 2, 2, 2, 3, 3, 4, 4, 8, 8, 9, 10, 12, 13, 13]  sum=101  Isog=[3, 3, 2, 2, 2, 2, 1, 1, 1, 1, 1, 1, 1]
  162.  a-seq=[0, 0, 0, 1, 1, 1, 0, 0, 1, 0, 0, 1, 1, 1]  a-number=3  type-seq=[1, 1, 1, 2, 2, 2, 2, 2, 2, 3, 3, 3, 4, 4, 4, 4, 5, 6, 7, 13, 13]  sum=84  Isog=[3, 2, 2, 2, 2, 2, 2, 1, 1, 1, 1, 1, 1]
  163.  a-seq=[0, 0, 1, 0, 0, 1, 1, 0, 1, 0, 0, 1, 1, 1]  a-number=4  type-seq=[1, 1, 1, 1, 1, 1, 2, 2, 2, 2, 2, 2, 3, 4, 4, 4, 5, 6, 7, 7, 13]  sum=71  Isog=[2, 2, 2, 2, 2, 1, 1, 1, 1, 1, 1, 1, 1, 1, 1, 1]
  164.  a-seq=[0, 0, 1, 0, 0, 1, 1, 0, 0, 1, 0, 1, 1, 1]  a-number=4  type-seq=[1, 1, 1, 1, 1, 1, 2, 2, 2, 2, 2, 2, 3, 4, 4, 6, 6, 6, 13, 13, 13]  sum=86  Isog=[2, 2, 2, 2, 2, 2, 1, 1, 1, 1, 1, 1, 1, 1, 1]
  165.  a-seq=[0, 0, 1, 0, 0, 1, 0, 1, 1, 0, 0, 1, 1, 1]  a-number=4  type-seq=[1, 1, 1, 1, 1, 1, 2, 2, 2, 2, 2, 2, 3, 4, 4, 5, 6, 7, 13, 13, 13]  sum=86  Isog=[2, 2, 2, 2, 2, 2, 1, 1, 1, 1, 1, 1, 1, 1, 1]
  166.  a-seq=[0, 0, 1, 0, 0, 1, 0, 1, 0, 1, 0, 1, 1, 1]  a-number=5  type-seq=[1, 1, 1, 1, 1, 1, 1, 1, 1, 1, 2, 2, 3, 3, 4, 4, 6, 6, 9, 11, 13]  sum=73  Isog=[2, 2, 2, 2, 2, 1, 1, 1, 1, 1, 1, 1, 1, 1, 1, 1]
  167.  a-seq=[0, 0, 1, 0, 0, 1, 0, 0, 1, 1, 0, 1, 1, 1]  a-number=4  type-seq=[1, 1, 1, 1, 1, 1, 2, 2, 2, 2, 2, 2, 4, 4, 6, 6, 9, 9, 10, 10, 12]  sum=88  Isog=[3, 3, 2, 2, 2, 1, 1, 1, 1, 1, 1, 1, 1, 1]
  168.  a-seq=[0, 0, 0, 1, 1, 0, 1, 0, 1, 1, 1, 0, 0, 1]  a-number=4  type-seq=[1, 1, 1, 1, 1, 1, 2, 2, 2, 2, 3, 3, 4, 6, 6, 8, 8, 12, 12, 13, 13]  sum=102  Isog=[3, 3, 2, 2, 2, 2, 1, 1, 1, 1, 1, 1, 1]
  169.  a-seq=[0, 0, 0, 1, 0, 1, 1, 0, 1, 1, 1, 0, 0, 1]  a-number=4  type-seq=[1, 1, 1, 1, 1, 1, 2, 2, 2, 2, 3, 4, 6, 6, 7, 8, 9, 10, 10, 13, 13]  sum=103  Isog=[3, 3, 3, 2, 2, 1, 1, 1, 1, 1, 1, 1, 1]
  170.  a-seq=[0, 0, 0, 1, 0, 1, 1, 1, 0, 0, 0, 1, 1, 1]  a-number=3  type-seq=[1, 1, 1, 2, 2, 2, 2, 3, 3, 3, 3, 3, 4, 4, 4, 4, 5, 6, 7, 12, 13]  sum=85  Isog=[3, 2, 2, 2, 2, 2, 2, 1, 1, 1, 1, 1, 1]
  171.  a-seq=[0, 0, 0, 1, 1, 0, 1, 1, 0, 0, 0, 1, 1, 1]  a-number=3  type-seq=[1, 1, 1, 2, 2, 2, 2, 2, 2, 3, 3, 3, 4, 4, 4, 4, 5, 6, 7, 13, 13]  sum=84  Isog=[3, 2, 2, 2, 2, 2, 2, 1, 1, 1, 1, 1, 1]
  172.  a-seq=[0, 0, 0, 1, 1, 0, 1, 0, 1, 0, 0, 1, 1, 1]  a-number=4  type-seq=[1, 1, 1, 1, 1, 1, 2, 2, 2, 2, 3, 3, 3, 4, 4, 4, 4, 5, 6, 8, 13]  sum=71  Isog=[2, 2, 2, 2, 2, 1, 1, 1, 1, 1, 1, 1, 1, 1, 1, 1]
  173.  a-seq=[0, 0, 0, 1, 1, 0, 1, 0, 0, 1, 0, 1, 1, 1]  a-number=4  type-seq=[1, 1, 1, 1, 1, 1, 2, 2, 2, 2, 3, 3, 4, 4, 4, 4, 4, 5, 7, 7, 13]  sum=72  Isog=[2, 2, 2, 2, 2, 2, 1, 1, 1, 1, 1, 1, 1, 1, 1]
  174.  a-seq=[0, 0, 0, 1, 1, 0, 0, 1, 1, 0, 0, 1, 1, 1]  a-number=3  type-seq=[1, 1, 1, 2, 2, 2, 2, 2, 2, 2, 2, 2, 3, 3, 3, 3, 4, 5, 8, 9, 13]  sum=72  Isog=[2, 2, 2, 2, 2, 2, 1, 1, 1, 1, 1, 1, 1, 1, 1]
  175.  a-seq=[0, 0, 0, 1, 1, 0, 0, 1, 0, 1, 0, 1, 1, 1]  a-number=4  type-seq=[1, 1, 1, 1, 1, 1, 2, 2, 2, 2, 3, 3, 3, 3, 4, 4, 5, 7, 7, 9, 11]  sum=73  Isog=[2, 2, 2, 2, 2, 2, 1, 1, 1, 1, 1, 1, 1, 1, 1]
  176.  a-seq=[0, 0, 0, 1, 1, 0, 0, 0, 1, 1, 0, 1, 1, 1]  a-number=3  type-seq=[1, 1, 1, 2, 2, 2, 2, 2, 2, 3, 3, 3, 4, 4, 7, 7, 8, 10, 12, 13, 13]  sum=102  Isog=[3, 3, 2, 2, 2, 2, 1, 1, 1, 1, 1, 1, 1]
  177.  a-seq=[0, 0, 0, 1, 0, 1, 1, 0, 1, 0, 0, 1, 1, 1]  a-number=4  type-seq=[1, 1, 1, 1, 1, 1, 2, 2, 2, 2, 3, 3, 4, 4, 4, 4, 4, 5, 7, 7, 13]  sum=72  Isog=[2, 2, 2, 2, 2, 2, 1, 1, 1, 1, 1, 1, 1, 1, 1]
  178.  a-seq=[0, 0, 0, 1, 0, 1, 1, 0, 0, 1, 0, 1, 1, 1]  a-number=4  type-seq=[1, 1, 1, 1, 1, 1, 2, 2, 2, 2, 3, 3, 4, 4, 4, 5, 5, 5, 6, 7, 13]  sum=73  Isog=[2, 2, 2, 2, 2, 2, 1, 1, 1, 1, 1, 1, 1, 1, 1]
  179.  a-seq=[0, 0, 0, 1, 0, 1, 0, 1, 1, 0, 0, 1, 1, 1]  a-number=4  type-seq=[1, 1, 1, 1, 1, 1, 2, 2, 2, 2, 3, 3, 3, 3, 4, 4, 5, 7, 7, 9, 11]  sum=73  Isog=[2, 2, 2, 2, 2, 2, 1, 1, 1, 1, 1, 1, 1, 1, 1]
  180.  a-seq=[0, 0, 0, 1, 0, 1, 0, 1, 0, 1, 0, 1, 1, 1]  a-number=5  type-seq=[1, 1, 1, 1, 1, 1, 1, 1, 1, 1, 2, 3, 3, 3, 3, 4, 5, 5, 6, 7, 9]  sum=60  Isog=[2, 2, 2, 2, 2, 1, 1, 1, 1, 1, 1, 1, 1, 1, 1, 1]
  181.  a-seq=[0, 0, 0, 1, 0, 1, 0, 0, 1, 1, 0, 1, 1, 1]  a-number=4  type-seq=[1, 1, 1, 1, 1, 1, 2, 2, 2, 2, 3, 3, 4, 4, 5, 6, 7, 8, 10, 12, 13]  sum=89  Isog=[3, 2, 2, 2, 2, 2, 1, 1, 1, 1, 1, 1, 1, 1]
  182.  a-seq=[0, 0, 0, 1, 0, 0, 1, 1, 0, 1, 0, 1, 1, 1]  a-number=4  type-seq=[1, 1, 1, 1, 1, 1, 2, 2, 2, 2, 3, 3, 4, 4, 5, 6, 7, 8, 10, 12, 13]  sum=89  Isog=[3, 2, 2, 2, 2, 2, 1, 1, 1, 1, 1, 1, 1, 1]
  183.  a-seq=[0, 0, 0, 1, 0, 0, 1, 0, 1, 1, 0, 1, 1, 1]  a-number=4  type-seq=[1, 1, 1, 1, 1, 1, 2, 2, 2, 2, 3, 4, 4, 4, 6, 7, 7, 8, 10, 10, 13]  sum=90  Isog=[3, 3, 2, 2, 2, 1, 1, 1, 1, 1, 1, 1, 1, 1]
  184.  a-seq=[0, 0, 0, 0, 1, 1, 0, 1, 1, 0, 0, 1, 1, 1]  a-number=3  type-seq=[1, 1, 1, 2, 2, 2, 2, 2, 2, 3, 3, 4, 4, 5, 5, 6, 6, 9, 10, 12, 13]  sum=95  Isog=[3, 2, 2, 2, 2, 2, 2, 2, 1, 1, 1, 1]
  185.  a-seq=[0, 0, 0, 0, 1, 1, 0, 1, 0, 1, 0, 1, 1, 1]  a-number=4  type-seq=[1, 1, 1, 1, 1, 1, 2, 2, 3, 3, 3, 4, 4, 5, 5, 6, 6, 9, 12, 13, 13]  sum=96  Isog=[3, 2, 2, 2, 2, 2, 2, 2, 1, 1, 1, 1]
  186.  a-seq=[0, 0, 0, 0, 1, 1, 0, 0, 1, 1, 0, 1, 1, 1]  a-number=3  type-seq=[1, 1, 1, 2, 2, 2, 2, 2, 2, 3, 3, 4, 5, 5, 6, 6, 8, 8, 9, 12, 13]  sum=97  Isog=[3, 3, 2, 2, 2, 2, 2, 1, 1, 1, 1, 1]
  187.  a-seq=[0, 0, 0, 0, 1, 0, 1, 1, 0, 1, 0, 1, 1, 1]  a-number=4  type-seq=[1, 1, 1, 1, 1, 1, 2, 2, 3, 3, 4, 4, 4, 5, 6, 6, 8, 10, 10, 11, 13]  sum=97  Isog=[3, 3, 2, 2, 2, 2, 2, 1, 1, 1, 1, 1]
  188.  a-seq=[0, 0, 0, 0, 1, 0, 1, 0, 1, 1, 0, 1, 1, 1]  a-number=4  type-seq=[1, 1, 1, 1, 1, 1, 2, 2, 3, 3, 4, 4, 5, 6, 6, 7, 8, 8, 10, 11, 13]  sum=98  Isog=[3, 3, 3, 2, 2, 2, 1, 1, 1, 1, 1, 1]
  189.  a-seq=[0, 0, 0, 0, 0, 1, 1, 0, 1, 1, 0, 1, 1, 1]  a-number=3  type-seq=[1, 1, 1, 2, 2, 2, 3, 4, 4, 5, 5, 6, 6, 7, 8, 10, 10, 12, 12, 13, 13]  sum=127  Isog=[4, 3, 3, 3, 2, 2, 2, 1, 1]
  190.  a-seq=[0, 0, 0, 0, 1, 1, 0, 1, 1, 0, 1, 1, 0, 1]  a-number=4  type-seq=[1, 1, 1, 1, 1, 1, 2, 2, 2, 4, 5, 5, 6, 7, 7, 8, 10, 12, 12, 13, 13]  sum=114  Isog=[3, 3, 3, 2, 2, 2, 1, 1, 1, 1, 1, 1]
  191.  a-seq=[0, 0, 0, 1, 1, 0, 1, 1, 0, 1, 1, 0, 0, 1]  a-number=4  type-seq=[1, 1, 1, 1, 1, 1, 2, 2, 2, 2, 2, 2, 5, 6, 7, 8, 9, 10, 12, 13, 13]  sum=101  Isog=[3, 3, 2, 2, 2, 1, 1, 1, 1, 1, 1, 1, 1, 1]
  192.  a-seq=[0, 0, 0, 1, 0, 0, 1, 1, 0, 1, 1, 0, 1, 1]  a-number=4  type-seq=[1, 1, 1, 1, 1, 1, 2, 2, 2, 2, 2, 2, 4, 4, 6, 6, 9, 9, 10, 10, 12]  sum=88  Isog=[3, 3, 2, 2, 2, 1, 1, 1, 1, 1, 1, 1, 1, 1]
  193.  a-seq=[0, 0, 0, 0, 1, 0, 1, 1, 0, 1, 1, 0, 1, 1]  a-number=4  type-seq=[1, 1, 1, 1, 1, 1, 2, 2, 2, 4, 4, 4, 5, 5, 6, 8, 9, 10, 10, 13, 13]  sum=103  Isog=[3, 3, 3, 2, 2, 2, 1, 1, 1, 1, 1, 1]
  194.  a-seq=[0, 0, 0, 0, 1, 1, 0, 1, 1, 0, 1, 0, 1, 1]  a-number=4  type-seq=[1, 1, 1, 1, 1, 1, 2, 2, 2, 3, 4, 4, 4, 5, 7, 7, 8, 10, 12, 12, 13]  sum=101  Isog=[3, 3, 2, 2, 2, 2, 2, 1, 1, 1, 1, 1]
  195.  a-seq=[0, 0, 0, 1, 1, 0, 1, 1, 0, 1, 0, 1, 0, 1]  a-number=5  type-seq=[1, 1, 1, 1, 1, 1, 1, 1, 1, 1, 2, 2, 4, 5, 6, 7, 8, 9, 10, 12, 13]  sum=88  Isog=[2, 2, 2, 2, 2, 1, 1, 1, 1, 1, 1, 1, 1, 1, 1, 1]
  196.  a-seq=[0, 0, 1, 0, 0, 1, 1, 0, 1, 1, 0, 1, 0, 1]  a-number=5  type-seq=[1, 1, 1, 1, 1, 1, 1, 1, 1, 1, 2, 2, 2, 2, 4, 6, 7, 9, 9, 10, 12]  sum=75  Isog=[2, 2, 2, 2, 1, 1, 1, 1, 1, 1, 1, 1, 1, 1, 1, 1, 1]
  197.  a-seq=[0, 0, 0, 1, 0, 1, 1, 0, 1, 1, 0, 1, 0, 1]  a-number=5  type-seq=[1, 1, 1, 1, 1, 1, 1, 1, 1, 1, 2, 2, 4, 5, 6, 7, 8, 10, 10, 13, 13]  sum=90  Isog=[3, 2, 2, 2, 2, 1, 1, 1, 1, 1, 1, 1, 1, 1, 1]
  198.  a-seq=[0, 0, 0, 1, 1, 0, 1, 1, 0, 1, 0, 0, 1, 1]  a-number=4  type-seq=[1, 1, 1, 1, 1, 1, 2, 2, 2, 2, 2, 2, 3, 4, 4, 4, 8, 10, 12, 13, 13]  sum=89  Isog=[2, 2, 2, 2, 2, 2, 1, 1, 1, 1, 1, 1, 1, 1, 1]
  199.  a-seq=[0, 0, 1, 0, 1, 0, 0, 1, 1, 0, 1, 1, 0, 1]  a-number=5  type-seq=[1, 1, 1, 1, 1, 1, 1, 1, 1, 1, 2, 2, 2, 2, 4, 4, 7, 8, 10, 12, 13]  sum=76  Isog=[2, 2, 2, 2, 1, 1, 1, 1, 1, 1, 1, 1, 1, 1, 1, 1, 1]
  200.  a-seq=[0, 0, 1, 0, 0, 1, 0, 1, 1, 0, 1, 1, 0, 1]  a-number=5  type-seq=[1, 1, 1, 1, 1, 1, 1, 1, 1, 1, 2, 2, 2, 2, 4, 7, 7, 8, 10, 10, 13]  sum=77  Isog=[3, 2, 2, 2, 1, 1, 1, 1, 1, 1, 1, 1, 1, 1, 1, 1]
  201.  a-seq=[0, 0, 0, 1, 1, 0, 0, 1, 1, 0, 1, 1, 0, 1]  a-number=4  type-seq=[1, 1, 1, 1, 1, 1, 2, 2, 2, 2, 2, 2, 3, 4, 5, 6, 6, 8, 9, 12, 13]  sum=84  Isog=[2, 2, 2, 2, 2, 2, 1, 1, 1, 1, 1, 1, 1, 1, 1]
  202.  a-seq=[0, 0, 0, 1, 0, 1, 0, 1, 1, 0, 1, 1, 0, 1]  a-number=5  type-seq=[1, 1, 1, 1, 1, 1, 1, 1, 1, 1, 2, 2, 4, 5, 6, 6, 8, 8, 10, 11, 13]  sum=85  Isog=[3, 2, 2, 2, 2, 1, 1, 1, 1, 1, 1, 1, 1, 1, 1]
  203.  a-seq=[0, 0, 0, 1, 1, 0, 1, 1, 0, 0, 1, 1, 0, 1]  a-number=4  type-seq=[1, 1, 1, 1, 1, 1, 2, 2, 2, 2, 2, 2, 3, 4, 5, 5, 6, 6, 10, 12, 13]  sum=82  Isog=[2, 2, 2, 2, 2, 2, 1, 1, 1, 1, 1, 1, 1, 1, 1]
  204.  a-seq=[0, 0, 1, 0, 0, 1, 1, 0, 1, 1, 0, 0, 1, 1]  a-number=4  type-seq=[1, 1, 1, 1, 1, 1, 2, 2, 2, 2, 2, 2, 2, 2, 2, 3, 5, 6, 9, 10, 12]  sum=69  Isog=[2, 2, 2, 2, 1, 1, 1, 1, 1, 1, 1, 1, 1, 1, 1, 1, 1]
  205.  a-seq=[0, 0, 0, 1, 0, 1, 1, 0, 1, 1, 0, 0, 1, 1]  a-number=4  type-seq=[1, 1, 1, 1, 1, 1, 2, 2, 2, 2, 2, 2, 3, 4, 4, 6, 8, 8, 10, 10, 13]  sum=84  Isog=[2, 2, 2, 2, 2, 2, 1, 1, 1, 1, 1, 1, 1, 1, 1]
  206.  a-seq=[0, 0, 0, 1, 1, 0, 1, 1, 0, 0, 1, 0, 1, 1]  a-number=4  type-seq=[1, 1, 1, 1, 1, 1, 2, 2, 2, 2, 2, 2, 3, 4, 4, 5, 5, 6, 12, 13, 13]  sum=83  Isog=[2, 2, 2, 2, 2, 1, 1, 1, 1, 1, 1, 1, 1, 1, 1, 1]
  207.  a-seq=[0, 0, 1, 0, 1, 0, 1, 0, 0, 1, 1, 0, 1, 1]  a-number=5  type-seq=[1, 1, 1, 1, 1, 1, 1, 1, 1, 1, 2, 2, 2, 2, 3, 3, 5, 6, 10, 12, 13]  sum=70  Isog=[2, 2, 2, 2, 1, 1, 1, 1, 1, 1, 1, 1, 1, 1, 1, 1, 1]
  208.  a-seq=[0, 0, 1, 0, 1, 0, 0, 1, 0, 1, 1, 0, 1, 1]  a-number=5  type-seq=[1, 1, 1, 1, 1, 1, 1, 1, 1, 1, 2, 2, 2, 2, 3, 5, 6, 8, 8, 10, 13]  sum=71  Isog=[2, 2, 2, 2, 1, 1, 1, 1, 1, 1, 1, 1, 1, 1, 1, 1, 1]
  209.  a-seq=[0, 0, 1, 0, 0, 1, 1, 0, 0, 1, 1, 0, 1, 1]  a-number=4  type-seq=[1, 1, 1, 1, 1, 1, 2, 2, 2, 2, 2, 2, 2, 2, 2, 3, 5, 6, 8, 12, 13]  sum=71  Isog=[2, 2, 2, 2, 1, 1, 1, 1, 1, 1, 1, 1, 1, 1, 1, 1, 1]
  210.  a-seq=[0, 0, 1, 0, 0, 1, 0, 1, 0, 1, 1, 0, 1, 1]  a-number=5  type-seq=[1, 1, 1, 1, 1, 1, 1, 1, 1, 1, 2, 2, 2, 2, 3, 5, 6, 8, 8, 11, 13]  sum=72  Isog=[2, 2, 2, 2, 1, 1, 1, 1, 1, 1, 1, 1, 1, 1, 1, 1, 1]
  211.  a-seq=[0, 0, 0, 1, 1, 0, 1, 0, 0, 1, 1, 0, 1, 1]  a-number=4  type-seq=[1, 1, 1, 1, 1, 1, 2, 2, 2, 2, 2, 2, 3, 4, 4, 4, 5, 6, 7, 7, 13]  sum=71  Isog=[2, 2, 2, 2, 2, 1, 1, 1, 1, 1, 1, 1, 1, 1, 1, 1]
  212.  a-seq=[0, 0, 0, 1, 1, 0, 0, 1, 0, 1, 1, 0, 1, 1]  a-number=4  type-seq=[1, 1, 1, 1, 1, 1, 2, 2, 2, 2, 2, 2, 3, 4, 4, 5, 6, 7, 13, 13, 13]  sum=86  Isog=[2, 2, 2, 2, 2, 2, 1, 1, 1, 1, 1, 1, 1, 1, 1]
  213.  a-seq=[0, 0, 0, 1, 0, 1, 1, 0, 0, 1, 1, 0, 1, 1]  a-number=4  type-seq=[1, 1, 1, 1, 1, 1, 2, 2, 2, 2, 2, 2, 3, 4, 4, 6, 6, 6, 13, 13, 13]  sum=86  Isog=[2, 2, 2, 2, 2, 2, 1, 1, 1, 1, 1, 1, 1, 1, 1]
  214.  a-seq=[0, 0, 0, 1, 0, 1, 0, 1, 0, 1, 1, 0, 1, 1]  a-number=5  type-seq=[1, 1, 1, 1, 1, 1, 1, 1, 1, 1, 2, 2, 3, 3, 4, 4, 6, 6, 9, 11, 13]  sum=73  Isog=[2, 2, 2, 2, 2, 1, 1, 1, 1, 1, 1, 1, 1, 1, 1, 1]
  215.  a-seq=[0, 0, 0, 0, 1, 1, 0, 1, 0, 1, 1, 0, 1, 1]  a-number=4  type-seq=[1, 1, 1, 1, 1, 1, 2, 2, 2, 3, 4, 4, 4, 5, 6, 7, 8, 11, 12, 13, 13]  sum=102  Isog=[3, 3, 2, 2, 2, 2, 2, 1, 1, 1, 1, 1]
  216.  a-seq=[0, 0, 0, 1, 1, 0, 1, 0, 1, 1, 0, 1, 0, 1]  a-number=5  type-seq=[1, 1, 1, 1, 1, 1, 1, 1, 1, 1, 2, 2, 4, 4, 6, 7, 8, 8, 12, 13, 13]  sum=89  Isog=[2, 2, 2, 2, 2, 1, 1, 1, 1, 1, 1, 1, 1, 1, 1, 1]
  217.  a-seq=[0, 0, 1, 0, 0, 1, 1, 0, 1, 0, 1, 1, 0, 1]  a-number=5  type-seq=[1, 1, 1, 1, 1, 1, 1, 1, 1, 1, 2, 2, 2, 2, 4, 4, 7, 8, 10, 12, 13]  sum=76  Isog=[2, 2, 2, 2, 1, 1, 1, 1, 1, 1, 1, 1, 1, 1, 1, 1, 1]
  218.  a-seq=[0, 0, 0, 1, 0, 1, 1, 0, 1, 0, 1, 1, 0, 1]  a-number=5  type-seq=[1, 1, 1, 1, 1, 1, 1, 1, 1, 1, 2, 2, 4, 4, 6, 6, 6, 10, 10, 11, 13]  sum=84  Isog=[3, 2, 2, 2, 2, 1, 1, 1, 1, 1, 1, 1, 1, 1, 1]
  219.  a-seq=[0, 0, 0, 1, 1, 0, 1, 0, 1, 1, 0, 0, 1, 1]  a-number=4  type-seq=[1, 1, 1, 1, 1, 1, 2, 2, 2, 2, 2, 2, 3, 3, 3, 4, 4, 8, 8, 12, 13]  sum=76  Isog=[2, 2, 2, 2, 2, 1, 1, 1, 1, 1, 1, 1, 1, 1, 1, 1]
  220.  a-seq=[0, 0, 1, 0, 1, 0, 0, 1, 1, 0, 1, 0, 1, 1]  a-number=5  type-seq=[1, 1, 1, 1, 1, 1, 1, 1, 1, 1, 2, 2, 2, 2, 3, 3, 4, 5, 8, 10, 12]  sum=63  Isog=[2, 2, 2, 1, 1, 1, 1, 1, 1, 1, 1, 1, 1, 1, 1, 1, 1, 1]
  221.  a-seq=[0, 0, 1, 0, 0, 1, 0, 1, 1, 0, 1, 0, 1, 1]  a-number=5  type-seq=[1, 1, 1, 1, 1, 1, 1, 1, 1, 1, 2, 2, 2, 2, 3, 5, 6, 8, 8, 10, 13]  sum=71  Isog=[2, 2, 2, 2, 1, 1, 1, 1, 1, 1, 1, 1, 1, 1, 1, 1, 1]
  222.  a-seq=[0, 0, 0, 1, 1, 0, 0, 1, 1, 0, 1, 0, 1, 1]  a-number=4  type-seq=[1, 1, 1, 1, 1, 1, 2, 2, 2, 2, 2, 2, 3, 3, 3, 4, 4, 6, 8, 9, 13]  sum=71  Isog=[2, 2, 2, 2, 2, 1, 1, 1, 1, 1, 1, 1, 1, 1, 1, 1]
  223.  a-seq=[0, 0, 0, 1, 0, 1, 0, 1, 1, 0, 1, 0, 1, 1]  a-number=5  type-seq=[1, 1, 1, 1, 1, 1, 1, 1, 1, 1, 2, 2, 3, 3, 4, 4, 4, 8, 8, 11, 13]  sum=72  Isog=[2, 2, 2, 2, 2, 1, 1, 1, 1, 1, 1, 1, 1, 1, 1, 1]
  224.  a-seq=[0, 0, 0, 1, 1, 0, 1, 0, 1, 0, 1, 1, 0, 1]  a-number=5  type-seq=[1, 1, 1, 1, 1, 1, 1, 1, 1, 1, 2, 2, 4, 4, 5, 6, 6, 6, 12, 13, 13]  sum=83  Isog=[2, 2, 2, 2, 2, 1, 1, 1, 1, 1, 1, 1, 1, 1, 1, 1]
  225.  a-seq=[0, 0, 1, 0, 0, 1, 1, 0, 1, 0, 1, 0, 1, 1]  a-number=5  type-seq=[1, 1, 1, 1, 1, 1, 1, 1, 1, 1, 2, 2, 2, 2, 3, 3, 5, 6, 10, 12, 13]  sum=70  Isog=[2, 2, 2, 2, 1, 1, 1, 1, 1, 1, 1, 1, 1, 1, 1, 1, 1]
  226.  a-seq=[0, 0, 0, 1, 0, 1, 1, 0, 1, 0, 1, 0, 1, 1]  a-number=5  type-seq=[1, 1, 1, 1, 1, 1, 1, 1, 1, 1, 2, 2, 3, 3, 4, 4, 4, 6, 10, 10, 13]  sum=71  Isog=[2, 2, 2, 2, 2, 1, 1, 1, 1, 1, 1, 1, 1, 1, 1, 1]
  227.  a-seq=[0, 0, 0, 1, 1, 0, 1, 0, 1, 0, 1, 0, 1, 1]  a-number=5  type-seq=[1, 1, 1, 1, 1, 1, 1, 1, 1, 1, 2, 2, 3, 3, 3, 4, 4, 6, 8, 12, 13]  sum=70  Isog=[2, 2, 2, 2, 2, 1, 1, 1, 1, 1, 1, 1, 1, 1, 1, 1]
  228.  a-seq=[0, 0, 1, 1, 0, 1, 0, 1, 0, 1, 0, 1, 0, 1]  a-number=6  type-seq=[1, 1, 1, 1, 1, 1, 1, 1, 1, 1, 1, 1, 1, 1, 1, 2, 4, 6, 8, 10, 12]  sum=57  Isog=[1, 1, 1, 1, 1, 1, 1, 1, 1, 1, 1, 1, 1, 1, 1, 1, 1, 1, 1, 1, 1]
  229.  a-seq=[0, 0, 1, 0, 1, 1, 0, 1, 0, 1, 0, 1, 0, 1]  a-number=6  type-seq=[1, 1, 1, 1, 1, 1, 1, 1, 1, 1, 1, 1, 1, 1, 1, 2, 4, 6, 8, 10, 13]  sum=58  Isog=[2, 1, 1, 1, 1, 1, 1, 1, 1, 1, 1, 1, 1, 1, 1, 1, 1, 1, 1, 1]
  230.  a-seq=[0, 0, 1, 1, 0, 0, 1, 1, 0, 1, 0, 1, 0, 1]  a-number=5  type-seq=[1, 1, 1, 1, 1, 1, 1, 1, 1, 1, 2, 2, 2, 2, 3, 3, 3, 4, 6, 8, 13]  sum=58  Isog=[2, 1, 1, 1, 1, 1, 1, 1, 1, 1, 1, 1, 1, 1, 1, 1, 1, 1, 1, 1]
  231.  a-seq=[0, 0, 1, 0, 1, 0, 1, 1, 0, 1, 0, 1, 0, 1]  a-number=6  type-seq=[1, 1, 1, 1, 1, 1, 1, 1, 1, 1, 1, 1, 1, 1, 1, 2, 4, 6, 8, 11, 13]  sum=59  Isog=[2, 2, 1, 1, 1, 1, 1, 1, 1, 1, 1, 1, 1, 1, 1, 1, 1, 1, 1]
  232.  a-seq=[0, 0, 1, 1, 0, 1, 0, 0, 1, 1, 0, 1, 0, 1]  a-number=5  type-seq=[1, 1, 1, 1, 1, 1, 1, 1, 1, 1, 2, 2, 2, 2, 4, 4, 4, 4, 5, 6, 13]  sum=58  Isog=[2, 1, 1, 1, 1, 1, 1, 1, 1, 1, 1, 1, 1, 1, 1, 1, 1, 1, 1, 1]
  233.  a-seq=[0, 0, 1, 0, 1, 1, 0, 1, 0, 1, 0, 0, 1, 1]  a-number=5  type-seq=[1, 1, 1, 1, 1, 1, 1, 1, 1, 1, 2, 2, 2, 2, 3, 3, 4, 6, 13, 13, 13]  sum=73  Isog=[2, 2, 2, 1, 1, 1, 1, 1, 1, 1, 1, 1, 1, 1, 1, 1, 1, 1]
  234.  a-seq=[0, 0, 1, 0, 1, 1, 0, 0, 1, 1, 0, 1, 0, 1]  a-number=5  type-seq=[1, 1, 1, 1, 1, 1, 1, 1, 1, 1, 2, 2, 2, 2, 3, 3, 4, 6, 13, 13, 13]  sum=73  Isog=[2, 2, 2, 1, 1, 1, 1, 1, 1, 1, 1, 1, 1, 1, 1, 1, 1, 1]
  235.  a-seq=[0, 0, 1, 0, 1, 0, 1, 0, 1, 1, 0, 1, 0, 1]  a-number=6  type-seq=[1, 1, 1, 1, 1, 1, 1, 1, 1, 1, 1, 1, 1, 1, 1, 2, 4, 6, 9, 11, 13]  sum=60  Isog=[2, 2, 1, 1, 1, 1, 1, 1, 1, 1, 1, 1, 1, 1, 1, 1, 1, 1, 1]
  236.  a-seq=[0, 0, 1, 0, 1, 1, 0, 1, 0, 0, 1, 1, 0, 1]  a-number=5  type-seq=[1, 1, 1, 1, 1, 1, 1, 1, 1, 1, 2, 2, 2, 2, 4, 4, 4, 4, 5, 7, 13]  sum=59  Isog=[2, 2, 2, 1, 1, 1, 1, 1, 1, 1, 1, 1, 1, 1, 1, 1, 1, 1]
  237.  a-seq=[0, 0, 1, 1, 0, 0, 1, 1, 0, 0, 1, 1, 0, 1]  a-number=4  type-seq=[1, 1, 1, 1, 1, 1, 2, 2, 2, 2, 2, 2, 2, 2, 2, 3, 3, 3, 4, 9, 13]  sum=59  Isog=[2, 2, 2, 1, 1, 1, 1, 1, 1, 1, 1, 1, 1, 1, 1, 1, 1, 1]
  238.  a-seq=[0, 0, 1, 0, 1, 0, 1, 1, 0, 1, 0, 0, 1, 1]  a-number=5  type-seq=[1, 1, 1, 1, 1, 1, 1, 1, 1, 1, 2, 2, 2, 2, 3, 3, 4, 5, 7, 9, 11]  sum=60  Isog=[2, 2, 2, 1, 1, 1, 1, 1, 1, 1, 1, 1, 1, 1, 1, 1, 1, 1]
  239.  a-seq=[0, 0, 1, 0, 1, 1, 0, 0, 1, 0, 1, 1, 0, 1]  a-number=5  type-seq=[1, 1, 1, 1, 1, 1, 1, 1, 1, 1, 2, 2, 2, 2, 3, 4, 5, 5, 5, 7, 13]  sum=60  Isog=[2, 2, 2, 1, 1, 1, 1, 1, 1, 1, 1, 1, 1, 1, 1, 1, 1, 1]
  240.  a-seq=[0, 0, 1, 0, 1, 0, 1, 1, 0, 0, 1, 1, 0, 1]  a-number=5  type-seq=[1, 1, 1, 1, 1, 1, 1, 1, 1, 1, 2, 2, 2, 2, 3, 3, 4, 5, 7, 9, 11]  sum=60  Isog=[2, 2, 2, 1, 1, 1, 1, 1, 1, 1, 1, 1, 1, 1, 1, 1, 1, 1]
  241.  a-seq=[0, 0, 1, 0, 1, 0, 1, 0, 1, 0, 1, 1, 0, 1]  a-number=6  type-seq=[1, 1, 1, 1, 1, 1, 1, 1, 1, 1, 1, 1, 1, 1, 1, 2, 4, 5, 5, 7, 9]  sum=47  Isog=[2, 1, 1, 1, 1, 1, 1, 1, 1, 1, 1, 1, 1, 1, 1, 1, 1, 1, 1, 1]
  242.  a-seq=[0, 0, 1, 0, 1, 1, 0, 0, 1, 1, 0, 0, 1, 1]  a-number=4  type-seq=[1, 1, 1, 1, 1, 1, 2, 2, 2, 2, 2, 2, 2, 2, 2, 3, 3, 3, 5, 9, 13]  sum=60  Isog=[2, 2, 2, 1, 1, 1, 1, 1, 1, 1, 1, 1, 1, 1, 1, 1, 1, 1]
  243.  a-seq=[0, 0, 1, 0, 1, 0, 1, 0, 1, 1, 0, 0, 1, 1]  a-number=5  type-seq=[1, 1, 1, 1, 1, 1, 1, 1, 1, 1, 2, 2, 2, 2, 3, 3, 3, 3, 3, 5, 9]  sum=47  Isog=[2, 1, 1, 1, 1, 1, 1, 1, 1, 1, 1, 1, 1, 1, 1, 1, 1, 1, 1, 1]
  244.  a-seq=[0, 0, 1, 0, 1, 0, 1, 1, 0, 0, 1, 0, 1, 1]  a-number=5  type-seq=[1, 1, 1, 1, 1, 1, 1, 1, 1, 1, 2, 2, 2, 2, 3, 3, 3, 5, 5, 5, 5]  sum=47  Isog=[2, 1, 1, 1, 1, 1, 1, 1, 1, 1, 1, 1, 1, 1, 1, 1, 1, 1, 1, 1]
  245.  a-seq=[0, 0, 1, 0, 1, 0, 1, 0, 1, 0, 1, 0, 1, 1]  a-number=6  type-seq=[1, 1, 1, 1, 1, 1, 1, 1, 1, 1, 1, 1, 1, 1, 1, 2, 3, 3, 3, 3, 5]  sum=34  Isog=[1, 1, 1, 1, 1, 1, 1, 1, 1, 1, 1, 1, 1, 1, 1, 1, 1, 1, 1, 1, 1]
  246.  a-seq=[0, 1, 0, 1, 0, 1, 0, 1, 0, 1, 0, 1, 0, 1]  a-number=7  type-seq=[1, 1, 1, 1, 1, 1, 1, 1, 1, 1, 1, 1, 1, 1, 1, 1, 1, 1, 1, 1, 1]  sum=21  Isog=[1, 1, 1, 1, 1, 1, 1, 1, 1, 1, 1, 1, 1, 1, 1, 1, 1, 1, 1, 1, 1]

