
==============================================================
  g = 1   (sequences of length 2, sum = 1)
==============================================================

Step 1: 1 canonical exponent sequence(s) up to cyclic rotation

───────────────────────────────────────────────────────
Sequence 1: [0, 1]
Step 2 (Λ²): 1 component(s)

  ── Component 1 (length g) ──
     a-seq    : [1]
     b-seq    : [0]
     Indecomp : []
     dim(M)   = 0
     p-exp(M) = 0
     type-seq : []
     Isog(M)  = []

  ── Combined for sequence 1 ──
     type-seq : []
     Isog     : []


==============================================================
  g = 2   (sequences of length 4, sum = 2)
==============================================================

Step 1: 2 canonical exponent sequence(s) up to cyclic rotation

───────────────────────────────────────────────────────
Sequence 1: [0, 0, 1, 1]
Step 2 (Λ²): 2 component(s)

  ── Component 1 (length 2g) ──
     a-seq    : [0, 1, 2, 1]
     b-seq    : [1, 0, 0, 1]
     Indecomp : [[1, 1]]
     dim(M)   = 1
     p-exp(M) = 1
     type-seq : [2]
     Isog(M)  = [1]

  ── Component 2 (length g) ──
     a-seq    : [1, 1]
     b-seq    : [0, 0]
     Indecomp : []
     dim(M)   = 0
     p-exp(M) = 0
     type-seq : []
     Isog(M)  = []

  ── Combined for sequence 1 ──
     type-seq : [2]
     Isog     : [1]
───────────────────────────────────────────────────────
Sequence 2: [0, 1, 0, 1]
Step 2 (Λ²): 2 component(s)

  ── Component 1 (length 2g) ──
     a-seq    : [1, 1, 1, 1]
     b-seq    : [0, 0, 0, 0]
     Indecomp : []
     dim(M)   = 0
     p-exp(M) = 0
     type-seq : []
     Isog(M)  = []

  ── Component 2 (length g) ──
     a-seq    : [0, 2]
     b-seq    : [1, 0]
     Indecomp : [[1]]
     dim(M)   = 1
     p-exp(M) = 1
     type-seq : [1]
     Isog(M)  = [1]

  ── Combined for sequence 2 ──
     type-seq : [1]
     Isog     : [1]


==============================================================
  g = 3   (sequences of length 6, sum = 3)
==============================================================

Step 1: 4 canonical exponent sequence(s) up to cyclic rotation

───────────────────────────────────────────────────────
Sequence 1: [0, 0, 0, 1, 1, 1]
Step 2 (Λ²): 3 component(s)

  ── Component 1 (length 2g) ──
     a-seq    : [0, 0, 1, 2, 2, 1]
     b-seq    : [2, 1, 0, 0, 1, 2]
     Indecomp : [[1, 2, 2, 1]]
     dim(M)   = 2
     p-exp(M) = 2
     type-seq : [2, 4]
     Isog(M)  = [2]

  ── Component 2 (length 2g) ──
     a-seq    : [0, 1, 1, 2, 1, 1]
     b-seq    : [1, 0, 0, 0, 1, 1]
     Indecomp : [[1, 1, 1]]
     dim(M)   = 1
     p-exp(M) = 1
     type-seq : [3]
     Isog(M)  = [1]

  ── Component 3 (length g) ──
     a-seq    : [1, 1, 1]
     b-seq    : [0, 0, 0]
     Indecomp : []
     dim(M)   = 0
     p-exp(M) = 0
     type-seq : []
     Isog(M)  = []

  ── Combined for sequence 1 ──
     type-seq : [2, 3, 4]
     Isog     : [2, 1]
───────────────────────────────────────────────────────
Sequence 2: [0, 0, 1, 1, 0, 1]
Step 2 (Λ²): 3 component(s)

  ── Component 1 (length 2g) ──
     a-seq    : [0, 1, 2, 1, 1, 1]
     b-seq    : [1, 0, 0, 1, 1, 1]
     Indecomp : [[1, 1, 1, 1]]
     dim(M)   = 1
     p-exp(M) = 1
     type-seq : [4]
     Isog(M)  = [1]

  ── Component 2 (length 2g) ──
     a-seq    : [1, 1, 1, 2, 0, 1]
     b-seq    : [0, 0, 0, 0, 1, 0]
     Indecomp : [[1]]
     dim(M)   = 1
     p-exp(M) = 1
     type-seq : [1]
     Isog(M)  = [1]

  ── Component 3 (length g) ──
     a-seq    : [1, 0, 2]
     b-seq    : [1, 1, 0]
     Indecomp : [[1, 1]]
     dim(M)   = 1
     p-exp(M) = 1
     type-seq : [2]
     Isog(M)  = [1]

  ── Combined for sequence 2 ──
     type-seq : [1, 2, 4]
     Isog     : [1, 1, 1]
───────────────────────────────────────────────────────
Sequence 3: [0, 0, 1, 0, 1, 1]
Step 2 (Λ²): 3 component(s)

  ── Component 1 (length 2g) ──
     a-seq    : [0, 1, 1, 1, 2, 1]
     b-seq    : [1, 0, 0, 0, 0, 1]
     Indecomp : [[1, 1]]
     dim(M)   = 1
     p-exp(M) = 1
     type-seq : [2]
     Isog(M)  = [1]

  ── Component 2 (length 2g) ──
     a-seq    : [1, 0, 2, 1, 1, 1]
     b-seq    : [1, 1, 0, 1, 1, 1]
     Indecomp : [[1, 1, 1, 1, 1]]
     dim(M)   = 1
     p-exp(M) = 1
     type-seq : [5]
     Isog(M)  = [1]

  ── Component 3 (length g) ──
     a-seq    : [0, 1, 2]
     b-seq    : [1, 0, 0]
     Indecomp : [[1]]
     dim(M)   = 1
     p-exp(M) = 1
     type-seq : [1]
     Isog(M)  = [1]

  ── Combined for sequence 3 ──
     type-seq : [1, 2, 5]
     Isog     : [1, 1, 1]
───────────────────────────────────────────────────────
Sequence 4: [0, 1, 0, 1, 0, 1]
Step 2 (Λ²): 3 component(s)

  ── Component 1 (length 2g) ──
     a-seq    : [1, 1, 1, 1, 1, 1]
     b-seq    : [0, 0, 0, 0, 0, 0]
     Indecomp : []
     dim(M)   = 0
     p-exp(M) = 0
     type-seq : []
     Isog(M)  = []

  ── Component 2 (length 2g) ──
     a-seq    : [0, 2, 0, 2, 0, 2]
     b-seq    : [1, 0, 1, 0, 1, 0]
     Indecomp : [[1], [1], [1]]
     dim(M)   = 3
     p-exp(M) = 1
     type-seq : [1, 1, 1]
     Isog(M)  = [1, 1, 1]

  ── Component 3 (length g) ──
     a-seq    : [1, 1, 1]
     b-seq    : [0, 0, 0]
     Indecomp : []
     dim(M)   = 0
     p-exp(M) = 0
     type-seq : []
     Isog(M)  = []

  ── Combined for sequence 4 ──
     type-seq : [1, 1, 1]
     Isog     : [1, 1, 1]


==============================================================
  g = 4   (sequences of length 8, sum = 4)
==============================================================

Step 1: 10 canonical exponent sequence(s) up to cyclic rotation

───────────────────────────────────────────────────────
Sequence 1: [0, 0, 0, 0, 1, 1, 1, 1]
Step 2 (Λ²): 4 component(s)

  ── Component 1 (length 2g) ──
     a-seq    : [0, 0, 0, 1, 2, 2, 2, 1]
     b-seq    : [3, 2, 1, 0, 0, 1, 2, 3]
     Indecomp : [[1, 2, 3, 3, 2, 1]]
     dim(M)   = 3
     p-exp(M) = 3
     type-seq : [2, 4, 6]
     Isog(M)  = [3]

  ── Component 2 (length 2g) ──
     a-seq    : [0, 0, 1, 1, 2, 2, 1, 1]
     b-seq    : [2, 1, 0, 0, 0, 1, 2, 2]
     Indecomp : [[1, 2, 2, 2, 1]]
     dim(M)   = 2
     p-exp(M) = 2
     type-seq : [3, 5]
     Isog(M)  = [2]

  ── Component 3 (length 2g) ──
     a-seq    : [0, 1, 1, 1, 2, 1, 1, 1]
     b-seq    : [1, 0, 0, 0, 0, 1, 1, 1]
     Indecomp : [[1, 1, 1, 1]]
     dim(M)   = 1
     p-exp(M) = 1
     type-seq : [4]
     Isog(M)  = [1]

  ── Component 4 (length g) ──
     a-seq    : [1, 1, 1, 1]
     b-seq    : [0, 0, 0, 0]
     Indecomp : []
     dim(M)   = 0
     p-exp(M) = 0
     type-seq : []
     Isog(M)  = []

  ── Combined for sequence 1 ──
     type-seq : [2, 3, 4, 4, 5, 6]
     Isog     : [3, 2, 1]
───────────────────────────────────────────────────────
Sequence 2: [0, 0, 0, 1, 1, 1, 0, 1]
Step 2 (Λ²): 4 component(s)

  ── Component 1 (length 2g) ──
     a-seq    : [0, 0, 1, 2, 2, 1, 1, 1]
     b-seq    : [2, 1, 0, 0, 1, 2, 2, 2]
     Indecomp : [[1, 2, 2, 2, 2, 1]]
     dim(M)   = 2
     p-exp(M) = 2
     type-seq : [4, 6]
     Isog(M)  = [2]

  ── Component 2 (length 2g) ──
     a-seq    : [0, 1, 1, 2, 1, 2, 0, 1]
     b-seq    : [1, 0, 0, 0, 1, 1, 2, 1]
     Indecomp : [[1, 1, 2, 1, 1]]
     dim(M)   = 2
     p-exp(M) = 2
     type-seq : [1, 5]
     Isog(M)  = [2]

  ── Component 3 (length 2g) ──
     a-seq    : [1, 1, 1, 1, 2, 1, 0, 1]
     b-seq    : [0, 0, 0, 0, 0, 1, 1, 0]
     Indecomp : [[1, 1]]
     dim(M)   = 1
     p-exp(M) = 1
     type-seq : [2]
     Isog(M)  = [1]

  ── Component 4 (length g) ──
     a-seq    : [1, 1, 0, 2]
     b-seq    : [1, 1, 1, 0]
     Indecomp : [[1, 1, 1]]
     dim(M)   = 1
     p-exp(M) = 1
     type-seq : [3]
     Isog(M)  = [1]

  ── Combined for sequence 2 ──
     type-seq : [1, 2, 3, 4, 5, 6]
     Isog     : [2, 2, 1, 1]
───────────────────────────────────────────────────────
Sequence 3: [0, 0, 1, 0, 0, 1, 1, 1]
Step 2 (Λ²): 4 component(s)

  ── Component 1 (length 2g) ──
     a-seq    : [0, 1, 1, 0, 1, 2, 2, 1]
     b-seq    : [2, 1, 1, 1, 0, 0, 1, 2]
     Indecomp : [[1, 2, 2, 1, 1, 1]]
     dim(M)   = 2
     p-exp(M) = 2
     type-seq : [2, 6]
     Isog(M)  = [2]

  ── Component 2 (length 2g) ──
     a-seq    : [1, 0, 1, 1, 1, 2, 1, 1]
     b-seq    : [1, 1, 0, 0, 0, 0, 1, 1]
     Indecomp : [[1, 1, 1, 1]]
     dim(M)   = 1
     p-exp(M) = 1
     type-seq : [4]
     Isog(M)  = [1]

  ── Component 3 (length 2g) ──
     a-seq    : [0, 0, 2, 1, 1, 1, 1, 2]
     b-seq    : [2, 1, 0, 1, 1, 1, 1, 1]
     Indecomp : [[1, 1, 1, 1, 1, 2, 1]]
     dim(M)   = 2
     p-exp(M) = 2
     type-seq : [1, 7]
     Isog(M)  = [2]

  ── Component 4 (length g) ──
     a-seq    : [0, 1, 2, 1]
     b-seq    : [1, 0, 0, 1]
     Indecomp : [[1, 1]]
     dim(M)   = 1
     p-exp(M) = 1
     type-seq : [2]
     Isog(M)  = [1]

  ── Combined for sequence 3 ──
     type-seq : [1, 2, 2, 4, 6, 7]
     Isog     : [2, 2, 1, 1]
───────────────────────────────────────────────────────
Sequence 4: [0, 0, 0, 1, 0, 1, 1, 1]
Step 2 (Λ²): 4 component(s)

  ── Component 1 (length 2g) ──
     a-seq    : [0, 0, 1, 1, 1, 2, 2, 1]
     b-seq    : [2, 1, 0, 0, 0, 0, 1, 2]
     Indecomp : [[1, 2, 2, 1]]
     dim(M)   = 2
     p-exp(M) = 2
     type-seq : [2, 4]
     Isog(M)  = [2]

  ── Component 2 (length 2g) ──
     a-seq    : [0, 1, 0, 2, 1, 2, 1, 1]
     b-seq    : [2, 1, 1, 0, 1, 1, 2, 2]
     Indecomp : [[1, 1, 2, 2, 2, 1, 1]]
     dim(M)   = 2
     p-exp(M) = 2
     type-seq : [3, 7]
     Isog(M)  = [2]

  ── Component 3 (length 2g) ──
     a-seq    : [1, 0, 1, 2, 1, 1, 1, 1]
     b-seq    : [1, 1, 0, 0, 1, 1, 1, 1]
     Indecomp : [[1, 1, 1, 1, 1, 1]]
     dim(M)   = 1
     p-exp(M) = 1
     type-seq : [6]
     Isog(M)  = [1]

  ── Component 4 (length g) ──
     a-seq    : [0, 1, 1, 2]
     b-seq    : [1, 0, 0, 0]
     Indecomp : [[1]]
     dim(M)   = 1
     p-exp(M) = 1
     type-seq : [1]
     Isog(M)  = [1]

  ── Combined for sequence 4 ──
     type-seq : [1, 2, 3, 4, 6, 7]
     Isog     : [2, 2, 1, 1]
───────────────────────────────────────────────────────
Sequence 5: [0, 0, 0, 1, 1, 0, 1, 1]
Step 2 (Λ²): 4 component(s)

  ── Component 1 (length 2g) ──
     a-seq    : [0, 0, 1, 2, 1, 1, 2, 1]
     b-seq    : [2, 1, 0, 0, 1, 1, 1, 2]
     Indecomp : [[1, 1, 1, 2, 2, 1]]
     dim(M)   = 2
     p-exp(M) = 2
     type-seq : [2, 6]
     Isog(M)  = [2]

  ── Component 2 (length 2g) ──
     a-seq    : [0, 1, 1, 1, 2, 1, 1, 1]
     b-seq    : [1, 0, 0, 0, 0, 1, 1, 1]
     Indecomp : [[1, 1, 1, 1]]
     dim(M)   = 1
     p-exp(M) = 1
     type-seq : [4]
     Isog(M)  = [1]

  ── Component 3 (length 2g) ──
     a-seq    : [1, 1, 0, 2, 2, 0, 1, 1]
     b-seq    : [1, 1, 1, 0, 1, 2, 1, 1]
     Indecomp : [[1, 2, 1, 1, 1, 1, 1]]
     dim(M)   = 2
     p-exp(M) = 2
     type-seq : [1, 7]
     Isog(M)  = [2]

  ── Component 4 (length g) ──
     a-seq    : [1, 0, 1, 2]
     b-seq    : [1, 1, 0, 0]
     Indecomp : [[1, 1]]
     dim(M)   = 1
     p-exp(M) = 1
     type-seq : [2]
     Isog(M)  = [1]

  ── Combined for sequence 5 ──
     type-seq : [1, 2, 2, 4, 6, 7]
     Isog     : [2, 2, 1, 1]
───────────────────────────────────────────────────────
Sequence 6: [0, 0, 1, 1, 0, 1, 0, 1]
Step 2 (Λ²): 4 component(s)

  ── Component 1 (length 2g) ──
     a-seq    : [0, 1, 2, 1, 1, 1, 1, 1]
     b-seq    : [1, 0, 0, 1, 1, 1, 1, 1]
     Indecomp : [[1, 1, 1, 1, 1, 1]]
     dim(M)   = 1
     p-exp(M) = 1
     type-seq : [6]
     Isog(M)  = [1]

  ── Component 2 (length 2g) ──
     a-seq    : [1, 1, 1, 2, 0, 2, 0, 1]
     b-seq    : [0, 0, 0, 0, 1, 0, 1, 0]
     Indecomp : [[1], [1]]
     dim(M)   = 2
     p-exp(M) = 1
     type-seq : [1, 1]
     Isog(M)  = [1, 1]

  ── Component 3 (length 2g) ──
     a-seq    : [1, 0, 2, 1, 1, 1, 0, 2]
     b-seq    : [1, 1, 0, 1, 1, 1, 1, 0]
     Indecomp : [[1, 1, 1, 1], [1, 1]]
     dim(M)   = 2
     p-exp(M) = 1
     type-seq : [2, 4]
     Isog(M)  = [1, 1]

  ── Component 4 (length g) ──
     a-seq    : [0, 1, 1, 2]
     b-seq    : [1, 0, 0, 0]
     Indecomp : [[1]]
     dim(M)   = 1
     p-exp(M) = 1
     type-seq : [1]
     Isog(M)  = [1]

  ── Combined for sequence 6 ──
     type-seq : [1, 1, 1, 2, 4, 6]
     Isog     : [1, 1, 1, 1, 1, 1]
───────────────────────────────────────────────────────
Sequence 7: [0, 0, 1, 0, 1, 1, 0, 1]
Step 2 (Λ²): 4 component(s)

  ── Component 1 (length 2g) ──
     a-seq    : [0, 1, 1, 1, 2, 1, 1, 1]
     b-seq    : [1, 0, 0, 0, 0, 1, 1, 1]
     Indecomp : [[1, 1, 1, 1]]
     dim(M)   = 1
     p-exp(M) = 1
     type-seq : [4]
     Isog(M)  = [1]

  ── Component 2 (length 2g) ──
     a-seq    : [1, 0, 2, 1, 1, 2, 0, 1]
     b-seq    : [1, 1, 0, 1, 1, 1, 2, 1]
     Indecomp : [[1, 1, 1, 2, 1, 1, 1]]
     dim(M)   = 2
     p-exp(M) = 2
     type-seq : [1, 7]
     Isog(M)  = [2]

  ── Component 3 (length 2g) ──
     a-seq    : [0, 1, 2, 0, 2, 1, 0, 2]
     b-seq    : [1, 0, 0, 1, 0, 1, 1, 0]
     Indecomp : [[1], [1, 1], [1]]
     dim(M)   = 3
     p-exp(M) = 1
     type-seq : [1, 1, 2]
     Isog(M)  = [1, 1, 1]

  ── Component 4 (length g) ──
     a-seq    : [1, 1, 1, 1]
     b-seq    : [0, 0, 0, 0]
     Indecomp : []
     dim(M)   = 0
     p-exp(M) = 0
     type-seq : []
     Isog(M)  = []

  ── Combined for sequence 7 ──
     type-seq : [1, 1, 1, 2, 4, 7]
     Isog     : [2, 1, 1, 1, 1]
───────────────────────────────────────────────────────
Sequence 8: [0, 0, 1, 1, 0, 0, 1, 1]
Step 2 (Λ²): 4 component(s)

  ── Component 1 (length 2g) ──
     a-seq    : [0, 1, 2, 1, 0, 1, 2, 1]
     b-seq    : [1, 0, 0, 1, 1, 0, 0, 1]
     Indecomp : [[1, 1], [1, 1]]
     dim(M)   = 2
     p-exp(M) = 1
     type-seq : [2, 2]
     Isog(M)  = [1, 1]

  ── Component 2 (length 2g) ──
     a-seq    : [1, 1, 1, 1, 1, 1, 1, 1]
     b-seq    : [0, 0, 0, 0, 0, 0, 0, 0]
     Indecomp : []
     dim(M)   = 0
     p-exp(M) = 0
     type-seq : []
     Isog(M)  = []

  ── Component 3 (length 2g) ──
     a-seq    : [1, 0, 1, 2, 1, 0, 1, 2]
     b-seq    : [1, 1, 0, 0, 1, 1, 0, 0]
     Indecomp : [[1, 1], [1, 1]]
     dim(M)   = 2
     p-exp(M) = 1
     type-seq : [2, 2]
     Isog(M)  = [1, 1]

  ── Component 4 (length g) ──
     a-seq    : [0, 0, 2, 2]
     b-seq    : [2, 1, 0, 1]
     Indecomp : [[1, 2, 1]]
     dim(M)   = 2
     p-exp(M) = 2
     type-seq : [1, 3]
     Isog(M)  = [2]

  ── Combined for sequence 8 ──
     type-seq : [1, 2, 2, 2, 2, 3]
     Isog     : [2, 1, 1, 1, 1]
───────────────────────────────────────────────────────
Sequence 9: [0, 0, 1, 0, 1, 0, 1, 1]
Step 2 (Λ²): 4 component(s)

  ── Component 1 (length 2g) ──
     a-seq    : [0, 1, 1, 1, 1, 1, 2, 1]
     b-seq    : [1, 0, 0, 0, 0, 0, 0, 1]
     Indecomp : [[1, 1]]
     dim(M)   = 1
     p-exp(M) = 1
     type-seq : [2]
     Isog(M)  = [1]

  ── Component 2 (length 2g) ──
     a-seq    : [1, 0, 2, 0, 2, 1, 1, 1]
     b-seq    : [1, 1, 0, 1, 0, 1, 1, 1]
     Indecomp : [[1], [1, 1, 1, 1, 1]]
     dim(M)   = 2
     p-exp(M) = 1
     type-seq : [1, 5]
     Isog(M)  = [1, 1]

  ── Component 3 (length 2g) ──
     a-seq    : [0, 1, 1, 1, 2, 0, 1, 2]
     b-seq    : [1, 0, 0, 0, 0, 1, 0, 0]
     Indecomp : [[1], [1]]
     dim(M)   = 2
     p-exp(M) = 1
     type-seq : [1, 1]
     Isog(M)  = [1, 1]

  ── Component 4 (length g) ──
     a-seq    : [1, 0, 2, 1]
     b-seq    : [1, 1, 0, 1]
     Indecomp : [[1, 1, 1]]
     dim(M)   = 1
     p-exp(M) = 1
     type-seq : [3]
     Isog(M)  = [1]

  ── Combined for sequence 9 ──
     type-seq : [1, 1, 1, 2, 3, 5]
     Isog     : [1, 1, 1, 1, 1, 1]
───────────────────────────────────────────────────────
Sequence 10: [0, 1, 0, 1, 0, 1, 0, 1]
Step 2 (Λ²): 4 component(s)

  ── Component 1 (length 2g) ──
     a-seq    : [1, 1, 1, 1, 1, 1, 1, 1]
     b-seq    : [0, 0, 0, 0, 0, 0, 0, 0]
     Indecomp : []
     dim(M)   = 0
     p-exp(M) = 0
     type-seq : []
     Isog(M)  = []

  ── Component 2 (length 2g) ──
     a-seq    : [0, 2, 0, 2, 0, 2, 0, 2]
     b-seq    : [1, 0, 1, 0, 1, 0, 1, 0]
     Indecomp : [[1], [1], [1], [1]]
     dim(M)   = 4
     p-exp(M) = 1
     type-seq : [1, 1, 1, 1]
     Isog(M)  = [1, 1, 1, 1]

  ── Component 3 (length 2g) ──
     a-seq    : [1, 1, 1, 1, 1, 1, 1, 1]
     b-seq    : [0, 0, 0, 0, 0, 0, 0, 0]
     Indecomp : []
     dim(M)   = 0
     p-exp(M) = 0
     type-seq : []
     Isog(M)  = []

  ── Component 4 (length g) ──
     a-seq    : [0, 2, 0, 2]
     b-seq    : [1, 0, 1, 0]
     Indecomp : [[1], [1]]
     dim(M)   = 2
     p-exp(M) = 1
     type-seq : [1, 1]
     Isog(M)  = [1, 1]

  ── Combined for sequence 10 ──
     type-seq : [1, 1, 1, 1, 1, 1]
     Isog     : [1, 1, 1, 1, 1, 1]

